{"/Users/jime0083/clock-app/src/components/home/AlarmCard.tsx": {"path":"/Users/jime0083/clock-app/src/components/home/AlarmCard.tsx","statementMap":{"0":{"start":{"line":1,"column":0},"end":{"line":1,"column":null}},"1":{"start":{"line":2,"column":0},"end":{"line":2,"column":null}},"2":{"start":{"line":3,"column":0},"end":{"line":3,"column":null}},"3":{"start":{"line":9,"column":0},"end":{"line":9,"column":null}},"4":{"start":{"line":10,"column":0},"end":{"line":10,"column":44}},"5":{"start":{"line":10,"column":44},"end":{"line":10,"column":null}},"6":{"start":{"line":17,"column":51},"end":{"line":46,"column":1}},"7":{"start":{"line":17,"column":63},"end":{"line":17,"column":62}},"8":{"start":{"line":17,"column":78},"end":{"line":17,"column":77}},"9":{"start":{"line":18,"column":16},"end":{"line":18,"column":32}},"10":{"start":{"line":18,"column":11},"end":{"line":18,"column":10}},"11":{"start":{"line":19,"column":22},"end":{"line":19,"column":39}},"12":{"start":{"line":21,"column":30},"end":{"line":23,"column":5}},"13":{"start":{"line":21,"column":47},"end":{"line":21,"column":54}},"14":{"start":{"line":22,"column":36},"end":{"line":22,"column":35}},"15":{"start":{"line":22,"column":36},"end":{"line":22,"column":37}},"16":{"start":{"line":21,"column":47},"end":{"line":23,"column":4}},"17":{"start":{"line":23,"column":4},"end":{"line":22,"column":37}},"18":{"start":{"line":25,"column":24},"end":{"line":27,"column":3}},"19":{"start":{"line":26,"column":4},"end":{"line":26,"column":null}},"20":{"start":{"line":29,"column":25},"end":{"line":31,"column":3}},"21":{"start":{"line":30,"column":4},"end":{"line":30,"column":null}},"22":{"start":{"line":33,"column":22},"end":{"line":33,"column":42}},"23":{"start":{"line":35,"column":2},"end":{"line":44,"column":null}},"24":{"start":{"line":17,"column":13},"end":{"line":17,"column":51}},"25":{"start":{"line":48,"column":15},"end":{"line":88,"column":2}}},"fnMap":{"0":{"name":"AlarmCard","decl":{"start":{"line":17,"column":13},"end":{"line":17,"column":22}},"loc":{"start":{"line":17,"column":84},"end":{"line":46,"column":1}}},"1":{"name":"AlarmCardTsx1Factory","decl":{"start":{"line":21,"column":47},"end":{"line":21,"column":54}},"loc":{"start":{"line":21,"column":47},"end":{"line":22,"column":37}}},"2":{"name":"handlePressIn","decl":{"start":{"line":25,"column":8},"end":{"line":25,"column":21}},"loc":{"start":{"line":25,"column":29},"end":{"line":27,"column":3}}},"3":{"name":"handlePressOut","decl":{"start":{"line":29,"column":8},"end":{"line":29,"column":22}},"loc":{"start":{"line":29,"column":30},"end":{"line":31,"column":3}}}},"branchMap":{"0":{"loc":{"start":{"line":33,"column":22},"end":{"line":33,"column":42}},"type":"binary-expr","locations":[{"start":{"line":33,"column":22},"end":{"line":33,"column":31}},{"start":{"line":33,"column":35},"end":{"line":33,"column":42}}]}},"s":{"0":0,"1":0,"2":0,"3":0,"4":0,"5":0,"6":0,"7":0,"8":0,"9":0,"10":0,"11":0,"12":0,"13":0,"14":0,"15":0,"16":0,"17":0,"18":0,"19":0,"20":0,"21":0,"22":0,"23":0,"24":0,"25":0},"f":{"0":0,"1":0,"2":0,"3":0},"b":{"0":[0,0]}}
,"/Users/jime0083/clock-app/src/components/home/SNSConnectionCard.tsx": {"path":"/Users/jime0083/clock-app/src/components/home/SNSConnectionCard.tsx","statementMap":{"0":{"start":{"line":1,"column":0},"end":{"line":1,"column":null}},"1":{"start":{"line":2,"column":0},"end":{"line":2,"column":null}},"2":{"start":{"line":3,"column":0},"end":{"line":3,"column":null}},"3":{"start":{"line":4,"column":0},"end":{"line":4,"column":null}},"4":{"start":{"line":5,"column":0},"end":{"line":5,"column":null}},"5":{"start":{"line":12,"column":67},"end":{"line":28,"column":1}},"6":{"start":{"line":12,"column":81},"end":{"line":12,"column":80}},"7":{"start":{"line":12,"column":91},"end":{"line":12,"column":90}},"8":{"start":{"line":13,"column":16},"end":{"line":13,"column":32}},"9":{"start":{"line":13,"column":11},"end":{"line":13,"column":10}},"10":{"start":{"line":15,"column":2},"end":{"line":26,"column":null}},"11":{"start":{"line":12,"column":13},"end":{"line":12,"column":67}},"12":{"start":{"line":30,"column":15},"end":{"line":62,"column":2}}},"fnMap":{"0":{"name":"SNSConnectionCard","decl":{"start":{"line":12,"column":13},"end":{"line":12,"column":30}},"loc":{"start":{"line":12,"column":97},"end":{"line":28,"column":1}}}},"branchMap":{"0":{"loc":{"start":{"line":20,"column":50},"end":{"line":20,"column":81}},"type":"cond-expr","locations":[{"start":{"line":20,"column":61},"end":{"line":20,"column":76}},{"start":{"line":20,"column":79},"end":{"line":20,"column":81}}]},"1":{"loc":{"start":{"line":22,"column":37},"end":{"line":22,"column":74}},"type":"binary-expr","locations":[{"start":{"line":22,"column":37},"end":{"line":22,"column":48}},{"start":{"line":22,"column":52},"end":{"line":22,"column":74}}]},"2":{"loc":{"start":{"line":23,"column":11},"end":{"line":23,"column":65}},"type":"cond-expr","locations":[{"start":{"line":23,"column":25},"end":{"line":23,"column":43}},{"start":{"line":23,"column":46},"end":{"line":23,"column":65}}]}},"s":{"0":0,"1":0,"2":0,"3":0,"4":0,"5":0,"6":0,"7":0,"8":0,"9":0,"10":0,"11":0,"12":0},"f":{"0":0},"b":{"0":[0,0],"1":[0,0],"2":[0,0]}}
,"/Users/jime0083/clock-app/src/components/home/StatCard.tsx": {"path":"/Users/jime0083/clock-app/src/components/home/StatCard.tsx","statementMap":{"0":{"start":{"line":1,"column":0},"end":{"line":1,"column":null}},"1":{"start":{"line":2,"column":0},"end":{"line":2,"column":null}},"2":{"start":{"line":3,"column":0},"end":{"line":3,"column":null}},"3":{"start":{"line":4,"column":0},"end":{"line":4,"column":null}},"4":{"start":{"line":13,"column":49},"end":{"line":28,"column":1}},"5":{"start":{"line":13,"column":57},"end":{"line":13,"column":56}},"6":{"start":{"line":13,"column":64},"end":{"line":13,"column":63}},"7":{"start":{"line":13,"column":70},"end":{"line":13,"column":69}},"8":{"start":{"line":13,"column":77},"end":{"line":13,"column":76}},"9":{"start":{"line":14,"column":2},"end":{"line":26,"column":null}},"10":{"start":{"line":13,"column":13},"end":{"line":13,"column":49}},"11":{"start":{"line":30,"column":15},"end":{"line":69,"column":2}}},"fnMap":{"0":{"name":"StatCard","decl":{"start":{"line":13,"column":13},"end":{"line":13,"column":21}},"loc":{"start":{"line":13,"column":83},"end":{"line":28,"column":1}}}},"branchMap":{},"s":{"0":0,"1":0,"2":0,"3":0,"4":0,"5":0,"6":0,"7":0,"8":0,"9":0,"10":0,"11":0},"f":{"0":0},"b":{}}
,"/Users/jime0083/clock-app/src/components/menu/MenuDrawer.tsx": {"path":"/Users/jime0083/clock-app/src/components/menu/MenuDrawer.tsx","statementMap":{"0":{"start":{"line":1,"column":0},"end":{"line":1,"column":null}},"1":{"start":{"line":2,"column":0},"end":{"line":2,"column":null}},"2":{"start":{"line":3,"column":0},"end":{"line":3,"column":null}},"3":{"start":{"line":4,"column":0},"end":{"line":4,"column":null}},"4":{"start":{"line":5,"column":0},"end":{"line":5,"column":null}},"5":{"start":{"line":6,"column":0},"end":{"line":6,"column":null}},"6":{"start":{"line":7,"column":0},"end":{"line":7,"column":null}},"7":{"start":{"line":26,"column":31},"end":{"line":69,"column":null}},"8":{"start":{"line":80,"column":53},"end":{"line":180,"column":1}},"9":{"start":{"line":81,"column":9},"end":{"line":81,"column":8}},"10":{"start":{"line":82,"column":9},"end":{"line":82,"column":8}},"11":{"start":{"line":83,"column":17},"end":{"line":83,"column":16}},"12":{"start":{"line":84,"column":11},"end":{"line":84,"column":10}},"13":{"start":{"line":85,"column":10},"end":{"line":85,"column":9}},"14":{"start":{"line":87,"column":16},"end":{"line":87,"column":32}},"15":{"start":{"line":87,"column":11},"end":{"line":87,"column":10}},"16":{"start":{"line":88,"column":17},"end":{"line":88,"column":36}},"17":{"start":{"line":90,"column":24},"end":{"line":90,"column":78}},"18":{"start":{"line":90,"column":46},"end":{"line":90,"column":78}},"19":{"start":{"line":91,"column":23},"end":{"line":91,"column":76}},"20":{"start":{"line":91,"column":45},"end":{"line":91,"column":76}},"21":{"start":{"line":93,"column":25},"end":{"line":109,"column":null}},"22":{"start":{"line":93,"column":55},"end":{"line":109,"column":null}},"23":{"start":{"line":96,"column":15},"end":{"line":96,"column":48}},"24":{"start":{"line":97,"column":25},"end":{"line":97,"column":24}},"25":{"start":{"line":97,"column":25},"end":{"line":97,"column":85}},"26":{"start":{"line":112,"column":2},"end":{"line":112,"column":null}},"27":{"start":{"line":112,"column":16},"end":{"line":112,"column":null}},"28":{"start":{"line":114,"column":2},"end":{"line":178,"column":null}},"29":{"start":{"line":165,"column":45},"end":{"line":165,"column":78}},"30":{"start":{"line":171,"column":44},"end":{"line":172,"column":null}},"31":{"start":{"line":80,"column":13},"end":{"line":80,"column":53}},"32":{"start":{"line":182,"column":15},"end":{"line":297,"column":2}}},"fnMap":{"0":{"name":"MenuDrawer","decl":{"start":{"line":80,"column":13},"end":{"line":80,"column":23}},"loc":{"start":{"line":86,"column":5},"end":{"line":180,"column":1}}},"1":{"name":"(anonymous_11)","decl":{"start":{"line":90,"column":42},"end":{"line":90,"column":46}},"loc":{"start":{"line":90,"column":46},"end":{"line":90,"column":78}}},"2":{"name":"(anonymous_12)","decl":{"start":{"line":91,"column":41},"end":{"line":91,"column":45}},"loc":{"start":{"line":91,"column":45},"end":{"line":91,"column":76}}},"3":{"name":"renderMenuItem","decl":{"start":{"line":93,"column":8},"end":{"line":93,"column":22}},"loc":{"start":{"line":93,"column":55},"end":{"line":109,"column":null}}},"4":{"name":"onPress","decl":{"start":{"line":96,"column":8},"end":{"line":96,"column":15}},"loc":{"start":{"line":96,"column":15},"end":{"line":96,"column":48}}},"5":{"name":"style","decl":{"start":{"line":97,"column":8},"end":{"line":97,"column":13}},"loc":{"start":{"line":97,"column":13},"end":{"line":97,"column":85}}},"6":{"name":"(anonymous_16)","decl":{"start":{"line":165,"column":33},"end":{"line":165,"column":34}},"loc":{"start":{"line":165,"column":45},"end":{"line":165,"column":78}}},"7":{"name":"(anonymous_17)","decl":{"start":{"line":171,"column":32},"end":{"line":171,"column":33}},"loc":{"start":{"line":171,"column":44},"end":{"line":172,"column":null}}}},"branchMap":{"0":{"loc":{"start":{"line":97,"column":50},"end":{"line":97,"column":83}},"type":"binary-expr","locations":[{"start":{"line":97,"column":50},"end":{"line":97,"column":57}},{"start":{"line":97,"column":61},"end":{"line":97,"column":83}}]},"1":{"loc":{"start":{"line":102,"column":17},"end":{"line":102,"column":65}},"type":"cond-expr","locations":[{"start":{"line":102,"column":31},"end":{"line":102,"column":43}},{"start":{"line":102,"column":46},"end":{"line":102,"column":65}}]},"2":{"loc":{"start":{"line":104,"column":43},"end":{"line":104,"column":83}},"type":"binary-expr","locations":[{"start":{"line":104,"column":43},"end":{"line":104,"column":54}},{"start":{"line":104,"column":58},"end":{"line":104,"column":83}}]},"3":{"loc":{"start":{"line":112,"column":2},"end":{"line":112,"column":null}},"type":"if","locations":[{"start":{"line":112,"column":2},"end":{"line":112,"column":null}},{"start":{},"end":{}}]},"4":{"loc":{"start":{"line":145,"column":11},"end":{"line":154,"column":null}},"type":"binary-expr","locations":[{"start":{"line":145,"column":12},"end":{"line":145,"column":20}},{"start":{"line":145,"column":24},"end":{"line":145,"column":33}},{"start":{"line":146,"column":12},"end":{"line":154,"column":null}}]},"5":{"loc":{"start":{"line":151,"column":17},"end":{"line":151,"column":76}},"type":"binary-expr","locations":[{"start":{"line":151,"column":17},"end":{"line":151,"column":25}},{"start":{"line":151,"column":29},"end":{"line":151,"column":76}}]},"6":{"loc":{"start":{"line":152,"column":17},"end":{"line":152,"column":79}},"type":"binary-expr","locations":[{"start":{"line":152,"column":17},"end":{"line":152,"column":26}},{"start":{"line":152,"column":30},"end":{"line":152,"column":79}}]}},"s":{"0":0,"1":0,"2":0,"3":0,"4":0,"5":0,"6":0,"7":0,"8":0,"9":0,"10":0,"11":0,"12":0,"13":0,"14":0,"15":0,"16":0,"17":0,"18":0,"19":0,"20":0,"21":0,"22":0,"23":0,"24":0,"25":0,"26":0,"27":0,"28":0,"29":0,"30":0,"31":0,"32":0},"f":{"0":0,"1":0,"2":0,"3":0,"4":0,"5":0,"6":0,"7":0},"b":{"0":[0,0],"1":[0,0],"2":[0,0],"3":[0,0],"4":[0,0,0],"5":[0,0],"6":[0,0]}}
,"/Users/jime0083/clock-app/src/components/modals/DeleteAccountModal.tsx": {"path":"/Users/jime0083/clock-app/src/components/modals/DeleteAccountModal.tsx","statementMap":{"0":{"start":{"line":1,"column":0},"end":{"line":1,"column":null}},"1":{"start":{"line":2,"column":0},"end":{"line":2,"column":null}},"2":{"start":{"line":11,"column":0},"end":{"line":11,"column":null}},"3":{"start":{"line":12,"column":0},"end":{"line":12,"column":null}},"4":{"start":{"line":13,"column":0},"end":{"line":13,"column":null}},"5":{"start":{"line":14,"column":0},"end":{"line":14,"column":null}},"6":{"start":{"line":22,"column":69},"end":{"line":92,"column":1}},"7":{"start":{"line":23,"column":9},"end":{"line":23,"column":8}},"8":{"start":{"line":24,"column":9},"end":{"line":24,"column":8}},"9":{"start":{"line":25,"column":11},"end":{"line":25,"column":10}},"10":{"start":{"line":27,"column":16},"end":{"line":27,"column":32}},"11":{"start":{"line":27,"column":11},"end":{"line":27,"column":10}},"12":{"start":{"line":28,"column":38},"end":{"line":28,"column":53}},"13":{"start":{"line":28,"column":53},"end":{"line":28,"column":null}},"14":{"start":{"line":28,"column":19},"end":{"line":28,"column":21}},"15":{"start":{"line":28,"column":34},"end":{"line":28,"column":38}},"16":{"start":{"line":30,"column":20},"end":{"line":30,"column":23}},"17":{"start":{"line":30,"column":20},"end":{"line":39,"column":null}},"18":{"start":{"line":31,"column":4},"end":{"line":31,"column":null}},"19":{"start":{"line":32,"column":4},"end":{"line":38,"column":null}},"20":{"start":{"line":33,"column":6},"end":{"line":33,"column":null}},"21":{"start":{"line":35,"column":6},"end":{"line":35,"column":null}},"22":{"start":{"line":37,"column":6},"end":{"line":37,"column":null}},"23":{"start":{"line":39,"column":3},"end":{"line":30,"column":23}},"24":{"start":{"line":41,"column":2},"end":{"line":41,"column":null}},"25":{"start":{"line":41,"column":16},"end":{"line":41,"column":null}},"26":{"start":{"line":43,"column":2},"end":{"line":90,"column":null}},"27":{"start":{"line":22,"column":13},"end":{"line":22,"column":69}},"28":{"start":{"line":94,"column":15},"end":{"line":178,"column":2}}},"fnMap":{"0":{"name":"DeleteAccountModal","decl":{"start":{"line":22,"column":13},"end":{"line":22,"column":31}},"loc":{"start":{"line":26,"column":5},"end":{"line":92,"column":1}}},"1":{"name":"(anonymous_10)","decl":{"start":{"line":30,"column":20},"end":{"line":30,"column":23}},"loc":{"start":{"line":30,"column":20},"end":{"line":30,"column":23}}},"2":{"name":"(anonymous_11)","decl":{"start":{"line":30,"column":23},"end":{"line":30,"column":34}},"loc":{"start":{"line":30,"column":34},"end":{"line":39,"column":3}}},"3":{"name":"handleDelete","decl":{"start":{"line":30,"column":8},"end":{"line":30,"column":20}},"loc":{"start":{"line":30,"column":20},"end":{"line":30,"column":23}}}},"branchMap":{"0":{"loc":{"start":{"line":41,"column":2},"end":{"line":41,"column":null}},"type":"if","locations":[{"start":{"line":41,"column":2},"end":{"line":41,"column":null}},{"start":{},"end":{}}]},"1":{"loc":{"start":{"line":51,"column":62},"end":{"line":51,"column":95}},"type":"cond-expr","locations":[{"start":{"line":51,"column":75},"end":{"line":51,"column":84}},{"start":{"line":51,"column":87},"end":{"line":51,"column":95}}]},"2":{"loc":{"start":{"line":81,"column":15},"end":{"line":84,"column":null}},"type":"cond-expr","locations":[{"start":{"line":82,"column":16},"end":{"line":82,"column":77}},{"start":{"line":84,"column":16},"end":{"line":84,"column":null}}]},"3":{"loc":{"start":{"line":108,"column":19},"end":{"line":108,"column":50}},"type":"cond-expr","locations":[{"start":{"line":108,"column":43},"end":{"line":108,"column":45}},{"start":{"line":108,"column":48},"end":{"line":108,"column":50}}]}},"s":{"0":0,"1":0,"2":0,"3":0,"4":0,"5":0,"6":0,"7":0,"8":0,"9":0,"10":0,"11":0,"12":0,"13":0,"14":0,"15":0,"16":0,"17":0,"18":0,"19":0,"20":0,"21":0,"22":0,"23":0,"24":0,"25":0,"26":0,"27":0,"28":0},"f":{"0":0,"1":0,"2":0,"3":0},"b":{"0":[0,0],"1":[0,0],"2":[0,0],"3":[0,0]}}
,"/Users/jime0083/clock-app/src/components/modals/LanguageSettingModal.tsx": {"path":"/Users/jime0083/clock-app/src/components/modals/LanguageSettingModal.tsx","statementMap":{"0":{"start":{"line":1,"column":0},"end":{"line":1,"column":null}},"1":{"start":{"line":2,"column":0},"end":{"line":2,"column":null}},"2":{"start":{"line":3,"column":0},"end":{"line":3,"column":null}},"3":{"start":{"line":12,"column":0},"end":{"line":12,"column":null}},"4":{"start":{"line":14,"column":0},"end":{"line":14,"column":null}},"5":{"start":{"line":24,"column":36},"end":{"line":26,"column":null}},"6":{"start":{"line":36,"column":73},"end":{"line":96,"column":1}},"7":{"start":{"line":37,"column":9},"end":{"line":37,"column":8}},"8":{"start":{"line":38,"column":9},"end":{"line":38,"column":8}},"9":{"start":{"line":39,"column":8},"end":{"line":39,"column":7}},"10":{"start":{"line":40,"column":17},"end":{"line":40,"column":16}},"11":{"start":{"line":42,"column":16},"end":{"line":42,"column":32}},"12":{"start":{"line":42,"column":11},"end":{"line":42,"column":10}},"13":{"start":{"line":43,"column":50},"end":{"line":43,"column":85}},"14":{"start":{"line":43,"column":85},"end":{"line":43,"column":null}},"15":{"start":{"line":43,"column":25},"end":{"line":43,"column":27}},"16":{"start":{"line":43,"column":46},"end":{"line":43,"column":50}},"17":{"start":{"line":45,"column":2},"end":{"line":49,"column":null}},"18":{"start":{"line":46,"column":4},"end":{"line":48,"column":null}},"19":{"start":{"line":47,"column":6},"end":{"line":47,"column":null}},"20":{"start":{"line":51,"column":21},"end":{"line":54,"column":3}},"21":{"start":{"line":52,"column":4},"end":{"line":52,"column":null}},"22":{"start":{"line":53,"column":4},"end":{"line":53,"column":null}},"23":{"start":{"line":56,"column":2},"end":{"line":56,"column":null}},"24":{"start":{"line":56,"column":16},"end":{"line":56,"column":null}},"25":{"start":{"line":58,"column":2},"end":{"line":94,"column":null}},"26":{"start":{"line":78,"column":39},"end":{"line":85,"column":null}},"27":{"start":{"line":83,"column":23},"end":{"line":83,"column":62}},"28":{"start":{"line":36,"column":13},"end":{"line":36,"column":73}},"29":{"start":{"line":96,"column":2},"end":{"line":96,"column":null}},"30":{"start":{"line":105,"column":66},"end":{"line":147,"column":1}},"31":{"start":{"line":106,"column":8},"end":{"line":106,"column":7}},"32":{"start":{"line":107,"column":12},"end":{"line":107,"column":11}},"33":{"start":{"line":108,"column":9},"end":{"line":108,"column":8}},"34":{"start":{"line":109,"column":7},"end":{"line":109,"column":6}},"35":{"start":{"line":111,"column":16},"end":{"line":111,"column":33}},"36":{"start":{"line":113,"column":24},"end":{"line":115,"column":5}},"37":{"start":{"line":113,"column":41},"end":{"line":113,"column":48}},"38":{"start":{"line":114,"column":30},"end":{"line":114,"column":29}},"39":{"start":{"line":114,"column":30},"end":{"line":114,"column":31}},"40":{"start":{"line":113,"column":41},"end":{"line":115,"column":4}},"41":{"start":{"line":115,"column":4},"end":{"line":114,"column":31}},"42":{"start":{"line":117,"column":24},"end":{"line":119,"column":3}},"43":{"start":{"line":118,"column":4},"end":{"line":118,"column":null}},"44":{"start":{"line":121,"column":25},"end":{"line":123,"column":3}},"45":{"start":{"line":122,"column":4},"end":{"line":122,"column":null}},"46":{"start":{"line":125,"column":2},"end":{"line":145,"column":null}},"47":{"start":{"line":149,"column":15},"end":{"line":258,"column":2}}},"fnMap":{"0":{"name":"LanguageSettingModal","decl":{"start":{"line":36,"column":13},"end":{"line":36,"column":33}},"loc":{"start":{"line":41,"column":5},"end":{"line":96,"column":1}}},"1":{"name":"(anonymous_10)","decl":{"start":{"line":45,"column":12},"end":{"line":45,"column":17}},"loc":{"start":{"line":45,"column":17},"end":{"line":49,"column":3}}},"2":{"name":"handleSave","decl":{"start":{"line":51,"column":8},"end":{"line":51,"column":18}},"loc":{"start":{"line":51,"column":26},"end":{"line":54,"column":3}}},"3":{"name":"(anonymous_12)","decl":{"start":{"line":78,"column":27},"end":{"line":78,"column":28}},"loc":{"start":{"line":78,"column":39},"end":{"line":85,"column":null}}},"4":{"name":"onPress","decl":{"start":{"line":83,"column":16},"end":{"line":83,"column":23}},"loc":{"start":{"line":83,"column":23},"end":{"line":83,"column":62}}},"5":{"name":"LanguageOptionButton","decl":{"start":{"line":105,"column":6},"end":{"line":105,"column":26}},"loc":{"start":{"line":110,"column":5},"end":{"line":147,"column":1}}},"6":{"name":"LanguageSettingModalTsx1Factory","decl":{"start":{"line":113,"column":41},"end":{"line":113,"column":48}},"loc":{"start":{"line":113,"column":41},"end":{"line":114,"column":31}}},"7":{"name":"handlePressIn","decl":{"start":{"line":117,"column":8},"end":{"line":117,"column":21}},"loc":{"start":{"line":117,"column":29},"end":{"line":119,"column":3}}},"8":{"name":"handlePressOut","decl":{"start":{"line":121,"column":8},"end":{"line":121,"column":22}},"loc":{"start":{"line":121,"column":30},"end":{"line":123,"column":3}}}},"branchMap":{"0":{"loc":{"start":{"line":46,"column":4},"end":{"line":48,"column":null}},"type":"if","locations":[{"start":{"line":46,"column":4},"end":{"line":48,"column":null}},{"start":{},"end":{}}]},"1":{"loc":{"start":{"line":56,"column":2},"end":{"line":56,"column":null}},"type":"if","locations":[{"start":{"line":56,"column":2},"end":{"line":56,"column":null}},{"start":{},"end":{}}]},"2":{"loc":{"start":{"line":131,"column":37},"end":{"line":131,"column":78}},"type":"binary-expr","locations":[{"start":{"line":131,"column":37},"end":{"line":131,"column":47}},{"start":{"line":131,"column":51},"end":{"line":131,"column":78}}]},"3":{"loc":{"start":{"line":134,"column":44},"end":{"line":134,"column":84}},"type":"binary-expr","locations":[{"start":{"line":134,"column":44},"end":{"line":134,"column":54}},{"start":{"line":134,"column":58},"end":{"line":134,"column":84}}]},"4":{"loc":{"start":{"line":137,"column":50},"end":{"line":137,"column":96}},"type":"binary-expr","locations":[{"start":{"line":137,"column":50},"end":{"line":137,"column":60}},{"start":{"line":137,"column":64},"end":{"line":137,"column":96}}]},"5":{"loc":{"start":{"line":141,"column":41},"end":{"line":141,"column":80}},"type":"binary-expr","locations":[{"start":{"line":141,"column":41},"end":{"line":141,"column":51}},{"start":{"line":141,"column":55},"end":{"line":141,"column":80}}]},"6":{"loc":{"start":{"line":142,"column":11},"end":{"line":142,"column":59}},"type":"binary-expr","locations":[{"start":{"line":142,"column":11},"end":{"line":142,"column":21}},{"start":{"line":142,"column":25},"end":{"line":142,"column":59}}]},"7":{"loc":{"start":{"line":163,"column":19},"end":{"line":163,"column":50}},"type":"cond-expr","locations":[{"start":{"line":163,"column":43},"end":{"line":163,"column":45}},{"start":{"line":163,"column":48},"end":{"line":163,"column":50}}]}},"s":{"0":0,"1":0,"2":0,"3":0,"4":0,"5":0,"6":0,"7":0,"8":0,"9":0,"10":0,"11":0,"12":0,"13":0,"14":0,"15":0,"16":0,"17":0,"18":0,"19":0,"20":0,"21":0,"22":0,"23":0,"24":0,"25":0,"26":0,"27":0,"28":0,"29":0,"30":0,"31":0,"32":0,"33":0,"34":0,"35":0,"36":0,"37":0,"38":0,"39":0,"40":0,"41":0,"42":0,"43":0,"44":0,"45":0,"46":0,"47":0},"f":{"0":0,"1":0,"2":0,"3":0,"4":0,"5":0,"6":0,"7":0,"8":0},"b":{"0":[0,0],"1":[0,0],"2":[0,0],"3":[0,0],"4":[0,0],"5":[0,0],"6":[0,0],"7":[0,0]}}
,"/Users/jime0083/clock-app/src/components/modals/SNSConnectionModal.tsx": {"path":"/Users/jime0083/clock-app/src/components/modals/SNSConnectionModal.tsx","statementMap":{"0":{"start":{"line":1,"column":0},"end":{"line":1,"column":null}},"1":{"start":{"line":2,"column":0},"end":{"line":2,"column":null}},"2":{"start":{"line":12,"column":0},"end":{"line":12,"column":null}},"3":{"start":{"line":21,"column":0},"end":{"line":21,"column":null}},"4":{"start":{"line":22,"column":0},"end":{"line":22,"column":null}},"5":{"start":{"line":23,"column":0},"end":{"line":23,"column":null}},"6":{"start":{"line":24,"column":0},"end":{"line":24,"column":null}},"7":{"start":{"line":25,"column":0},"end":{"line":25,"column":null}},"8":{"start":{"line":34,"column":69},"end":{"line":170,"column":1}},"9":{"start":{"line":35,"column":9},"end":{"line":35,"column":8}},"10":{"start":{"line":36,"column":9},"end":{"line":36,"column":8}},"11":{"start":{"line":37,"column":19},"end":{"line":37,"column":18}},"12":{"start":{"line":38,"column":20},"end":{"line":38,"column":19}},"13":{"start":{"line":40,"column":16},"end":{"line":40,"column":32}},"14":{"start":{"line":40,"column":11},"end":{"line":40,"column":10}},"15":{"start":{"line":41,"column":74},"end":{"line":41,"column":84}},"16":{"start":{"line":41,"column":22},"end":{"line":41,"column":21}},"17":{"start":{"line":41,"column":39},"end":{"line":41,"column":38}},"18":{"start":{"line":41,"column":46},"end":{"line":41,"column":45}},"19":{"start":{"line":41,"column":56},"end":{"line":41,"column":55}},"20":{"start":{"line":41,"column":69},"end":{"line":41,"column":68}},"21":{"start":{"line":43,"column":19},"end":{"line":43,"column":59}},"22":{"start":{"line":44,"column":19},"end":{"line":44,"column":46}},"23":{"start":{"line":46,"column":21},"end":{"line":46,"column":24}},"24":{"start":{"line":46,"column":21},"end":{"line":52,"column":null}},"25":{"start":{"line":47,"column":17},"end":{"line":47,"column":36}},"26":{"start":{"line":48,"column":4},"end":{"line":51,"column":null}},"27":{"start":{"line":49,"column":6},"end":{"line":49,"column":null}},"28":{"start":{"line":50,"column":6},"end":{"line":50,"column":null}},"29":{"start":{"line":52,"column":3},"end":{"line":46,"column":24}},"30":{"start":{"line":54,"column":27},"end":{"line":73,"column":3}},"31":{"start":{"line":55,"column":4},"end":{"line":72,"column":null}},"32":{"start":{"line":63,"column":15},"end":{"line":70,"column":null}},"33":{"start":{"line":64,"column":29},"end":{"line":64,"column":70}},"34":{"start":{"line":65,"column":23},"end":{"line":65,"column":55}},"35":{"start":{"line":66,"column":10},"end":{"line":69,"column":null}},"36":{"start":{"line":67,"column":12},"end":{"line":67,"column":null}},"37":{"start":{"line":68,"column":12},"end":{"line":68,"column":null}},"38":{"start":{"line":63,"column":15},"end":{"line":63,"column":17}},"39":{"start":{"line":75,"column":20},"end":{"line":75,"column":51}},"40":{"start":{"line":77,"column":2},"end":{"line":77,"column":null}},"41":{"start":{"line":77,"column":16},"end":{"line":77,"column":null}},"42":{"start":{"line":79,"column":2},"end":{"line":168,"column":null}},"43":{"start":{"line":34,"column":13},"end":{"line":34,"column":69}},"44":{"start":{"line":172,"column":15},"end":{"line":327,"column":2}}},"fnMap":{"0":{"name":"SNSConnectionModal","decl":{"start":{"line":34,"column":13},"end":{"line":34,"column":31}},"loc":{"start":{"line":39,"column":5},"end":{"line":170,"column":1}}},"1":{"name":"(anonymous_11)","decl":{"start":{"line":46,"column":21},"end":{"line":46,"column":24}},"loc":{"start":{"line":46,"column":21},"end":{"line":46,"column":24}}},"2":{"name":"(anonymous_12)","decl":{"start":{"line":46,"column":24},"end":{"line":46,"column":35}},"loc":{"start":{"line":46,"column":35},"end":{"line":52,"column":3}}},"3":{"name":"handleConnect","decl":{"start":{"line":46,"column":8},"end":{"line":46,"column":21}},"loc":{"start":{"line":46,"column":21},"end":{"line":46,"column":24}}},"4":{"name":"handleDisconnect","decl":{"start":{"line":54,"column":8},"end":{"line":54,"column":24}},"loc":{"start":{"line":54,"column":32},"end":{"line":73,"column":3}}},"5":{"name":"(anonymous_15)","decl":{"start":{"line":63,"column":15},"end":{"line":63,"column":17}},"loc":{"start":{"line":63,"column":15},"end":{"line":63,"column":17}}},"6":{"name":"(anonymous_16)","decl":{"start":{"line":63,"column":17},"end":{"line":63,"column":28}},"loc":{"start":{"line":63,"column":28},"end":{"line":70,"column":9}}},"7":{"name":"onPress","decl":{"start":{"line":63,"column":8},"end":{"line":63,"column":15}},"loc":{"start":{"line":63,"column":15},"end":{"line":63,"column":17}}}},"branchMap":{"0":{"loc":{"start":{"line":43,"column":19},"end":{"line":43,"column":59}},"type":"cond-expr","locations":[{"start":{"line":43,"column":50},"end":{"line":43,"column":54}},{"start":{"line":43,"column":54},"end":{"line":43,"column":59}}]},"1":{"loc":{"start":{"line":43,"column":22},"end":{"line":43,"column":50}},"type":"cond-expr","locations":[{"start":{"line":43,"column":39},"end":{"line":43,"column":41}},{"start":{"line":43,"column":22},"end":{"line":43,"column":50}}]},"2":{"loc":{"start":{"line":44,"column":19},"end":{"line":44,"column":46}},"type":"cond-expr","locations":[{"start":{"line":44,"column":36},"end":{"line":44,"column":38}},{"start":{"line":44,"column":19},"end":{"line":44,"column":46}}]},"3":{"loc":{"start":{"line":48,"column":4},"end":{"line":51,"column":null}},"type":"if","locations":[{"start":{"line":48,"column":4},"end":{"line":51,"column":null}},{"start":{},"end":{}}]},"4":{"loc":{"start":{"line":64,"column":29},"end":{"line":64,"column":70}},"type":"cond-expr","locations":[{"start":{"line":64,"column":29},"end":{"line":64,"column":46}},{"start":{"line":64,"column":50},"end":{"line":64,"column":70}}]},"5":{"loc":{"start":{"line":66,"column":10},"end":{"line":69,"column":null}},"type":"if","locations":[{"start":{"line":66,"column":10},"end":{"line":69,"column":null}},{"start":{},"end":{}}]},"6":{"loc":{"start":{"line":75,"column":20},"end":{"line":75,"column":51}},"type":"binary-expr","locations":[{"start":{"line":75,"column":20},"end":{"line":75,"column":32}},{"start":{"line":75,"column":36},"end":{"line":75,"column":51}}]},"7":{"loc":{"start":{"line":77,"column":2},"end":{"line":77,"column":null}},"type":"if","locations":[{"start":{"line":77,"column":2},"end":{"line":77,"column":null}},{"start":{},"end":{}}]},"8":{"loc":{"start":{"line":106,"column":17},"end":{"line":109,"column":null}},"type":"cond-expr","locations":[{"start":{"line":107,"column":18},"end":{"line":107,"column":96}},{"start":{"line":109,"column":18},"end":{"line":109,"column":null}}]},"9":{"loc":{"start":{"line":115,"column":18},"end":{"line":115,"column":82}},"type":"cond-expr","locations":[{"start":{"line":115,"column":32},"end":{"line":115,"column":54}},{"start":{"line":115,"column":57},"end":{"line":115,"column":82}}]},"10":{"loc":{"start":{"line":122,"column":11},"end":{"line":126,"column":null}},"type":"binary-expr","locations":[{"start":{"line":122,"column":11},"end":{"line":122,"column":16}},{"start":{"line":123,"column":12},"end":{"line":126,"column":null}}]},"11":{"loc":{"start":{"line":130,"column":11},"end":{"line":159,"column":null}},"type":"cond-expr","locations":[{"start":{"line":131,"column":12},"end":{"line":144,"column":24}},{"start":{"line":146,"column":12},"end":{"line":159,"column":null}}]},"12":{"loc":{"start":{"line":136,"column":15},"end":{"line":142,"column":null}},"type":"cond-expr","locations":[{"start":{"line":137,"column":16},"end":{"line":137,"column":71}},{"start":{"line":139,"column":16},"end":{"line":142,"column":null}}]},"13":{"loc":{"start":{"line":151,"column":15},"end":{"line":157,"column":null}},"type":"cond-expr","locations":[{"start":{"line":152,"column":16},"end":{"line":152,"column":77}},{"start":{"line":154,"column":16},"end":{"line":157,"column":null}}]},"14":{"loc":{"start":{"line":186,"column":19},"end":{"line":186,"column":50}},"type":"cond-expr","locations":[{"start":{"line":186,"column":43},"end":{"line":186,"column":45}},{"start":{"line":186,"column":48},"end":{"line":186,"column":50}}]}},"s":{"0":0,"1":0,"2":0,"3":0,"4":0,"5":0,"6":0,"7":0,"8":0,"9":0,"10":0,"11":0,"12":0,"13":0,"14":0,"15":0,"16":0,"17":0,"18":0,"19":0,"20":0,"21":0,"22":0,"23":0,"24":0,"25":0,"26":0,"27":0,"28":0,"29":0,"30":0,"31":0,"32":0,"33":0,"34":0,"35":0,"36":0,"37":0,"38":0,"39":0,"40":0,"41":0,"42":0,"43":0,"44":0},"f":{"0":0,"1":0,"2":0,"3":0,"4":0,"5":0,"6":0,"7":0},"b":{"0":[0,0],"1":[0,0],"2":[0,0],"3":[0,0],"4":[0,0],"5":[0,0],"6":[0,0],"7":[0,0],"8":[0,0],"9":[0,0],"10":[0,0],"11":[0,0],"12":[0,0],"13":[0,0],"14":[0,0]}}
,"/Users/jime0083/clock-app/src/components/modals/WeeklySummaryModal.tsx": {"path":"/Users/jime0083/clock-app/src/components/modals/WeeklySummaryModal.tsx","statementMap":{"0":{"start":{"line":1,"column":0},"end":{"line":1,"column":null}},"1":{"start":{"line":2,"column":0},"end":{"line":2,"column":null}},"2":{"start":{"line":3,"column":0},"end":{"line":3,"column":null}},"3":{"start":{"line":4,"column":0},"end":{"line":4,"column":null}},"4":{"start":{"line":5,"column":0},"end":{"line":5,"column":null}},"5":{"start":{"line":6,"column":0},"end":{"line":6,"column":null}},"6":{"start":{"line":7,"column":0},"end":{"line":7,"column":null}},"7":{"start":{"line":16,"column":69},"end":{"line":91,"column":1}},"8":{"start":{"line":17,"column":9},"end":{"line":17,"column":8}},"9":{"start":{"line":18,"column":9},"end":{"line":18,"column":8}},"10":{"start":{"line":19,"column":14},"end":{"line":19,"column":13}},"11":{"start":{"line":20,"column":12},"end":{"line":20,"column":11}},"12":{"start":{"line":22,"column":16},"end":{"line":22,"column":32}},"13":{"start":{"line":22,"column":11},"end":{"line":22,"column":10}},"14":{"start":{"line":24,"column":2},"end":{"line":24,"column":null}},"15":{"start":{"line":24,"column":16},"end":{"line":24,"column":null}},"16":{"start":{"line":26,"column":2},"end":{"line":89,"column":null}},"17":{"start":{"line":16,"column":13},"end":{"line":16,"column":69}},"18":{"start":{"line":93,"column":15},"end":{"line":194,"column":2}}},"fnMap":{"0":{"name":"WeeklySummaryModal","decl":{"start":{"line":16,"column":13},"end":{"line":16,"column":31}},"loc":{"start":{"line":21,"column":5},"end":{"line":91,"column":1}}}},"branchMap":{"0":{"loc":{"start":{"line":24,"column":2},"end":{"line":24,"column":null}},"type":"if","locations":[{"start":{"line":24,"column":2},"end":{"line":24,"column":null}},{"start":{},"end":{}}]},"1":{"loc":{"start":{"line":110,"column":19},"end":{"line":110,"column":50}},"type":"cond-expr","locations":[{"start":{"line":110,"column":43},"end":{"line":110,"column":45}},{"start":{"line":110,"column":48},"end":{"line":110,"column":50}}]}},"s":{"0":0,"1":0,"2":0,"3":0,"4":0,"5":0,"6":0,"7":0,"8":0,"9":0,"10":0,"11":0,"12":0,"13":0,"14":0,"15":0,"16":0,"17":0,"18":0},"f":{"0":0},"b":{"0":[0,0],"1":[0,0]}}
,"/Users/jime0083/clock-app/src/constants/colors.ts": {"path":"/Users/jime0083/clock-app/src/constants/colors.ts","statementMap":{"0":{"start":{"line":4,"column":13},"end":{"line":46,"column":null}}},"fnMap":{},"branchMap":{},"s":{"0":0},"f":{},"b":{}}
,"/Users/jime0083/clock-app/src/constants/urls.ts": {"path":"/Users/jime0083/clock-app/src/constants/urls.ts","statementMap":{"0":{"start":{"line":2,"column":13},"end":{"line":2,"column":null}},"1":{"start":{"line":3,"column":13},"end":{"line":3,"column":null}},"2":{"start":{"line":4,"column":13},"end":{"line":4,"column":null}}},"fnMap":{},"branchMap":{},"s":{"0":0,"1":0,"2":0},"f":{},"b":{}}
,"/Users/jime0083/clock-app/src/contexts/AuthContext.tsx": {"path":"/Users/jime0083/clock-app/src/contexts/AuthContext.tsx","statementMap":{"0":{"start":{"line":1,"column":0},"end":{"line":1,"column":null}},"1":{"start":{"line":3,"column":0},"end":{"line":3,"column":null}},"2":{"start":{"line":15,"column":32},"end":{"line":21,"column":null}},"3":{"start":{"line":23,"column":20},"end":{"line":23,"column":73}},"4":{"start":{"line":25,"column":69},"end":{"line":101,"column":1}},"5":{"start":{"line":25,"column":80},"end":{"line":25,"column":79}},"6":{"start":{"line":26,"column":28},"end":{"line":26,"column":61}},"7":{"start":{"line":26,"column":61},"end":{"line":26,"column":null}},"8":{"start":{"line":26,"column":14},"end":{"line":26,"column":16}},"9":{"start":{"line":26,"column":24},"end":{"line":26,"column":28}},"10":{"start":{"line":28,"column":2},"end":{"line":62,"column":null}},"11":{"start":{"line":29,"column":24},"end":{"line":59,"column":6}},"12":{"start":{"line":29,"column":44},"end":{"line":59,"column":6}},"13":{"start":{"line":30,"column":6},"end":{"line":58,"column":null}},"14":{"start":{"line":31,"column":8},"end":{"line":49,"column":null}},"15":{"start":{"line":32,"column":23},"end":{"line":32,"column":62}},"16":{"start":{"line":33,"column":10},"end":{"line":39,"column":null}},"17":{"start":{"line":41,"column":10},"end":{"line":41,"column":null}},"18":{"start":{"line":42,"column":10},"end":{"line":48,"column":null}},"19":{"start":{"line":51,"column":8},"end":{"line":57,"column":null}},"20":{"start":{"line":59,"column":5},"end":{"line":59,"column":6}},"21":{"start":{"line":61,"column":4},"end":{"line":61,"column":null}},"22":{"start":{"line":61,"column":11},"end":{"line":61,"column":null}},"23":{"start":{"line":64,"column":18},"end":{"line":80,"column":8}},"24":{"start":{"line":65,"column":4},"end":{"line":65,"column":null}},"25":{"start":{"line":65,"column":17},"end":{"line":65,"column":51}},"26":{"start":{"line":66,"column":4},"end":{"line":79,"column":null}},"27":{"start":{"line":67,"column":6},"end":{"line":67,"column":null}},"28":{"start":{"line":68,"column":6},"end":{"line":74,"column":null}},"29":{"start":{"line":76,"column":6},"end":{"line":76,"column":null}},"30":{"start":{"line":77,"column":6},"end":{"line":77,"column":null}},"31":{"start":{"line":77,"column":19},"end":{"line":77,"column":54}},"32":{"start":{"line":78,"column":6},"end":{"line":78,"column":null}},"33":{"start":{"line":82,"column":18},"end":{"line":88,"column":8}},"34":{"start":{"line":83,"column":4},"end":{"line":87,"column":null}},"35":{"start":{"line":83,"column":17},"end":{"line":86,"column":null}},"36":{"start":{"line":90,"column":2},"end":{"line":99,"column":null}},"37":{"start":{"line":25,"column":13},"end":{"line":25,"column":69}},"38":{"start":{"line":103,"column":23},"end":{"line":109,"column":1}},"39":{"start":{"line":104,"column":18},"end":{"line":104,"column":41}},"40":{"start":{"line":105,"column":2},"end":{"line":107,"column":null}},"41":{"start":{"line":106,"column":4},"end":{"line":106,"column":null}},"42":{"start":{"line":108,"column":2},"end":{"line":108,"column":null}},"43":{"start":{"line":103,"column":13},"end":{"line":103,"column":23}}},"fnMap":{"0":{"name":"AuthProvider","decl":{"start":{"line":25,"column":13},"end":{"line":25,"column":25}},"loc":{"start":{"line":25,"column":86},"end":{"line":101,"column":1}}},"1":{"name":"(anonymous_10)","decl":{"start":{"line":28,"column":12},"end":{"line":28,"column":17}},"loc":{"start":{"line":28,"column":17},"end":{"line":62,"column":3}}},"2":{"name":"(anonymous_11)","decl":{"start":{"line":29,"column":44},"end":{"line":29,"column":45}},"loc":{"start":{"line":29,"column":44},"end":{"line":59,"column":6}}},"3":{"name":"(anonymous_12)","decl":{"start":{"line":29,"column":45},"end":{"line":29,"column":52}},"loc":{"start":{"line":29,"column":81},"end":{"line":59,"column":5}}},"4":{"name":"(anonymous_13)","decl":{"start":{"line":59,"column":5},"end":{"line":59,"column":6}},"loc":{"start":{"line":59,"column":5},"end":{"line":59,"column":6}}},"5":{"name":"(anonymous_14)","decl":{"start":{"line":61,"column":11},"end":{"line":61,"column":17}},"loc":{"start":{"line":61,"column":11},"end":{"line":61,"column":null}}},"6":{"name":"(anonymous_15)","decl":{"start":{"line":64,"column":30},"end":{"line":64,"column":41}},"loc":{"start":{"line":64,"column":41},"end":{"line":80,"column":3}}},"7":{"name":"(anonymous_16)","decl":{"start":{"line":65,"column":13},"end":{"line":65,"column":17}},"loc":{"start":{"line":65,"column":17},"end":{"line":65,"column":51}}},"8":{"name":"(anonymous_17)","decl":{"start":{"line":77,"column":15},"end":{"line":77,"column":19}},"loc":{"start":{"line":77,"column":19},"end":{"line":77,"column":54}}},"9":{"name":"(anonymous_18)","decl":{"start":{"line":82,"column":30},"end":{"line":82,"column":31}},"loc":{"start":{"line":82,"column":55},"end":{"line":88,"column":3}}},"10":{"name":"(anonymous_19)","decl":{"start":{"line":83,"column":13},"end":{"line":83,"column":17}},"loc":{"start":{"line":83,"column":17},"end":{"line":86,"column":null}}},"11":{"name":"useAuth","decl":{"start":{"line":103,"column":13},"end":{"line":103,"column":20}},"loc":{"start":{"line":103,"column":45},"end":{"line":109,"column":1}}}},"branchMap":{"0":{"loc":{"start":{"line":30,"column":6},"end":{"line":58,"column":null}},"type":"if","locations":[{"start":{"line":30,"column":6},"end":{"line":58,"column":null}},{"start":{"line":50,"column":13},"end":{"line":58,"column":null}}]},"1":{"loc":{"start":{"line":105,"column":2},"end":{"line":107,"column":null}},"type":"if","locations":[{"start":{"line":105,"column":2},"end":{"line":107,"column":null}},{"start":{},"end":{}}]}},"s":{"0":0,"1":0,"2":0,"3":0,"4":0,"5":0,"6":0,"7":0,"8":0,"9":0,"10":0,"11":0,"12":0,"13":0,"14":0,"15":0,"16":0,"17":0,"18":0,"19":0,"20":0,"21":0,"22":0,"23":0,"24":0,"25":0,"26":0,"27":0,"28":0,"29":0,"30":0,"31":0,"32":0,"33":0,"34":0,"35":0,"36":0,"37":0,"38":0,"39":0,"40":0,"41":0,"42":0,"43":0},"f":{"0":0,"1":0,"2":0,"3":0,"4":0,"5":0,"6":0,"7":0,"8":0,"9":0,"10":0,"11":0},"b":{"0":[0,0],"1":[0,0]}}
,"/Users/jime0083/clock-app/src/contexts/SubscriptionContext.tsx": {"path":"/Users/jime0083/clock-app/src/contexts/SubscriptionContext.tsx","statementMap":{"0":{"start":{"line":1,"column":0},"end":{"line":1,"column":null}},"1":{"start":{"line":10,"column":0},"end":{"line":10,"column":null}},"2":{"start":{"line":11,"column":0},"end":{"line":11,"column":null}},"3":{"start":{"line":30,"column":28},"end":{"line":30,"column":89}},"4":{"start":{"line":36,"column":73},"end":{"line":144,"column":1}},"5":{"start":{"line":36,"column":84},"end":{"line":36,"column":83}},"6":{"start":{"line":37,"column":36},"end":{"line":37,"column":45}},"7":{"start":{"line":37,"column":14},"end":{"line":37,"column":13}},"8":{"start":{"line":37,"column":31},"end":{"line":37,"column":30}},"9":{"start":{"line":38,"column":42},"end":{"line":38,"column":57}},"10":{"start":{"line":38,"column":57},"end":{"line":38,"column":null}},"11":{"start":{"line":38,"column":21},"end":{"line":38,"column":23}},"12":{"start":{"line":38,"column":38},"end":{"line":38,"column":42}},"13":{"start":{"line":39,"column":36},"end":{"line":39,"column":50}},"14":{"start":{"line":39,"column":50},"end":{"line":39,"column":null}},"15":{"start":{"line":39,"column":18},"end":{"line":39,"column":20}},"16":{"start":{"line":39,"column":32},"end":{"line":39,"column":36}},"17":{"start":{"line":40,"column":36},"end":{"line":40,"column":76}},"18":{"start":{"line":40,"column":76},"end":{"line":40,"column":null}},"19":{"start":{"line":40,"column":18},"end":{"line":40,"column":20}},"20":{"start":{"line":40,"column":32},"end":{"line":40,"column":36}},"21":{"start":{"line":41,"column":44},"end":{"line":41,"column":59}},"22":{"start":{"line":41,"column":59},"end":{"line":41,"column":null}},"23":{"start":{"line":41,"column":22},"end":{"line":41,"column":24}},"24":{"start":{"line":41,"column":40},"end":{"line":41,"column":44}},"25":{"start":{"line":44,"column":2},"end":{"line":56,"column":null}},"26":{"start":{"line":45,"column":20},"end":{"line":45,"column":23}},"27":{"start":{"line":45,"column":20},"end":{"line":53,"column":null}},"28":{"start":{"line":46,"column":6},"end":{"line":52,"column":null}},"29":{"start":{"line":47,"column":8},"end":{"line":47,"column":null}},"30":{"start":{"line":48,"column":8},"end":{"line":48,"column":null}},"31":{"start":{"line":50,"column":8},"end":{"line":50,"column":null}},"32":{"start":{"line":51,"column":8},"end":{"line":51,"column":null}},"33":{"start":{"line":53,"column":5},"end":{"line":45,"column":23}},"34":{"start":{"line":55,"column":4},"end":{"line":55,"column":null}},"35":{"start":{"line":59,"column":2},"end":{"line":80,"column":null}},"36":{"start":{"line":60,"column":26},"end":{"line":60,"column":29}},"37":{"start":{"line":60,"column":26},"end":{"line":77,"column":null}},"38":{"start":{"line":61,"column":6},"end":{"line":61,"column":null}},"39":{"start":{"line":61,"column":26},"end":{"line":61,"column":null}},"40":{"start":{"line":63,"column":6},"end":{"line":75,"column":null}},"41":{"start":{"line":64,"column":8},"end":{"line":70,"column":null}},"42":{"start":{"line":65,"column":10},"end":{"line":65,"column":null}},"43":{"start":{"line":66,"column":10},"end":{"line":66,"column":null}},"44":{"start":{"line":67,"column":10},"end":{"line":67,"column":null}},"45":{"start":{"line":69,"column":10},"end":{"line":69,"column":null}},"46":{"start":{"line":72,"column":8},"end":{"line":72,"column":null}},"47":{"start":{"line":73,"column":8},"end":{"line":73,"column":null}},"48":{"start":{"line":74,"column":8},"end":{"line":74,"column":null}},"49":{"start":{"line":76,"column":6},"end":{"line":76,"column":null}},"50":{"start":{"line":77,"column":5},"end":{"line":60,"column":29}},"51":{"start":{"line":79,"column":4},"end":{"line":79,"column":null}},"52":{"start":{"line":82,"column":36},"end":{"line":91,"column":17}},"53":{"start":{"line":83,"column":4},"end":{"line":83,"column":null}},"54":{"start":{"line":83,"column":20},"end":{"line":83,"column":null}},"55":{"start":{"line":85,"column":4},"end":{"line":90,"column":null}},"56":{"start":{"line":86,"column":22},"end":{"line":86,"column":64}},"57":{"start":{"line":87,"column":6},"end":{"line":87,"column":null}},"58":{"start":{"line":89,"column":6},"end":{"line":89,"column":null}},"59":{"start":{"line":93,"column":24},"end":{"line":100,"column":8}},"60":{"start":{"line":94,"column":4},"end":{"line":99,"column":null}},"61":{"start":{"line":95,"column":27},"end":{"line":95,"column":50}},"62":{"start":{"line":96,"column":6},"end":{"line":96,"column":null}},"63":{"start":{"line":98,"column":6},"end":{"line":98,"column":null}},"64":{"start":{"line":102,"column":19},"end":{"line":114,"column":8}},"65":{"start":{"line":102,"column":30},"end":{"line":114,"column":5}},"66":{"start":{"line":103,"column":4},"end":{"line":113,"column":null}},"67":{"start":{"line":104,"column":18},"end":{"line":104,"column":47}},"68":{"start":{"line":105,"column":6},"end":{"line":108,"column":null}},"69":{"start":{"line":106,"column":8},"end":{"line":106,"column":null}},"70":{"start":{"line":107,"column":8},"end":{"line":107,"column":null}},"71":{"start":{"line":109,"column":6},"end":{"line":109,"column":null}},"72":{"start":{"line":111,"column":6},"end":{"line":111,"column":null}},"73":{"start":{"line":112,"column":6},"end":{"line":112,"column":null}},"74":{"start":{"line":114,"column":3},"end":{"line":114,"column":5}},"75":{"start":{"line":116,"column":18},"end":{"line":128,"column":8}},"76":{"start":{"line":117,"column":4},"end":{"line":127,"column":null}},"77":{"start":{"line":118,"column":18},"end":{"line":118,"column":45}},"78":{"start":{"line":119,"column":6},"end":{"line":122,"column":null}},"79":{"start":{"line":120,"column":8},"end":{"line":120,"column":null}},"80":{"start":{"line":121,"column":8},"end":{"line":121,"column":null}},"81":{"start":{"line":123,"column":6},"end":{"line":123,"column":null}},"82":{"start":{"line":125,"column":6},"end":{"line":125,"column":null}},"83":{"start":{"line":126,"column":6},"end":{"line":126,"column":null}},"84":{"start":{"line":130,"column":2},"end":{"line":142,"column":null}},"85":{"start":{"line":36,"column":13},"end":{"line":36,"column":73}},"86":{"start":{"line":146,"column":31},"end":{"line":152,"column":1}},"87":{"start":{"line":147,"column":18},"end":{"line":147,"column":49}},"88":{"start":{"line":148,"column":2},"end":{"line":150,"column":null}},"89":{"start":{"line":149,"column":4},"end":{"line":149,"column":null}},"90":{"start":{"line":151,"column":2},"end":{"line":151,"column":null}},"91":{"start":{"line":146,"column":13},"end":{"line":146,"column":31}}},"fnMap":{"0":{"name":"SubscriptionProvider","decl":{"start":{"line":36,"column":13},"end":{"line":36,"column":33}},"loc":{"start":{"line":36,"column":90},"end":{"line":144,"column":1}}},"1":{"name":"(anonymous_10)","decl":{"start":{"line":44,"column":12},"end":{"line":44,"column":17}},"loc":{"start":{"line":44,"column":17},"end":{"line":56,"column":3}}},"2":{"name":"(anonymous_11)","decl":{"start":{"line":45,"column":20},"end":{"line":45,"column":23}},"loc":{"start":{"line":45,"column":20},"end":{"line":45,"column":23}}},"3":{"name":"(anonymous_12)","decl":{"start":{"line":45,"column":23},"end":{"line":45,"column":34}},"loc":{"start":{"line":45,"column":34},"end":{"line":53,"column":5}}},"4":{"name":"initialize","decl":{"start":{"line":45,"column":10},"end":{"line":45,"column":20}},"loc":{"start":{"line":45,"column":20},"end":{"line":45,"column":23}}},"5":{"name":"(anonymous_14)","decl":{"start":{"line":59,"column":12},"end":{"line":59,"column":17}},"loc":{"start":{"line":59,"column":17},"end":{"line":80,"column":3}}},"6":{"name":"(anonymous_15)","decl":{"start":{"line":60,"column":26},"end":{"line":60,"column":29}},"loc":{"start":{"line":60,"column":26},"end":{"line":60,"column":29}}},"7":{"name":"(anonymous_16)","decl":{"start":{"line":60,"column":29},"end":{"line":60,"column":40}},"loc":{"start":{"line":60,"column":40},"end":{"line":77,"column":5}}},"8":{"name":"handleAuthChange","decl":{"start":{"line":60,"column":10},"end":{"line":60,"column":26}},"loc":{"start":{"line":60,"column":26},"end":{"line":60,"column":29}}},"9":{"name":"(anonymous_18)","decl":{"start":{"line":82,"column":48},"end":{"line":82,"column":59}},"loc":{"start":{"line":82,"column":59},"end":{"line":91,"column":3}}},"10":{"name":"(anonymous_19)","decl":{"start":{"line":93,"column":36},"end":{"line":93,"column":47}},"loc":{"start":{"line":93,"column":47},"end":{"line":100,"column":3}}},"11":{"name":"(anonymous_20)","decl":{"start":{"line":102,"column":30},"end":{"line":102,"column":31}},"loc":{"start":{"line":102,"column":30},"end":{"line":114,"column":5}}},"12":{"name":"(anonymous_21)","decl":{"start":{"line":102,"column":31},"end":{"line":102,"column":38}},"loc":{"start":{"line":102,"column":81},"end":{"line":114,"column":3}}},"13":{"name":"(anonymous_22)","decl":{"start":{"line":114,"column":3},"end":{"line":114,"column":5}},"loc":{"start":{"line":114,"column":3},"end":{"line":114,"column":5}}},"14":{"name":"(anonymous_23)","decl":{"start":{"line":116,"column":30},"end":{"line":116,"column":59}},"loc":{"start":{"line":116,"column":59},"end":{"line":128,"column":3}}},"15":{"name":"useSubscription","decl":{"start":{"line":146,"column":13},"end":{"line":146,"column":28}},"loc":{"start":{"line":146,"column":61},"end":{"line":152,"column":1}}}},"branchMap":{"0":{"loc":{"start":{"line":61,"column":6},"end":{"line":61,"column":null}},"type":"if","locations":[{"start":{"line":61,"column":6},"end":{"line":61,"column":null}},{"start":{},"end":{}}]},"1":{"loc":{"start":{"line":63,"column":6},"end":{"line":75,"column":null}},"type":"if","locations":[{"start":{"line":63,"column":6},"end":{"line":75,"column":null}},{"start":{"line":71,"column":13},"end":{"line":75,"column":null}}]},"2":{"loc":{"start":{"line":63,"column":10},"end":{"line":63,"column":38}},"type":"binary-expr","locations":[{"start":{"line":63,"column":10},"end":{"line":63,"column":25}},{"start":{"line":63,"column":29},"end":{"line":63,"column":35}},{"start":{"line":63,"column":29},"end":{"line":63,"column":38}}]},"3":{"loc":{"start":{"line":80,"column":23},"end":{"line":80,"column":32}},"type":"cond-expr","locations":[{"start":{"line":80,"column":27},"end":{"line":80,"column":29}},{"start":{"line":80,"column":23},"end":{"line":80,"column":32}}]},"4":{"loc":{"start":{"line":83,"column":4},"end":{"line":83,"column":null}},"type":"if","locations":[{"start":{"line":83,"column":4},"end":{"line":83,"column":null}},{"start":{},"end":{}}]},"5":{"loc":{"start":{"line":83,"column":9},"end":{"line":83,"column":18}},"type":"binary-expr","locations":[{"start":{"line":83,"column":9},"end":{"line":83,"column":15}},{"start":{"line":83,"column":9},"end":{"line":83,"column":18}}]},"6":{"loc":{"start":{"line":91,"column":6},"end":{"line":91,"column":15}},"type":"cond-expr","locations":[{"start":{"line":91,"column":10},"end":{"line":91,"column":12}},{"start":{"line":91,"column":6},"end":{"line":91,"column":15}}]},"7":{"loc":{"start":{"line":105,"column":6},"end":{"line":108,"column":null}},"type":"if","locations":[{"start":{"line":105,"column":6},"end":{"line":108,"column":null}},{"start":{},"end":{}}]},"8":{"loc":{"start":{"line":119,"column":6},"end":{"line":122,"column":null}},"type":"if","locations":[{"start":{"line":119,"column":6},"end":{"line":122,"column":null}},{"start":{},"end":{}}]},"9":{"loc":{"start":{"line":148,"column":2},"end":{"line":150,"column":null}},"type":"if","locations":[{"start":{"line":148,"column":2},"end":{"line":150,"column":null}},{"start":{},"end":{}}]}},"s":{"0":0,"1":0,"2":0,"3":0,"4":0,"5":0,"6":0,"7":0,"8":0,"9":0,"10":0,"11":0,"12":0,"13":0,"14":0,"15":0,"16":0,"17":0,"18":0,"19":0,"20":0,"21":0,"22":0,"23":0,"24":0,"25":0,"26":0,"27":0,"28":0,"29":0,"30":0,"31":0,"32":0,"33":0,"34":0,"35":0,"36":0,"37":0,"38":0,"39":0,"40":0,"41":0,"42":0,"43":0,"44":0,"45":0,"46":0,"47":0,"48":0,"49":0,"50":0,"51":0,"52":0,"53":0,"54":0,"55":0,"56":0,"57":0,"58":0,"59":0,"60":0,"61":0,"62":0,"63":0,"64":0,"65":0,"66":0,"67":0,"68":0,"69":0,"70":0,"71":0,"72":0,"73":0,"74":0,"75":0,"76":0,"77":0,"78":0,"79":0,"80":0,"81":0,"82":0,"83":0,"84":0,"85":0,"86":0,"87":0,"88":0,"89":0,"90":0,"91":0},"f":{"0":0,"1":0,"2":0,"3":0,"4":0,"5":0,"6":0,"7":0,"8":0,"9":0,"10":0,"11":0,"12":0,"13":0,"14":0,"15":0},"b":{"0":[0,0],"1":[0,0],"2":[0,0,0],"3":[0,0],"4":[0,0],"5":[0,0],"6":[0,0],"7":[0,0],"8":[0,0],"9":[0,0]}}
,"/Users/jime0083/clock-app/src/hooks/useAccelerometer.ts": {"path":"/Users/jime0083/clock-app/src/hooks/useAccelerometer.ts","statementMap":{"0":{"start":{"line":1,"column":0},"end":{"line":1,"column":null}},"1":{"start":{"line":2,"column":0},"end":{"line":2,"column":null}},"2":{"start":{"line":19,"column":32},"end":{"line":84,"column":1}},"3":{"start":{"line":20,"column":40},"end":{"line":20,"column":55}},"4":{"start":{"line":20,"column":55},"end":{"line":20,"column":null}},"5":{"start":{"line":20,"column":20},"end":{"line":20,"column":22}},"6":{"start":{"line":20,"column":36},"end":{"line":20,"column":40}},"7":{"start":{"line":21,"column":40},"end":{"line":21,"column":55}},"8":{"start":{"line":21,"column":55},"end":{"line":21,"column":null}},"9":{"start":{"line":21,"column":20},"end":{"line":21,"column":22}},"10":{"start":{"line":21,"column":36},"end":{"line":21,"column":40}},"11":{"start":{"line":22,"column":40},"end":{"line":22,"column":80}},"12":{"start":{"line":22,"column":80},"end":{"line":22,"column":null}},"13":{"start":{"line":22,"column":20},"end":{"line":22,"column":22}},"14":{"start":{"line":22,"column":36},"end":{"line":22,"column":40}},"15":{"start":{"line":23,"column":38},"end":{"line":23,"column":49}},"16":{"start":{"line":23,"column":49},"end":{"line":23,"column":null}},"17":{"start":{"line":23,"column":19},"end":{"line":23,"column":21}},"18":{"start":{"line":23,"column":34},"end":{"line":23,"column":38}},"19":{"start":{"line":24,"column":24},"end":{"line":24,"column":33}},"20":{"start":{"line":27,"column":2},"end":{"line":33,"column":null}},"21":{"start":{"line":28,"column":27},"end":{"line":28,"column":30}},"22":{"start":{"line":28,"column":27},"end":{"line":31,"column":null}},"23":{"start":{"line":29,"column":21},"end":{"line":29,"column":64}},"24":{"start":{"line":30,"column":6},"end":{"line":30,"column":null}},"25":{"start":{"line":31,"column":5},"end":{"line":28,"column":30}},"26":{"start":{"line":32,"column":4},"end":{"line":32,"column":null}},"27":{"start":{"line":36,"column":2},"end":{"line":45,"column":null}},"28":{"start":{"line":37,"column":4},"end":{"line":40,"column":null}},"29":{"start":{"line":38,"column":6},"end":{"line":38,"column":null}},"30":{"start":{"line":39,"column":6},"end":{"line":39,"column":null}},"31":{"start":{"line":42,"column":4},"end":{"line":44,"column":null}},"32":{"start":{"line":43,"column":6},"end":{"line":43,"column":null}},"33":{"start":{"line":47,"column":25},"end":{"line":57,"column":8}},"34":{"start":{"line":48,"column":4},"end":{"line":56,"column":null}},"35":{"start":{"line":49,"column":6},"end":{"line":51,"column":null}},"36":{"start":{"line":50,"column":8},"end":{"line":50,"column":null}},"37":{"start":{"line":52,"column":6},"end":{"line":52,"column":null}},"38":{"start":{"line":54,"column":6},"end":{"line":54,"column":null}},"39":{"start":{"line":55,"column":6},"end":{"line":55,"column":null}},"40":{"start":{"line":59,"column":24},"end":{"line":62,"column":8}},"41":{"start":{"line":60,"column":4},"end":{"line":60,"column":null}},"42":{"start":{"line":61,"column":4},"end":{"line":61,"column":null}},"43":{"start":{"line":64,"column":26},"end":{"line":68,"column":8}},"44":{"start":{"line":65,"column":4},"end":{"line":65,"column":null}},"45":{"start":{"line":66,"column":4},"end":{"line":66,"column":null}},"46":{"start":{"line":67,"column":4},"end":{"line":67,"column":null}},"47":{"start":{"line":70,"column":20},"end":{"line":72,"column":8}},"48":{"start":{"line":71,"column":4},"end":{"line":71,"column":null}},"49":{"start":{"line":74,"column":2},"end":{"line":83,"column":null}},"50":{"start":{"line":19,"column":13},"end":{"line":19,"column":32}},"51":{"start":{"line":99,"column":30},"end":{"line":217,"column":1}},"52":{"start":{"line":100,"column":44},"end":{"line":100,"column":59}},"53":{"start":{"line":100,"column":59},"end":{"line":100,"column":null}},"54":{"start":{"line":100,"column":22},"end":{"line":100,"column":24}},"55":{"start":{"line":100,"column":40},"end":{"line":100,"column":44}},"56":{"start":{"line":101,"column":50},"end":{"line":103,"column":11}},"57":{"start":{"line":103,"column":11},"end":{"line":103,"column":null}},"58":{"start":{"line":101,"column":25},"end":{"line":101,"column":27}},"59":{"start":{"line":101,"column":46},"end":{"line":101,"column":50}},"60":{"start":{"line":104,"column":42},"end":{"line":104,"column":53}},"61":{"start":{"line":104,"column":53},"end":{"line":104,"column":null}},"62":{"start":{"line":104,"column":21},"end":{"line":104,"column":23}},"63":{"start":{"line":104,"column":38},"end":{"line":104,"column":42}},"64":{"start":{"line":107,"column":24},"end":{"line":107,"column":55}},"65":{"start":{"line":108,"column":22},"end":{"line":108,"column":53}},"66":{"start":{"line":109,"column":25},"end":{"line":109,"column":56}},"67":{"start":{"line":110,"column":20},"end":{"line":110,"column":61}},"68":{"start":{"line":113,"column":23},"end":{"line":119,"column":null}},"69":{"start":{"line":122,"column":4},"end":{"line":124,"column":61}},"70":{"start":{"line":126,"column":27},"end":{"line":142,"column":8}},"71":{"start":{"line":128,"column":4},"end":{"line":128,"column":null}},"72":{"start":{"line":131,"column":4},"end":{"line":131,"column":null}},"73":{"start":{"line":132,"column":4},"end":{"line":132,"column":null}},"74":{"start":{"line":133,"column":4},"end":{"line":133,"column":null}},"75":{"start":{"line":134,"column":4},"end":{"line":134,"column":null}},"76":{"start":{"line":136,"column":4},"end":{"line":136,"column":null}},"77":{"start":{"line":137,"column":4},"end":{"line":137,"column":null}},"78":{"start":{"line":138,"column":4},"end":{"line":138,"column":null}},"79":{"start":{"line":141,"column":4},"end":{"line":141,"column":null}},"80":{"start":{"line":144,"column":22},"end":{"line":161,"column":38}},"81":{"start":{"line":145,"column":21},"end":{"line":145,"column":37}},"82":{"start":{"line":146,"column":4},"end":{"line":146,"column":null}},"83":{"start":{"line":149,"column":4},"end":{"line":160,"column":null}},"84":{"start":{"line":151,"column":19},"end":{"line":151,"column":57}},"85":{"start":{"line":153,"column":6},"end":{"line":159,"column":null}},"86":{"start":{"line":154,"column":8},"end":{"line":154,"column":null}},"87":{"start":{"line":155,"column":13},"end":{"line":159,"column":null}},"88":{"start":{"line":156,"column":8},"end":{"line":156,"column":null}},"89":{"start":{"line":157,"column":13},"end":{"line":159,"column":null}},"90":{"start":{"line":158,"column":8},"end":{"line":158,"column":null}},"91":{"start":{"line":163,"column":20},"end":{"line":188,"column":24}},"92":{"start":{"line":164,"column":4},"end":{"line":187,"column":null}},"93":{"start":{"line":165,"column":6},"end":{"line":165,"column":null}},"94":{"start":{"line":166,"column":6},"end":{"line":166,"column":null}},"95":{"start":{"line":167,"column":6},"end":{"line":167,"column":null}},"96":{"start":{"line":168,"column":11},"end":{"line":187,"column":null}},"97":{"start":{"line":169,"column":6},"end":{"line":169,"column":null}},"98":{"start":{"line":170,"column":6},"end":{"line":170,"column":null}},"99":{"start":{"line":171,"column":6},"end":{"line":171,"column":null}},"100":{"start":{"line":172,"column":11},"end":{"line":187,"column":null}},"101":{"start":{"line":174,"column":21},"end":{"line":177,"column":null}},"102":{"start":{"line":179,"column":6},"end":{"line":179,"column":null}},"103":{"start":{"line":182,"column":6},"end":{"line":182,"column":null}},"104":{"start":{"line":184,"column":6},"end":{"line":184,"column":null}},"105":{"start":{"line":185,"column":6},"end":{"line":185,"column":null}},"106":{"start":{"line":186,"column":6},"end":{"line":186,"column":null}},"107":{"start":{"line":190,"column":31},"end":{"line":192,"column":8}},"108":{"start":{"line":191,"column":4},"end":{"line":191,"column":null}},"109":{"start":{"line":194,"column":27},"end":{"line":203,"column":8}},"110":{"start":{"line":195,"column":4},"end":{"line":195,"column":null}},"111":{"start":{"line":196,"column":4},"end":{"line":196,"column":null}},"112":{"start":{"line":197,"column":4},"end":{"line":197,"column":null}},"113":{"start":{"line":198,"column":4},"end":{"line":198,"column":null}},"114":{"start":{"line":199,"column":4},"end":{"line":199,"column":null}},"115":{"start":{"line":200,"column":4},"end":{"line":200,"column":null}},"116":{"start":{"line":201,"column":4},"end":{"line":201,"column":null}},"117":{"start":{"line":202,"column":4},"end":{"line":202,"column":null}},"118":{"start":{"line":205,"column":2},"end":{"line":216,"column":null}},"119":{"start":{"line":99,"column":13},"end":{"line":99,"column":30}}},"fnMap":{"0":{"name":"useAccelerometer","decl":{"start":{"line":19,"column":13},"end":{"line":19,"column":29}},"loc":{"start":{"line":19,"column":61},"end":{"line":84,"column":1}}},"1":{"name":"(anonymous_1)","decl":{"start":{"line":27,"column":12},"end":{"line":27,"column":17}},"loc":{"start":{"line":27,"column":17},"end":{"line":33,"column":3}}},"2":{"name":"(anonymous_2)","decl":{"start":{"line":28,"column":27},"end":{"line":28,"column":30}},"loc":{"start":{"line":28,"column":27},"end":{"line":28,"column":30}}},"3":{"name":"(anonymous_3)","decl":{"start":{"line":28,"column":30},"end":{"line":28,"column":41}},"loc":{"start":{"line":28,"column":41},"end":{"line":31,"column":5}}},"4":{"name":"checkAvailability","decl":{"start":{"line":28,"column":10},"end":{"line":28,"column":27}},"loc":{"start":{"line":28,"column":27},"end":{"line":28,"column":30}}},"5":{"name":"(anonymous_5)","decl":{"start":{"line":36,"column":12},"end":{"line":36,"column":17}},"loc":{"start":{"line":36,"column":17},"end":{"line":45,"column":3}}},"6":{"name":"(anonymous_6)","decl":{"start":{"line":37,"column":41},"end":{"line":37,"column":46}},"loc":{"start":{"line":37,"column":46},"end":{"line":40,"column":5}}},"7":{"name":"(anonymous_7)","decl":{"start":{"line":42,"column":11},"end":{"line":42,"column":16}},"loc":{"start":{"line":42,"column":16},"end":{"line":44,"column":5}}},"8":{"name":"(anonymous_8)","decl":{"start":{"line":47,"column":37},"end":{"line":47,"column":48}},"loc":{"start":{"line":47,"column":48},"end":{"line":57,"column":3}}},"9":{"name":"(anonymous_9)","decl":{"start":{"line":49,"column":48},"end":{"line":49,"column":52}},"loc":{"start":{"line":49,"column":55},"end":{"line":51,"column":7}}},"10":{"name":"(anonymous_10)","decl":{"start":{"line":59,"column":36},"end":{"line":59,"column":41}},"loc":{"start":{"line":59,"column":41},"end":{"line":62,"column":3}}},"11":{"name":"(anonymous_11)","decl":{"start":{"line":64,"column":38},"end":{"line":64,"column":43}},"loc":{"start":{"line":64,"column":43},"end":{"line":68,"column":3}}},"12":{"name":"(anonymous_12)","decl":{"start":{"line":70,"column":32},"end":{"line":70,"column":33}},"loc":{"start":{"line":70,"column":74},"end":{"line":72,"column":3}}},"13":{"name":"useCalibration","decl":{"start":{"line":99,"column":13},"end":{"line":99,"column":27}},"loc":{"start":{"line":99,"column":57},"end":{"line":217,"column":1}}},"14":{"name":"(anonymous_14)","decl":{"start":{"line":126,"column":39},"end":{"line":126,"column":50}},"loc":{"start":{"line":126,"column":50},"end":{"line":142,"column":3}}},"15":{"name":"(anonymous_15)","decl":{"start":{"line":144,"column":34},"end":{"line":144,"column":39}},"loc":{"start":{"line":144,"column":39},"end":{"line":161,"column":3}}},"16":{"name":"(anonymous_16)","decl":{"start":{"line":163,"column":32},"end":{"line":163,"column":37}},"loc":{"start":{"line":163,"column":37},"end":{"line":188,"column":3}}},"17":{"name":"(anonymous_17)","decl":{"start":{"line":190,"column":43},"end":{"line":190,"column":77}},"loc":{"start":{"line":190,"column":77},"end":{"line":192,"column":3}}},"18":{"name":"(anonymous_18)","decl":{"start":{"line":194,"column":39},"end":{"line":194,"column":44}},"loc":{"start":{"line":194,"column":44},"end":{"line":203,"column":3}}}},"branchMap":{"0":{"loc":{"start":{"line":122,"column":4},"end":{"line":124,"column":61}},"type":"cond-expr","locations":[{"start":{"line":123,"column":8},"end":{"line":123,"column":9}},{"start":{"line":124,"column":9},"end":{"line":124,"column":61}}]},"1":{"loc":{"start":{"line":122,"column":4},"end":{"line":122,"column":66}},"type":"binary-expr","locations":[{"start":{"line":122,"column":4},"end":{"line":122,"column":31}},{"start":{"line":122,"column":35},"end":{"line":122,"column":66}}]},"2":{"loc":{"start":{"line":149,"column":4},"end":{"line":160,"column":null}},"type":"if","locations":[{"start":{"line":149,"column":4},"end":{"line":160,"column":null}},{"start":{},"end":{}}]},"3":{"loc":{"start":{"line":153,"column":6},"end":{"line":159,"column":null}},"type":"if","locations":[{"start":{"line":153,"column":6},"end":{"line":159,"column":null}},{"start":{"line":155,"column":13},"end":{"line":159,"column":null}}]},"4":{"loc":{"start":{"line":155,"column":13},"end":{"line":159,"column":null}},"type":"if","locations":[{"start":{"line":155,"column":13},"end":{"line":159,"column":null}},{"start":{"line":157,"column":13},"end":{"line":159,"column":null}}]},"5":{"loc":{"start":{"line":157,"column":13},"end":{"line":159,"column":null}},"type":"if","locations":[{"start":{"line":157,"column":13},"end":{"line":159,"column":null}},{"start":{},"end":{}}]},"6":{"loc":{"start":{"line":164,"column":4},"end":{"line":187,"column":null}},"type":"if","locations":[{"start":{"line":164,"column":4},"end":{"line":187,"column":null}},{"start":{"line":168,"column":11},"end":{"line":187,"column":null}}]},"7":{"loc":{"start":{"line":168,"column":11},"end":{"line":187,"column":null}},"type":"if","locations":[{"start":{"line":168,"column":11},"end":{"line":187,"column":null}},{"start":{"line":172,"column":11},"end":{"line":187,"column":null}}]},"8":{"loc":{"start":{"line":172,"column":11},"end":{"line":187,"column":null}},"type":"if","locations":[{"start":{"line":172,"column":11},"end":{"line":187,"column":null}},{"start":{},"end":{}}]}},"s":{"0":0,"1":0,"2":0,"3":0,"4":0,"5":0,"6":0,"7":0,"8":0,"9":0,"10":0,"11":0,"12":0,"13":0,"14":0,"15":0,"16":0,"17":0,"18":0,"19":0,"20":0,"21":0,"22":0,"23":0,"24":0,"25":0,"26":0,"27":0,"28":0,"29":0,"30":0,"31":0,"32":0,"33":0,"34":0,"35":0,"36":0,"37":0,"38":0,"39":0,"40":0,"41":0,"42":0,"43":0,"44":0,"45":0,"46":0,"47":0,"48":0,"49":0,"50":0,"51":0,"52":0,"53":0,"54":0,"55":0,"56":0,"57":0,"58":0,"59":0,"60":0,"61":0,"62":0,"63":0,"64":0,"65":0,"66":0,"67":0,"68":0,"69":0,"70":0,"71":0,"72":0,"73":0,"74":0,"75":0,"76":0,"77":0,"78":0,"79":0,"80":0,"81":0,"82":0,"83":0,"84":0,"85":0,"86":0,"87":0,"88":0,"89":0,"90":0,"91":0,"92":0,"93":0,"94":0,"95":0,"96":0,"97":0,"98":0,"99":0,"100":0,"101":0,"102":0,"103":0,"104":0,"105":0,"106":0,"107":0,"108":0,"109":0,"110":0,"111":0,"112":0,"113":0,"114":0,"115":0,"116":0,"117":0,"118":0,"119":0},"f":{"0":0,"1":0,"2":0,"3":0,"4":0,"5":0,"6":0,"7":0,"8":0,"9":0,"10":0,"11":0,"12":0,"13":0,"14":0,"15":0,"16":0,"17":0,"18":0},"b":{"0":[0,0],"1":[0,0],"2":[0,0],"3":[0,0],"4":[0,0],"5":[0,0],"6":[0,0],"7":[0,0],"8":[0,0]}}
,"/Users/jime0083/clock-app/src/hooks/useAppleAuth.ts": {"path":"/Users/jime0083/clock-app/src/hooks/useAppleAuth.ts","statementMap":{"0":{"start":{"line":1,"column":0},"end":{"line":1,"column":null}},"1":{"start":{"line":2,"column":0},"end":{"line":2,"column":null}},"2":{"start":{"line":3,"column":0},"end":{"line":3,"column":null}},"3":{"start":{"line":4,"column":0},"end":{"line":4,"column":null}},"4":{"start":{"line":14,"column":28},"end":{"line":89,"column":1}},"5":{"start":{"line":18,"column":36},"end":{"line":18,"column":51}},"6":{"start":{"line":18,"column":51},"end":{"line":18,"column":null}},"7":{"start":{"line":18,"column":18},"end":{"line":18,"column":20}},"8":{"start":{"line":18,"column":32},"end":{"line":18,"column":36}},"9":{"start":{"line":19,"column":28},"end":{"line":19,"column":57}},"10":{"start":{"line":19,"column":57},"end":{"line":19,"column":null}},"11":{"start":{"line":19,"column":14},"end":{"line":19,"column":16}},"12":{"start":{"line":19,"column":24},"end":{"line":19,"column":28}},"13":{"start":{"line":20,"column":40},"end":{"line":20,"column":55}},"14":{"start":{"line":20,"column":55},"end":{"line":20,"column":null}},"15":{"start":{"line":20,"column":20},"end":{"line":20,"column":22}},"16":{"start":{"line":20,"column":36},"end":{"line":20,"column":40}},"17":{"start":{"line":23,"column":25},"end":{"line":23,"column":28}},"18":{"start":{"line":23,"column":25},"end":{"line":26,"column":null}},"19":{"start":{"line":24,"column":19},"end":{"line":24,"column":66}},"20":{"start":{"line":25,"column":4},"end":{"line":25,"column":null}},"21":{"start":{"line":26,"column":3},"end":{"line":23,"column":28}},"22":{"start":{"line":29,"column":2},"end":{"line":29,"column":null}},"23":{"start":{"line":31,"column":14},"end":{"line":31,"column":17}},"24":{"start":{"line":31,"column":14},"end":{"line":81,"column":null}},"25":{"start":{"line":32,"column":4},"end":{"line":37,"column":null}},"26":{"start":{"line":33,"column":27},"end":{"line":33,"column":74}},"27":{"start":{"line":34,"column":6},"end":{"line":34,"column":null}},"28":{"start":{"line":35,"column":6},"end":{"line":35,"column":null}},"29":{"start":{"line":36,"column":6},"end":{"line":36,"column":null}},"30":{"start":{"line":39,"column":4},"end":{"line":39,"column":null}},"31":{"start":{"line":40,"column":4},"end":{"line":40,"column":null}},"32":{"start":{"line":42,"column":4},"end":{"line":80,"column":null}},"33":{"start":{"line":44,"column":20},"end":{"line":44,"column":63}},"34":{"start":{"line":45,"column":23},"end":{"line":47,"column":null}},"35":{"start":{"line":50,"column":22},"end":{"line":56,"column":8}},"36":{"start":{"line":58,"column":6},"end":{"line":63,"column":null}},"37":{"start":{"line":59,"column":18},"end":{"line":59,"column":75}},"38":{"start":{"line":60,"column":8},"end":{"line":60,"column":null}},"39":{"start":{"line":62,"column":8},"end":{"line":62,"column":null}},"40":{"start":{"line":65,"column":6},"end":{"line":77,"column":null}},"41":{"start":{"line":67,"column":8},"end":{"line":70,"column":null}},"42":{"start":{"line":68,"column":10},"end":{"line":68,"column":null}},"43":{"start":{"line":69,"column":10},"end":{"line":69,"column":null}},"44":{"start":{"line":71,"column":8},"end":{"line":71,"column":null}},"45":{"start":{"line":72,"column":8},"end":{"line":72,"column":null}},"46":{"start":{"line":74,"column":29},"end":{"line":74,"column":51}},"47":{"start":{"line":75,"column":8},"end":{"line":75,"column":null}},"48":{"start":{"line":76,"column":8},"end":{"line":76,"column":null}},"49":{"start":{"line":79,"column":6},"end":{"line":79,"column":null}},"50":{"start":{"line":81,"column":3},"end":{"line":31,"column":17}},"51":{"start":{"line":83,"column":2},"end":{"line":88,"column":null}},"52":{"start":{"line":14,"column":13},"end":{"line":14,"column":28}}},"fnMap":{"0":{"name":"useAppleAuth","decl":{"start":{"line":14,"column":13},"end":{"line":14,"column":25}},"loc":{"start":{"line":17,"column":24},"end":{"line":89,"column":1}}},"1":{"name":"(anonymous_10)","decl":{"start":{"line":23,"column":25},"end":{"line":23,"column":28}},"loc":{"start":{"line":23,"column":25},"end":{"line":23,"column":28}}},"2":{"name":"(anonymous_11)","decl":{"start":{"line":23,"column":28},"end":{"line":23,"column":39}},"loc":{"start":{"line":23,"column":39},"end":{"line":26,"column":3}}},"3":{"name":"checkAvailability","decl":{"start":{"line":23,"column":8},"end":{"line":23,"column":25}},"loc":{"start":{"line":23,"column":25},"end":{"line":23,"column":28}}},"4":{"name":"(anonymous_13)","decl":{"start":{"line":31,"column":14},"end":{"line":31,"column":17}},"loc":{"start":{"line":31,"column":14},"end":{"line":31,"column":17}}},"5":{"name":"(anonymous_14)","decl":{"start":{"line":31,"column":17},"end":{"line":31,"column":28}},"loc":{"start":{"line":31,"column":28},"end":{"line":81,"column":3}}},"6":{"name":"signIn","decl":{"start":{"line":31,"column":8},"end":{"line":31,"column":14}},"loc":{"start":{"line":31,"column":14},"end":{"line":31,"column":17}}}},"branchMap":{"0":{"loc":{"start":{"line":32,"column":4},"end":{"line":37,"column":null}},"type":"if","locations":[{"start":{"line":32,"column":4},"end":{"line":37,"column":null}},{"start":{},"end":{}}]},"1":{"loc":{"start":{"line":35,"column":6},"end":{"line":35,"column":29}},"type":"binary-expr","locations":[{"start":{"line":35,"column":6},"end":{"line":35,"column":16}},{"start":{"line":35,"column":6},"end":{"line":35,"column":29}}]},"2":{"loc":{"start":{"line":58,"column":6},"end":{"line":63,"column":null}},"type":"if","locations":[{"start":{"line":58,"column":6},"end":{"line":63,"column":null}},{"start":{"line":61,"column":13},"end":{"line":63,"column":null}}]},"3":{"loc":{"start":{"line":65,"column":6},"end":{"line":77,"column":null}},"type":"if","locations":[{"start":{"line":65,"column":6},"end":{"line":77,"column":null}},{"start":{"line":73,"column":13},"end":{"line":77,"column":null}}]},"4":{"loc":{"start":{"line":67,"column":8},"end":{"line":70,"column":null}},"type":"if","locations":[{"start":{"line":67,"column":8},"end":{"line":70,"column":null}},{"start":{},"end":{}}]},"5":{"loc":{"start":{"line":67,"column":12},"end":{"line":67,"column":81}},"type":"binary-expr","locations":[{"start":{"line":67,"column":12},"end":{"line":67,"column":44}},{"start":{"line":67,"column":48},"end":{"line":67,"column":81}}]},"6":{"loc":{"start":{"line":72,"column":8},"end":{"line":72,"column":30}},"type":"binary-expr","locations":[{"start":{"line":72,"column":8},"end":{"line":72,"column":18}},{"start":{"line":72,"column":8},"end":{"line":72,"column":30}}]},"7":{"loc":{"start":{"line":76,"column":8},"end":{"line":76,"column":31}},"type":"binary-expr","locations":[{"start":{"line":76,"column":8},"end":{"line":76,"column":18}},{"start":{"line":76,"column":8},"end":{"line":76,"column":31}}]}},"s":{"0":0,"1":0,"2":0,"3":0,"4":0,"5":0,"6":0,"7":0,"8":0,"9":0,"10":0,"11":0,"12":0,"13":0,"14":0,"15":0,"16":0,"17":0,"18":0,"19":0,"20":0,"21":0,"22":0,"23":0,"24":0,"25":0,"26":0,"27":0,"28":0,"29":0,"30":0,"31":0,"32":0,"33":0,"34":0,"35":0,"36":0,"37":0,"38":0,"39":0,"40":0,"41":0,"42":0,"43":0,"44":0,"45":0,"46":0,"47":0,"48":0,"49":0,"50":0,"51":0,"52":0},"f":{"0":0,"1":0,"2":0,"3":0,"4":0,"5":0,"6":0},"b":{"0":[0,0],"1":[0,0],"2":[0,0],"3":[0,0],"4":[0,0],"5":[0,0],"6":[0,0],"7":[0,0]}}
,"/Users/jime0083/clock-app/src/hooks/useGoogleAuth.ts": {"path":"/Users/jime0083/clock-app/src/hooks/useGoogleAuth.ts","statementMap":{"0":{"start":{"line":1,"column":0},"end":{"line":1,"column":null}},"1":{"start":{"line":2,"column":0},"end":{"line":2,"column":null}},"2":{"start":{"line":8,"column":0},"end":{"line":8,"column":null}},"3":{"start":{"line":13,"column":22},"end":{"line":13,"column":96}},"4":{"start":{"line":16,"column":0},"end":{"line":20,"column":null}},"5":{"start":{"line":28,"column":29},"end":{"line":92,"column":1}},"6":{"start":{"line":32,"column":36},"end":{"line":32,"column":51}},"7":{"start":{"line":32,"column":51},"end":{"line":32,"column":null}},"8":{"start":{"line":32,"column":18},"end":{"line":32,"column":20}},"9":{"start":{"line":32,"column":32},"end":{"line":32,"column":36}},"10":{"start":{"line":33,"column":28},"end":{"line":33,"column":57}},"11":{"start":{"line":33,"column":57},"end":{"line":33,"column":null}},"12":{"start":{"line":33,"column":14},"end":{"line":33,"column":16}},"13":{"start":{"line":33,"column":24},"end":{"line":33,"column":28}},"14":{"start":{"line":35,"column":14},"end":{"line":35,"column":17}},"15":{"start":{"line":35,"column":14},"end":{"line":85,"column":null}},"16":{"start":{"line":36,"column":4},"end":{"line":36,"column":null}},"17":{"start":{"line":37,"column":4},"end":{"line":37,"column":null}},"18":{"start":{"line":39,"column":4},"end":{"line":84,"column":null}},"19":{"start":{"line":41,"column":6},"end":{"line":41,"column":null}},"20":{"start":{"line":44,"column":20},"end":{"line":44,"column":50}},"21":{"start":{"line":46,"column":6},"end":{"line":58,"column":null}},"22":{"start":{"line":47,"column":28},"end":{"line":47,"column":23}},"23":{"start":{"line":49,"column":8},"end":{"line":55,"column":null}},"24":{"start":{"line":51,"column":20},"end":{"line":51,"column":54}},"25":{"start":{"line":52,"column":10},"end":{"line":52,"column":null}},"26":{"start":{"line":54,"column":10},"end":{"line":54,"column":null}},"27":{"start":{"line":57,"column":8},"end":{"line":57,"column":null}},"28":{"start":{"line":60,"column":25},"end":{"line":60,"column":48}},"29":{"start":{"line":62,"column":6},"end":{"line":78,"column":null}},"30":{"start":{"line":63,"column":8},"end":{"line":75,"column":null}},"31":{"start":{"line":65,"column":12},"end":{"line":65,"column":null}},"32":{"start":{"line":66,"column":12},"end":{"line":66,"column":null}},"33":{"start":{"line":68,"column":12},"end":{"line":68,"column":null}},"34":{"start":{"line":69,"column":12},"end":{"line":69,"column":null}},"35":{"start":{"line":71,"column":12},"end":{"line":71,"column":null}},"36":{"start":{"line":72,"column":12},"end":{"line":72,"column":null}},"37":{"start":{"line":74,"column":12},"end":{"line":74,"column":null}},"38":{"start":{"line":76,"column":13},"end":{"line":78,"column":null}},"39":{"start":{"line":77,"column":8},"end":{"line":77,"column":null}},"40":{"start":{"line":80,"column":6},"end":{"line":80,"column":null}},"41":{"start":{"line":81,"column":6},"end":{"line":81,"column":null}},"42":{"start":{"line":83,"column":6},"end":{"line":83,"column":null}},"43":{"start":{"line":85,"column":3},"end":{"line":35,"column":17}},"44":{"start":{"line":87,"column":2},"end":{"line":91,"column":null}},"45":{"start":{"line":28,"column":13},"end":{"line":28,"column":29}},"46":{"start":{"line":95,"column":30},"end":{"line":95,"column":33}},"47":{"start":{"line":95,"column":30},"end":{"line":101,"column":null}},"48":{"start":{"line":96,"column":2},"end":{"line":100,"column":null}},"49":{"start":{"line":97,"column":4},"end":{"line":97,"column":null}},"50":{"start":{"line":99,"column":4},"end":{
[...]
column":null}},"2":{"start":{"line":4,"column":0},"end":{"line":4,"column":null}},"3":{"start":{"line":5,"column":0},"end":{"line":5,"column":null}},"4":{"start":{"line":8,"column":0},"end":{"line":8,"column":null}},"5":{"start":{"line":11,"column":24},"end":{"line":11,"column":64}},"6":{"start":{"line":12,"column":25},"end":{"line":12,"column":65}},"7":{"start":{"line":13,"column":26},"end":{"line":13,"column":67}},"8":{"start":{"line":14,"column":24},"end":{"line":14,"column":60}},"9":{"start":{"line":16,"column":21},"end":{"line":16,"column":33}},"10":{"start":{"line":17,"column":15},"end":{"line":17,"column":76}},"11":{"start":{"line":44,"column":26},"end":{"line":44,"column":29}},"12":{"start":{"line":44,"column":26},"end":{"line":49,"column":null}},"13":{"start":{"line":45,"column":19},"end":{"line":45,"column":58}},"14":{"start":{"line":46,"column":2},"end":{"line":48,"column":null}},"15":{"start":{"line":47,"column":13},"end":{"line":47,"column":52}},"16":{"start":{"line":49,"column":1},"end":{"line":44,"column":29}},"17":{"start":{"line":54,"column":27},"end":{"line":54,"column":30}},"18":{"start":{"line":54,"column":27},"end":{"line":60,"column":null}},"19":{"start":{"line":55,"column":14},"end":{"line":57,"column":4}},"20":{"start":{"line":59,"column":2},"end":{"line":59,"column":null}},"21":{"start":{"line":60,"column":1},"end":{"line":54,"column":30}},"22":{"start":{"line":65,"column":19},"end":{"line":65,"column":22}},"23":{"start":{"line":65,"column":19},"end":{"line":70,"column":null}},"24":{"start":{"line":66,"column":19},"end":{"line":66,"column":58}},"25":{"start":{"line":67,"column":2},"end":{"line":69,"column":null}},"26":{"start":{"line":68,"column":13},"end":{"line":68,"column":52}},"27":{"start":{"line":70,"column":1},"end":{"line":65,"column":22}},"28":{"start":{"line":76,"column":24},"end":{"line":86,"column":1}},"29":{"start":{"line":77,"column":15},"end":{"line":77,"column":48}},"30":{"start":{"line":79,"column":2},"end":{"line":81,"column":null}},"31":{"start":{"line":80,"column":4},"end":{"line":80,"column":null}},"32":{"start":{"line":83,"column":2},"end":{"line":85,"column":null}},"33":{"start":{"line":91,"column":23},"end":{"line":91,"column":26}},"34":{"start":{"line":91,"column":23},"end":{"line":184,"column":null}},"35":{"start":{"line":92,"column":2},"end":{"line":183,"column":null}},"36":{"start":{"line":93,"column":25},"end":{"line":93,"column":42}},"37":{"start":{"line":93,"column":20},"end":{"line":93,"column":19}},"38":{"start":{"line":94,"column":22},"end":{"line":94,"column":53}},"39":{"start":{"line":95,"column":23},"end":{"line":95,"column":67}},"40":{"start":{"line":96,"column":15},"end":{"line":96,"column":39}},"41":{"start":{"line":99,"column":20},"end":{"line":99,"column":44}},"42":{"start":{"line":100,"column":4},"end":{"line":100,"column":null}},"43":{"start":{"line":101,"column":4},"end":{"line":101,"column":null}},"44":{"start":{"line":102,"column":4},"end":{"line":102,"column":null}},"45":{"start":{"line":103,"column":4},"end":{"line":103,"column":null}},"46":{"start":{"line":104,"column":4},"end":{"line":104,"column":null}},"47":{"start":{"line":105,"column":4},"end":{"line":105,"column":null}},"48":{"start":{"line":106,"column":4},"end":{"line":106,"column":null}},"49":{"start":{"line":109,"column":16},"end":{"line":109,"column":90}},"50":{"start":{"line":111,"column":4},"end":{"line":116,"column":null}},"51":{"start":{"line":112,"column":6},"end":{"line":115,"column":null}},"52":{"start":{"line":119,"column":24},"end":{"line":119,"column":43}},"53":{"start":{"line":120,"column":17},"end":{"line":120,"column":53}},"54":{"start":{"line":121,"column":26},"end":{"line":121,"column":63}},"55":{"start":{"line":122,"column":18},"end":{"line":122,"column":55}},"56":{"start":{"line":124,"column":4},"end":{"line":129,"column":null}},"57":{"start":{"line":125,"column":6},"end":{"line":128,"column":null}},"58":{"start":{"line":131,"column":4},"end":{"line":136,"column":null}},"59":{"start":{"line":132,"column":6},"end":{"line":135,"column":null}},"60":{"start":{"line":138,"column":4},"end":{"line":143,"column":null}},"61":{"start":{"line":139,"column":6},"end":{"line":142,"column":null}},"62":{"start":{"line":146,"column":21},"end":{"line":146,"column":71}},"63":{"start":{"line":148,"column":4},"end":{"line":153,"column":null}},"64":{"start":{"line":149,"column":6},"end":{"line":152,"column":null}},"65":{"start":{"line":156,"column":20},"end":{"line":156,"column":74}},"66":{"start":{"line":158,"column":4},"end":{"line":163,"column":null}},"67":{"start":{"line":159,"column":6},"end":{"line":162,"column":null}},"68":{"start":{"line":165,"column":38},"end":{"line":171,"column":null}},"69":{"start":{"line":173,"column":4},"end":{"line":176,"column":null}},"70":{"start":{"line":178,"column":25},"end":{"line":178,"column":81}},"71":{"start":{"line":179,"column":4},"end":{"line":182,"column":null}},"72":{"start":{"line":184,"column":1},"end":{"line":91,"column":26}},"73":{"start":{"line":91,"column":13},"end":{"line":91,"column":26}},"74":{"start":{"line":189,"column":27},"end":{"line":189,"column":30}},"75":{"start":{"line":189,"column":27},"end":{"line":225,"column":null}},"76":{"start":{"line":193,"column":2},"end":{"line":224,"column":null}},"77":{"start":{"line":194,"column":25},"end":{"line":194,"column":42}},"78":{"start":{"line":194,"column":20},"end":{"line":194,"column":19}},"79":{"start":{"line":196,"column":19},"end":{"line":196,"column":40}},"80":{"start":{"line":197,"column":4},"end":{"line":197,"column":null}},"81":{"start":{"line":198,"column":4},"end":{"line":198,"column":null}},"82":{"start":{"line":199,"column":4},"end":{"line":199,"column":null}},"83":{"start":{"line":200,"column":4},"end":{"line":200,"column":null}},"84":{"start":{"line":201,"column":4},"end":{"line":201,"column":null}},"85":{"start":{"line":203,"column":18},"end":{"line":209,"column":6}},"86":{"start":{"line":211,"column":4},"end":{"line":217,"column":null}},"87":{"start":{"line":212,"column":21},"end":{"line":212,"column":45}},"88":{"start":{"line":213,"column":6},"end":{"line":216,"column":null}},"89":{"start":{"line":219,"column":16},"end":{"line":219,"column":56}},"90":{"start":{"line":220,"column":4},"end":{"line":220,"column":null}},"91":{"start":{"line":222,"column":25},"end":{"line":222,"column":81}},"92":{"start":{"line":223,"column":4},"end":{"line":223,"column":null}},"93":{"start":{"line":225,"column":1},"end":{"line":189,"column":30}},"94":{"start":{"line":230,"column":18},"end":{"line":230,"column":21}},"95":{"start":{"line":230,"column":18},"end":{"line":254,"column":null}},"96":{"start":{"line":233,"column":2},"end":{"line":253,"column":null}},"97":{"start":{"line":234,"column":18},"end":{"line":238,"column":6}},"98":{"start":{"line":240,"column":4},"end":{"line":246,"column":null}},"99":{"start":{"line":241,"column":21},"end":{"line":241,"column":45}},"100":{"start":{"line":242,"column":6},"end":{"line":245,"column":null}},"101":{"start":{"line":248,"column":14},"end":{"line":248,"column":53}},"102":{"start":{"line":249,"column":4},"end":{"line":249,"column":null}},"103":{"start":{"line":251,"column":25},"end":{"line":251,"column":81}},"104":{"start":{"line":252,"column":4},"end":{"line":252,"column":null}},"105":{"start":{"line":254,"column":1},"end":{"line":230,"column":21}},"106":{"start":{"line":263,"column":25},"end":{"line":263,"column":28}},"107":{"start":{"line":263,"column":25},"end":{"line":284,"column":null}},"108":{"start":{"line":264,"column":2},"end":{"line":283,"column":null}},"109":{"start":{"line":265,"column":25},"end":{"line":265,"column":42}},"110":{"start":{"line":265,"column":20},"end":{"line":265,"column":19}},"111":{"start":{"line":267,"column":19},"end":{"line":267,"column":40}},"112":{"start":{"line":268,"column":4},"end":{"line":268,"column":null}},"113":{"start":{"line":269,"column":4},"end":{"line":269,"column":null}},"114":{"start":{"line":270,"column":4},"end":{"line":270,"column":null}},"115":{"start":{"line":272,"column":18},"end":{"line":278,"column":6}},"116":{"start":{"line":280,"column":4},"end":{"line":280,"column":null}},"117":{"start":{"line":282,"column":4},"end":{"line":282,"column":null}},"118":{"start":{"line":284,"column":1},"end":{"line":263,"column":28}},"119":{"start":{"line":263,"column":13},"end":{"line":263,"column":28}}},"fnMap":{"0":{"name":"(anonymous_10)","decl":{"start":{"line":44,"column":26},"end":{"line":44,"column":29}},"loc":{"start":{"line":44,"column":26},"end":{"line":44,"column":29}}},"1":{"name":"(anonymous_11)","decl":{"start":{"line":44,"column":29},"end":{"line":44,"column":57}},"loc":{"start":{"line":44,"column":57},"end":{"line":49,"column":1}}},"2":{"name":"(anonymous_12)","decl":{"start":{"line":47,"column":9},"end":{"line":47,"column":13}},"loc":{"start":{"line":47,"column":13},"end":{"line":47,"column":52}}},"3":{"name":"generateCodeVerifier","decl":{"start":{"line":44,"column":6},"end":{"line":44,"column":26}},"loc":{"start":{"line":44,"column":26},"end":{"line":44,"column":29}}},"4":{"name":"(anonymous_14)","decl":{"start":{"line":54,"column":27},"end":{"line":54,"column":30}},"loc":{"start":{"line":54,"column":27},"end":{"line":54,"column":30}}},"5":{"name":"(anonymous_15)","decl":{"start":{"line":54,"column":30},"end":{"line":54,"column":37}},"loc":{"start":{"line":54,"column":74},"end":{"line":60,"column":1}}},"6":{"name":"generateCodeChallenge","decl":{"start":{"line":54,"column":6},"end":{"line":54,"column":27}},"loc":{"start":{"line":54,"column":27},"end":{"line":54,"column":30}}},"7":{"name":"(anonymous_17)","decl":{"start":{"line":65,"column":19},"end":{"line":65,"column":22}},"loc":{"start":{"line":65,"column":19},"end":{"line":65,"column":22}}},"8":{"name":"(anonymous_18)","decl":{"start":{"line":65,"column":22},"end":{"line":65,"column":50}},"loc":{"start":{"line":65,"column":50},"end":{"line":70,"column":1}}},"9":{"name":"(anonymous_19)","decl":{"start":{"line":68,"column":9},"end":{"line":68,"column":13}},"loc":{"start":{"line":68,"column":13},"end":{"line":68,"column":52}}},"10":{"name":"generateState","decl":{"start":{"line":65,"column":6},"end":{"line":65,"column":19}},"loc":{"start":{"line":65,"column":19},"end":{"line":65,"column":22}}},"11":{"name":"getXCredentials","decl":{"start":{"line":76,"column":6},"end":{"line":76,"column":21}},"loc":{"start":{"line":76,"column":51},"end":{"line":86,"column":1}}},"12":{"name":"(anonymous_22)","decl":{"start":{"line":91,"column":23},"end":{"line":91,"column":26}},"loc":{"start":{"line":91,"column":23},"end":{"line":91,"column":26}}},"13":{"name":"(anonymous_23)","decl":{"start":{"line":91,"column":26},"end":{"line":91,"column":59}},"loc":{"start":{"line":91,"column":59},"end":{"line":184,"column":1}}},"14":{"name":"startXAuth","decl":{"start":{"line":91,"column":13},"end":{"line":91,"column":23}},"loc":{"start":{"line":91,"column":23},"end":{"line":91,"column":26}}},"15":{"name":"(anonymous_25)","decl":{"start":{"line":189,"column":27},"end":{"line":189,"column":30}},"loc":{"start":{"line":189,"column":27},"end":{"line":189,"column":30}}},"16":{"name":"(anonymous_26)","decl":{"start":{"line":189,"column":30},"end":{"line":189,"column":null}},"loc":{"start":{"line":192,"column":76},"end":{"line":225,"column":1}}},"17":{"name":"exchangeCodeForTokens","decl":{"start":{"line":189,"column":6},"end":{"line":189,"column":27}},"loc":{"start":{"line":189,"column":27},"end":{"line":189,"column":30}}},"18":{"name":"(anonymous_28)","decl":{"start":{"line":230,"column":18},"end":{"line":230,"column":21}},"loc":{"start":{"line":230,"column":18},"end":{"line":230,"column":21}}},"19":{"name":"(anonymous_29)","decl":{"start":{"line":230,"column":21},"end":{"line":230,"column":null}},"loc":{"start":{"line":232,"column":81},"end":{"line":254,"column":1}}},"20":{"name":"getXUserInfo","decl":{"start":{"line":230,"column":6},"end":{"line":230,"column":18}},"loc":{"start":{"line":230,"column":18},"end":{"line":230,"column":21}}},"21":{"name":"(anonymous_31)","decl":{"start":{"line":263,"column":25},"end":{"line":263,"column":28}},"loc":{"start":{"line":263,"column":25},"end":{"line":263,"column":28}}},"22":{"name":"(anonymous_32)","decl":{"start":{"line":263,"column":28},"end":{"line":263,"column":35}},"loc":{"start":{"line":263,"column":76},"end":{"line":284,"column":1}}},"23":{"name":"revokeXToken","decl":{"start":{"line":263,"column":13},"end":{"line":263,"column":25}},"loc":{"start":{"line":263,"column":25},"end":{"line":263,"column":28}}}},"branchMap":{"0":{"loc":{"start":{"line":77,"column":15},"end":{"line":77,"column":48}},"type":"cond-expr","locations":[{"start":{"line":77,"column":45},"end":{"line":77,"column":47}},{"start":{"line":77,"column":18},"end":{"line":77,"column":48}}]},"1":{"loc":{"start":{"line":77,"column":15},"end":{"line":77,"column":47}},"type":"binary-expr","locations":[{"start":{"line":77,"column":15},"end":{"line":77,"column":40}},{"start":{"line":77,"column":38},"end":{"line":77,"column":47}}]},"2":{"loc":{"start":{"line":79,"column":2},"end":{"line":81,"column":null}},"type":"if","locations":[{"start":{"line":79,"column":2},"end":{"line":81,"column":null}},{"start":{},"end":{}}]},"3":{"loc":{"start":{"line":79,"column":7},"end":{"line":79,"column":24}},"type":"binary-expr","locations":[{"start":{"line":79,"column":7},"end":{"line":79,"column":16}},{"start":{"line":79,"column":7},"end":{"line":79,"column":24}}]},"4":{"loc":{"start":{"line":111,"column":4},"end":{"line":116,"column":null}},"type":"if","locations":[{"start":{"line":111,"column":4},"end":{"line":116,"column":null}},{"start":{},"end":{}}]},"5":{"loc":{"start":{"line":114,"column":15},"end":{"line":114,"column":null}},"type":"cond-expr","locations":[{"start":{"line":114,"column":42},"end":{"line":114,"column":68}},{"start":{"line":114,"column":71},"end":{"line":114,"column":null}}]},"6":{"loc":{"start":{"line":124,"column":4},"end":{"line":129,"column":null}},"type":"if","locations":[{"start":{"line":124,"column":4},"end":{"line":129,"column":null}},{"start":{},"end":{}}]},"7":{"loc":{"start":{"line":131,"column":4},"end":{"line":136,"column":null}},"type":"if","locations":[{"start":{"line":131,"column":4},"end":{"line":136,"column":null}},{"start":{},"end":{}}]},"8":{"loc":{"start":{"line":138,"column":4},"end":{"line":143,"column":null}},"type":"if","locations":[{"start":{"line":138,"column":4},"end":{"line":143,"column":null}},{"start":{},"end":{}}]},"9":{"loc":{"start":{"line":148,"column":4},"end":{"line":153,"column":null}},"type":"if","locations":[{"start":{"line":148,"column":4},"end":{"line":153,"column":null}},{"start":{},"end":{}}]},"10":{"loc":{"start":{"line":148,"column":8},"end":{"line":148,"column":51}},"type":"binary-expr","locations":[{"start":{"line":148,"column":8},"end":{"line":148,"column":28}},{"start":{"line":148,"column":32},"end":{"line":148,"column":51}}]},"11":{"loc":{"start":{"line":151,"column":15},"end":{"line":151,"column":null}},"type":"binary-expr","locations":[{"start":{"line":151,"column":15},"end":{"line":151,"column":32}},{"start":{"line":151,"column":36},"end":{"line":151,"column":null}}]},"12":{"loc":{"start":{"line":158,"column":4},"end":{"line":163,"column":null}},"type":"if","locations":[{"start":{"line":158,"column":4},"end":{"line":163,"column":null}},{"start":{},"end":{}}]},"13":{"loc":{"start":{"line":158,"column":8},"end":{"line":158,"column":47}},"type":"binary-expr","locations":[{"start":{"line":158,"column":8},"end":{"line":158,"column":27}},{"start":{"line":158,"column":31},"end":{"line":158,"column":47}}]},"14":{"loc":{"start":{"line":161,"column":15},"end":{"line":161,"column":null}},"type":"binary-expr","locations":[{"start":{"line":161,"column":15},"end":{"line":161,"column":31}},{"start":{"line":161,"column":35},"end":{"line":161,"column":null}}]},"15":{"loc":{"start":{"line":178,"column":25},"end":{"line":178,"column":81}},"type":"cond-expr","locations":[{"start":{"line":178,"column":50},"end":{"line":178,"column":63}},{"start":{"line":178,"column":66},"end":{"line":178,"column":81}}]},"16":{"loc":{"start":{"line":211,"column":4},"end":{"line":217,"column":null}},"type":"if","locations":[{"start":{"line":211,"column":4},"end":{"line":217,"column":null}},{"start":{},"end":{}}]},"17":{"loc":{"start":{"line":215,"column":15},"end":{"line":215,"column":null}},"type":"binary-expr","locations":[{"start":{"line":215,"column":15},"end":{"line":215,"column":42}},{"start":{"line":215,"column":46},"end":{"line":215,"column":null}}]},"18":{"loc":{"start":{"line":222,"column":25},"end":{"line":222,"column":81}},"type":"cond-expr","locations":[{"start":{"line":222,"column":50},"end":{"line":222,"column":63}},{"start":{"line":222,"column":66},"end":{"line":222,"column":81}}]},"19":{"loc":{"start":{"line":240,"column":4},"end":{"line":246,"column":null}},"type":"if","locations":[{"start":{"line":240,"column":4},"end":{"line":246,"column":null}},{"start":{},"end":{}}]},"20":{"loc":{"start":{"line":244,"column":15},"end":{"line":244,"column":null}},"type":"binary-expr","locations":[{"start":{"line":244,"column":15},"end":{"line":244,"column":31}},{"start":{"line":244,"column":35},"end":{"line":244,"column":null}}]},"21":{"loc":{"start":{"line":251,"column":25},"end":{"line":251,"column":81}},"type":"cond-expr","locations":[{"start":{"line":251,"column":50},"end":{"line":251,"column":63}},{"start":{"line":251,"column":66},"end":{"line":251,"column":81}}]}},"s":{"0":2,"1":2,"2":2,"3":2,"4":2,"5":2,"6":2,"7":2,"8":2,"9":2,"10":2,"11":10,"12":2,"13":8,"14":8,"15":256,"16":2,"17":10,"18":2,"19":8,"20":8,"21":2,"22":10,"23":2,"24":8,"25":8,"26":128,"27":2,"28":2,"29":15,"30":15,"31":1,"32":14,"33":11,"34":2,"35":9,"36":9,"37":8,"38":8,"39":8,"40":8,"41":8,"42":8,"43":8,"44":8,"45":8,"46":8,"47":8,"48":8,"49":8,"50":8,"51":2,"52":6,"53":6,"54":6,"55":6,"56":6,"57":1,"58":5,"59":1,"60":4,"61":1,"62":3,"63":3,"64":1,"65":2,"66":2,"67":1,"68":1,"69":1,"70":1,"71":1,"72":2,"73":2,"74":5,"75":2,"76":3,"77":3,"78":3,"79":3,"80":3,"81":3,"82":3,"83":3,"84":3,"85":3,"86":3,"87":1,"88":1,"89":2,"90":2,"91":0,"92":0,"93":2,"94":4,"95":2,"96":2,"97":2,"98":2,"99":1,"100":1,"101":1,"102":1,"103":0,"104":0,"105":2,"106":5,"107":2,"108":3,"109":3,"110":3,"111":3,"112":3,"113":3,"114":3,"115":3,"116":2,"117":1,"118":2,"119":2},"f":{"0":2,"1":8,"2":256,"3":8,"4":2,"5":8,"6":8,"7":2,"8":8,"9":128,"10":8,"11":15,"12":2,"13":9,"14":9,"15":2,"16":3,"17":3,"18":2,"19":2,"20":2,"21":2,"22":3,"23":3},"b":{"0":[0,15],"1":[15,15],"2":[1,14],"3":[15,14],"4":[2,6],"5":[1,1],"6":[1,5],"7":[1,4],"8":[1,3],"9":[1,2],"10":[3,2],"11":[1,0],"12":[1,1],"13":[2,1],"14":[1,0],"15":[1,0],"16":[1,2],"17":[1,0],"18":[0,0],"19":[1,1],"20":[1,0],"21":[0,0]}}
,"/Users/jime0083/clock-app/src/utils/logger.ts": {"path":"/Users/jime0083/clock-app/src/utils/logger.ts","statementMap":{"0":{"start":{"line":6,"column":13},"end":{"line":19,"column":null}},"1":{"start":{"line":8,"column":4},"end":{"line":11,"column":null}},"2":{"start":{"line":10,"column":6},"end":{"line":10,"column":null}},"3":{"start":{"line":14,"column":4},"end":{"line":14,"column":null}},"4":{"start":{"line":17,"column":4},"end":{"line":17,"column":null}}},"fnMap":{"0":{"name":"log","decl":{"start":{"line":7,"column":2},"end":{"line":7,"column":5}},"loc":{"start":{"line":7,"column":36},"end":{"line":12,"column":3}}},"1":{"name":"warn","decl":{"start":{"line":13,"column":2},"end":{"line":13,"column":6}},"loc":{"start":{"line":13,"column":37},"end":{"line":15,"column":3}}},"2":{"name":"error","decl":{"start":{"line":16,"column":2},"end":{"line":16,"column":7}},"loc":{"start":{"line":16,"column":38},"end":{"line":18,"column":null}}}},"branchMap":{"0":{"loc":{"start":{"line":8,"column":4},"end":{"line":11,"column":null}},"type":"if","locations":[{"start":{"line":8,"column":4},"end":{"line":11,"column":null}},{"start":{},"end":{}}]}},"s":{"0":10,"1":161,"2":161,"3":0,"4":0},"f":{"0":161,"1":0,"2":0},"b":{"0":[161,0]}}
}
