TN:
SF:src/components/home/AlarmCard.tsx
FN:17,AlarmCard
FN:21,AlarmCardTsx1Factory
FN:25,handlePressIn
FN:29,handlePressOut
FNF:4
FNH:0
FNDA:0,AlarmCard
FNDA:0,AlarmCardTsx1Factory
FNDA:0,handlePressIn
FNDA:0,handlePressOut
DA:1,0
DA:2,0
DA:3,0
DA:9,0
DA:10,0
DA:17,0
DA:18,0
DA:19,0
DA:21,0
DA:22,0
DA:23,0
DA:25,0
DA:26,0
DA:29,0
DA:30,0
DA:33,0
DA:35,0
DA:48,0
LF:18
LH:0
BRDA:33,0,0,0
BRDA:33,0,1,0
BRF:2
BRH:0
end_of_record
TN:
SF:src/components/home/SNSConnectionCard.tsx
FN:12,SNSConnectionCard
FNF:1
FNH:0
FNDA:0,SNSConnectionCard
DA:1,0
DA:2,0
DA:3,0
DA:4,0
DA:5,0
DA:12,0
DA:13,0
DA:15,0
DA:30,0
LF:9
LH:0
BRDA:20,0,0,0
BRDA:20,0,1,0
BRDA:22,1,0,0
BRDA:22,1,1,0
BRDA:23,2,0,0
BRDA:23,2,1,0
BRF:6
BRH:0
end_of_record
TN:
SF:src/components/home/StatCard.tsx
FN:13,StatCard
FNF:1
FNH:0
FNDA:0,StatCard
DA:1,0
DA:2,0
DA:3,0
DA:4,0
DA:13,0
DA:14,0
DA:30,0
LF:7
LH:0
BRF:0
BRH:0
end_of_record
TN:
SF:src/components/menu/MenuDrawer.tsx
FN:80,MenuDrawer
FN:90,(anonymous_11)
FN:91,(anonymous_12)
FN:93,renderMenuItem
FN:96,onPress
FN:97,style
FN:165,(anonymous_16)
FN:171,(anonymous_17)
FNF:8
FNH:0
FNDA:0,MenuDrawer
FNDA:0,(anonymous_11)
FNDA:0,(anonymous_12)
FNDA:0,renderMenuItem
FNDA:0,onPress
FNDA:0,style
FNDA:0,(anonymous_16)
FNDA:0,(anonymous_17)
DA:1,0
DA:2,0
DA:3,0
DA:4,0
DA:5,0
DA:6,0
DA:7,0
DA:26,0
DA:80,0
DA:81,0
DA:82,0
DA:83,0
DA:84,0
DA:85,0
DA:87,0
DA:88,0
DA:90,0
DA:91,0
DA:93,0
DA:96,0
DA:97,0
DA:112,0
DA:114,0
DA:165,0
DA:171,0
DA:182,0
LF:26
LH:0
BRDA:97,0,0,0
BRDA:97,0,1,0
BRDA:102,1,0,0
BRDA:102,1,1,0
BRDA:104,2,0,0
BRDA:104,2,1,0
BRDA:112,3,0,0
BRDA:112,3,1,0
BRDA:145,4,0,0
BRDA:145,4,1,0
BRDA:145,4,2,0
BRDA:151,5,0,0
BRDA:151,5,1,0
BRDA:152,6,0,0
BRDA:152,6,1,0
BRF:15
BRH:0
end_of_record
TN:
SF:src/components/modals/DeleteAccountModal.tsx
FN:22,DeleteAccountModal
FN:30,(anonymous_10)
FN:30,(anonymous_11)
FN:30,handleDelete
FNF:4
FNH:0
FNDA:0,DeleteAccountModal
FNDA:0,(anonymous_10)
FNDA:0,(anonymous_11)
FNDA:0,handleDelete
DA:1,0
DA:2,0
DA:11,0
DA:12,0
DA:13,0
DA:14,0
DA:22,0
DA:23,0
DA:24,0
DA:25,0
DA:27,0
DA:28,0
DA:30,0
DA:31,0
DA:32,0
DA:33,0
DA:35,0
DA:37,0
DA:39,0
DA:41,0
DA:43,0
DA:94,0
LF:22
LH:0
BRDA:41,0,0,0
BRDA:41,0,1,0
BRDA:51,1,0,0
BRDA:51,1,1,0
BRDA:81,2,0,0
BRDA:81,2,1,0
BRDA:108,3,0,0
BRDA:108,3,1,0
BRF:8
BRH:0
end_of_record
TN:
SF:src/components/modals/LanguageSettingModal.tsx
FN:36,LanguageSettingModal
FN:45,(anonymous_10)
FN:51,handleSave
FN:78,(anonymous_12)
FN:83,onPress
FN:105,LanguageOptionButton
FN:113,LanguageSettingModalTsx1Factory
FN:117,handlePressIn
FN:121,handlePressOut
FNF:9
FNH:0
FNDA:0,LanguageSettingModal
FNDA:0,(anonymous_10)
FNDA:0,handleSave
FNDA:0,(anonymous_12)
FNDA:0,onPress
FNDA:0,LanguageOptionButton
FNDA:0,LanguageSettingModalTsx1Factory
FNDA:0,handlePressIn
FNDA:0,handlePressOut
DA:1,0
DA:2,0
DA:3,0
DA:12,0
DA:14,0
DA:24,0
DA:36,0
DA:37,0
DA:38,0
DA:39,0
DA:40,0
DA:42,0
DA:43,0
DA:45,0
DA:46,0
DA:47,0
DA:51,0
DA:52,0
DA:53,0
DA:56,0
DA:58,0
DA:78,0
DA:83,0
DA:96,0
DA:105,0
DA:106,0
DA:107,0
DA:108,0
DA:109,0
DA:111,0
DA:113,0
DA:114,0
DA:115,0
DA:117,0
DA:118,0
DA:121,0
DA:122,0
DA:125,0
DA:149,0
LF:39
LH:0
BRDA:46,0,0,0
BRDA:46,0,1,0
BRDA:56,1,0,0
BRDA:56,1,1,0
BRDA:131,2,0,0
BRDA:131,2,1,0
BRDA:134,3,0,0
BRDA:134,3,1,0
BRDA:137,4,0,0
BRDA:137,4,1,0
BRDA:141,5,0,0
BRDA:141,5,1,0
BRDA:142,6,0,0
BRDA:142,6,1,0
BRDA:163,7,0,0
BRDA:163,7,1,0
BRF:16
BRH:0
end_of_record
TN:
SF:src/components/modals/SNSConnectionModal.tsx
FN:34,SNSConnectionModal
FN:46,(anonymous_11)
FN:46,(anonymous_12)
FN:46,handleConnect
FN:54,handleDisconnect
FN:63,(anonymous_15)
FN:63,(anonymous_16)
FN:63,onPress
FNF:8
FNH:0
FNDA:0,SNSConnectionModal
FNDA:0,(anonymous_11)
FNDA:0,(anonymous_12)
FNDA:0,handleConnect
FNDA:0,handleDisconnect
FNDA:0,(anonymous_15)
FNDA:0,(anonymous_16)
FNDA:0,onPress
DA:1,0
DA:2,0
DA:12,0
DA:21,0
DA:22,0
DA:23,0
DA:24,0
DA:25,0
DA:34,0
DA:35,0
DA:36,0
DA:37,0
DA:38,0
DA:40,0
DA:41,0
DA:43,0
DA:44,0
DA:46,0
DA:47,0
DA:48,0
DA:49,0
DA:50,0
DA:52,0
DA:54,0
DA:55,0
DA:63,0
DA:64,0
DA:65,0
DA:66,0
DA:67,0
DA:68,0
DA:75,0
DA:77,0
DA:79,0
DA:172,0
LF:35
LH:0
BRDA:43,0,0,0
BRDA:43,0,1,0
BRDA:43,1,0,0
BRDA:43,1,1,0
BRDA:44,2,0,0
BRDA:44,2,1,0
BRDA:48,3,0,0
BRDA:48,3,1,0
BRDA:64,4,0,0
BRDA:64,4,1,0
BRDA:66,5,0,0
BRDA:66,5,1,0
BRDA:75,6,0,0
BRDA:75,6,1,0
BRDA:77,7,0,0
BRDA:77,7,1,0
BRDA:106,8,0,0
BRDA:106,8,1,0
BRDA:115,9,0,0
BRDA:115,9,1,0
BRDA:122,10,0,0
BRDA:122,10,1,0
BRDA:130,11,0,0
BRDA:130,11,1,0
BRDA:136,12,0,0
BRDA:136,12,1,0
BRDA:151,13,0,0
BRDA:151,13,1,0
BRDA:186,14,0,0
BRDA:186,14,1,0
BRF:30
BRH:0
end_of_record
TN:
SF:src/components/modals/WeeklySummaryModal.tsx
FN:16,WeeklySummaryModal
FNF:1
FNH:0
FNDA:0,WeeklySummaryModal
DA:1,0
DA:2,0
DA:3,0
DA:4,0
DA:5,0
DA:6,0
DA:7,0
DA:16,0
DA:17,0
DA:18,0
DA:19,0
DA:20,0
DA:22,0
DA:24,0
DA:26,0
DA:93,0
LF:16
LH:0
BRDA:24,0,0,0
BRDA:24,0,1,0
BRDA:110,1,0,0
BRDA:110,1,1,0
BRF:4
BRH:0
end_of_record
TN:
SF:src/constants/colors.ts
FNF:0
FNH:0
DA:4,0
LF:1
LH:0
BRF:0
BRH:0
end_of_record
TN:
SF:src/constants/urls.ts
FNF:0
FNH:0
DA:2,0
DA:3,0
DA:4,0
LF:3
LH:0
BRF:0
BRH:0
end_of_record
TN:
SF:src/contexts/AuthContext.tsx
FN:25,AuthProvider
FN:28,(anonymous_10)
FN:29,(anonymous_11)
FN:29,(anonymous_12)
FN:59,(anonymous_13)
FN:61,(anonymous_14)
FN:64,(anonymous_15)
FN:65,(anonymous_16)
FN:77,(anonymous_17)
FN:82,(anonymous_18)
FN:83,(anonymous_19)
FN:103,useAuth
FNF:12
FNH:0
FNDA:0,AuthProvider
FNDA:0,(anonymous_10)
FNDA:0,(anonymous_11)
FNDA:0,(anonymous_12)
FNDA:0,(anonymous_13)
FNDA:0,(anonymous_14)
FNDA:0,(anonymous_15)
FNDA:0,(anonymous_16)
FNDA:0,(anonymous_17)
FNDA:0,(anonymous_18)
FNDA:0,(anonymous_19)
FNDA:0,useAuth
DA:1,0
DA:3,0
DA:15,0
DA:23,0
DA:25,0
DA:26,0
DA:28,0
DA:29,0
DA:30,0
DA:31,0
DA:32,0
DA:33,0
DA:41,0
DA:42,0
DA:51,0
DA:59,0
DA:61,0
DA:64,0
DA:65,0
DA:66,0
DA:67,0
DA:68,0
DA:76,0
DA:77,0
DA:78,0
DA:82,0
DA:83,0
DA:90,0
DA:103,0
DA:104,0
DA:105,0
DA:106,0
DA:108,0
LF:33
LH:0
BRDA:30,0,0,0
BRDA:30,0,1,0
BRDA:105,1,0,0
BRDA:105,1,1,0
BRF:4
BRH:0
end_of_record
TN:
SF:src/contexts/SubscriptionContext.tsx
FN:36,SubscriptionProvider
FN:44,(anonymous_10)
FN:45,(anonymous_11)
FN:45,(anonymous_12)
FN:45,initialize
FN:59,(anonymous_14)
FN:60,(anonymous_15)
FN:60,(anonymous_16)
FN:60,handleAuthChange
FN:82,(anonymous_18)
FN:93,(anonymous_19)
FN:102,(anonymous_20)
FN:102,(anonymous_21)
FN:114,(anonymous_22)
FN:116,(anonymous_23)
FN:146,useSubscription
FNF:16
FNH:0
FNDA:0,SubscriptionProvider
FNDA:0,(anonymous_10)
FNDA:0,(anonymous_11)
FNDA:0,(anonymous_12)
FNDA:0,initialize
FNDA:0,(anonymous_14)
FNDA:0,(anonymous_15)
FNDA:0,(anonymous_16)
FNDA:0,handleAuthChange
FNDA:0,(anonymous_18)
FNDA:0,(anonymous_19)
FNDA:0,(anonymous_20)
FNDA:0,(anonymous_21)
FNDA:0,(anonymous_22)
FNDA:0,(anonymous_23)
FNDA:0,useSubscription
DA:1,0
DA:10,0
DA:11,0
DA:30,0
DA:36,0
DA:37,0
DA:38,0
DA:39,0
DA:40,0
DA:41,0
DA:44,0
DA:45,0
DA:46,0
DA:47,0
DA:48,0
DA:50,0
DA:51,0
DA:53,0
DA:55,0
DA:59,0
DA:60,0
DA:61,0
DA:63,0
DA:64,0
DA:65,0
DA:66,0
DA:67,0
DA:69,0
DA:72,0
DA:73,0
DA:74,0
DA:76,0
DA:77,0
DA:79,0
DA:82,0
DA:83,0
DA:85,0
DA:86,0
DA:87,0
DA:89,0
DA:93,0
DA:94,0
DA:95,0
DA:96,0
DA:98,0
DA:102,0
DA:103,0
DA:104,0
DA:105,0
DA:106,0
DA:107,0
DA:109,0
DA:111,0
DA:112,0
DA:114,0
DA:116,0
DA:117,0
DA:118,0
DA:119,0
DA:120,0
DA:121,0
DA:123,0
DA:125,0
DA:126,0
DA:130,0
DA:146,0
DA:147,0
DA:148,0
DA:149,0
DA:151,0
LF:70
LH:0
BRDA:61,0,0,0
BRDA:61,0,1,0
BRDA:63,1,0,0
BRDA:63,1,1,0
BRDA:63,2,0,0
BRDA:63,2,1,0
BRDA:63,2,2,0
BRDA:80,3,0,0
BRDA:80,3,1,0
BRDA:83,4,0,0
BRDA:83,4,1,0
BRDA:83,5,0,0
BRDA:83,5,1,0
BRDA:91,6,0,0
BRDA:91,6,1,0
BRDA:105,7,0,0
BRDA:105,7,1,0
BRDA:119,8,0,0
BRDA:119,8,1,0
BRDA:148,9,0,0
BRDA:148,9,1,0
BRF:21
BRH:0
end_of_record
TN:
SF:src/hooks/useAccelerometer.ts
FN:19,useAccelerometer
FN:27,(anonymous_1)
FN:28,(anonymous_2)
FN:28,(anonymous_3)
FN:28,checkAvailability
FN:36,(anonymous_5)
FN:37,(anonymous_6)
FN:42,(anonymous_7)
FN:47,(anonymous_8)
FN:49,(anonymous_9)
FN:59,(anonymous_10)
FN:64,(anonymous_11)
FN:70,(anonymous_12)
FN:99,useCalibration
FN:126,(anonymous_14)
FN:144,(anonymous_15)
FN:163,(anonymous_16)
FN:190,(anonymous_17)
FN:194,(anonymous_18)
FNF:19
FNH:0
FNDA:0,useAccelerometer
FNDA:0,(anonymous_1)
FNDA:0,(anonymous_2)
FNDA:0,(anonymous_3)
FNDA:0,checkAvailability
FNDA:0,(anonymous_5)
FNDA:0,(anonymous_6)
FNDA:0,(anonymous_7)
FNDA:0,(anonymous_8)
FNDA:0,(anonymous_9)
FNDA:0,(anonymous_10)
FNDA:0,(anonymous_11)
FNDA:0,(anonymous_12)
FNDA:0,useCalibration
FNDA:0,(anonymous_14)
FNDA:0,(anonymous_15)
FNDA:0,(anonymous_16)
FNDA:0,(anonymous_17)
FNDA:0,(anonymous_18)
DA:1,0
DA:2,0
DA:19,0
DA:20,0
DA:21,0
DA:22,0
DA:23,0
DA:24,0
DA:27,0
DA:28,0
DA:29,0
DA:30,0
DA:31,0
DA:32,0
DA:36,0
DA:37,0
DA:38,0
DA:39,0
DA:42,0
DA:43,0
DA:47,0
DA:48,0
DA:49,0
DA:50,0
DA:52,0
DA:54,0
DA:55,0
DA:59,0
DA:60,0
DA:61,0
DA:64,0
DA:65,0
DA:66,0
DA:67,0
DA:70,0
DA:71,0
DA:74,0
DA:99,0
DA:100,0
DA:101,0
DA:103,0
DA:104,0
DA:107,0
DA:108,0
DA:109,0
DA:110,0
DA:113,0
DA:122,0
DA:126,0
DA:128,0
DA:131,0
DA:132,0
DA:133,0
DA:134,0
DA:136,0
DA:137,0
DA:138,0
DA:141,0
DA:144,0
DA:145,0
DA:146,0
DA:149,0
DA:151,0
DA:153,0
DA:154,0
DA:155,0
DA:156,0
DA:157,0
DA:158,0
DA:163,0
DA:164,0
DA:165,0
DA:166,0
DA:167,0
DA:168,0
DA:169,0
DA:170,0
DA:171,0
DA:172,0
DA:174,0
DA:179,0
DA:182,0
DA:184,0
DA:185,0
DA:186,0
DA:190,0
DA:191,0
DA:194,0
DA:195,0
DA:196,0
DA:197,0
DA:198,0
DA:199,0
DA:200,0
DA:201,0
DA:202,0
DA:205,0
LF:97
LH:0
BRDA:122,0,0,0
BRDA:122,0,1,0
BRDA:122,1,0,0
BRDA:122,1,1,0
BRDA:149,2,0,0
BRDA:149,2,1,0
BRDA:153,3,0,0
BRDA:153,3,1,0
BRDA:155,4,0,0
BRDA:155,4,1,0
BRDA:157,5,0,0
BRDA:157,5,1,0
BRDA:164,6,0,0
BRDA:164,6,1,0
BRDA:168,7,0,0
BRDA:168,7,1,0
BRDA:172,8,0,0
BRDA:172,8,1,0
BRF:18
BRH:0
end_of_record
TN:
SF:src/hooks/useAppleAuth.ts
FN:14,useAppleAuth
FN:23,(anonymous_10)
FN:23,(anonymous_11)
FN:23,checkAvailability
FN:31,(anonymous_13)
FN:31,(anonymous_14)
FN:31,signIn
FNF:7
FNH:0
FNDA:0,useAppleAuth
FNDA:0,(anonymous_10)
FNDA:0,(anonymous_11)
FNDA:0,checkAvailability
FNDA:0,(anonymous_13)
FNDA:0,(anonymous_14)
FNDA:0,signIn
DA:1,0
DA:2,0
DA:3,0
DA:4,0
DA:14,0
DA:18,0
DA:19,0
DA:20,0
DA:23,0
DA:24,0
DA:25,0
DA:26,0
DA:29,0
DA:31,0
DA:32,0
DA:33,0
DA:34,0
DA:35,0
DA:36,0
DA:39,0
DA:40,0
DA:42,0
DA:44,0
DA:45,0
DA:50,0
DA:58,0
DA:59,0
DA:60,0
DA:62,0
DA:65,0
DA:67,0
DA:68,0
DA:69,0
DA:71,0
DA:72,0
DA:74,0
DA:75,0
DA:76,0
DA:79,0
DA:81,0
DA:83,0
LF:41
LH:0
BRDA:32,0,0,0
BRDA:32,0,1,0
BRDA:35,1,0,0
BRDA:35,1,1,0
BRDA:58,2,0,0
BRDA:58,2,1,0
BRDA:65,3,0,0
BRDA:65,3,1,0
BRDA:67,4,0,0
BRDA:67,4,1,0
BRDA:67,5,0,0
BRDA:67,5,1,0
BRDA:72,6,0,0
BRDA:72,6,1,0
BRDA:76,7,0,0
BRDA:76,7,1,0
BRF:16
BRH:0
end_of_record
TN:
SF:src/hooks/useGoogleAuth.ts
FN:28,useGoogleAuth
FN:35,(anonymous_1)
FN:35,(anonymous_2)
FN:35,signIn
FN:95,(anonymous_4)
FN:95,(anonymous_5)
FN:95,signOutFromGoogle
FNF:7
FNH:0
FNDA:0,useGoogleAuth
FNDA:0,(anonymous_1)
FNDA:0,(anonymous_2)
FNDA:0,signIn
FNDA:0,(anonymous_4)
FNDA:0,(anonymous_5)
FNDA:0,signOutFromGoogle
DA:1,0
DA:2,0
DA:8,0
DA:13,0
DA:16,0
DA:28,0
DA:32,0
DA:33,0
DA:35,0
DA:36,0
DA:37,0
DA:39,0
DA:41,0
DA:44,0
DA:46,0
DA:47,0
DA:49,0
DA:51,0
DA:52,0
DA:54,0
DA:57,0
DA:60,0
DA:62,0
DA:63,0
DA:65,0
DA:66,0
DA:68,0
DA:69,0
DA:71,0
DA:72,0
DA:74,0
DA:76,0
DA:77,0
DA:80,0
DA:81,0
DA:83,0
DA:85,0
DA:87,0
DA:95,0
DA:96,0
DA:97,0
DA:99,0
DA:101,0
LF:43
LH:0
BRDA:46,0,0,0
BRDA:46,0,1,0
BRDA:49,1,0,0
BRDA:49,1,1,0
BRDA:62,2,0,0
BRDA:62,2,1,0
BRDA:63,3,0,0
BRDA:63,3,1,0
BRDA:63,3,2,0
BRDA:63,3,3,0
BRDA:74,4,0,0
BRDA:74,4,1,0
BRDA:76,5,0,0
BRDA:76,5,1,0
BRDA:81,6,0,0
BRDA:81,6,1,0
BRF:16
BRH:0
end_of_record
TN:
SF:src/hooks/useXAuth.ts
FN:21,useXAuth
FN:31,(anonymous_1)
FN:66,(anonymous_2)
FN:67,(anonymous_3)
FN:95,(anonymous_4)
FNF:5
FNH:0
FNDA:0,useXAuth
FNDA:0,(anonymous_1)
FNDA:0,(anonymous_2)
FNDA:0,(anonymous_3)
FNDA:0,(anonymous_4)
DA:1,0
DA:2,0
DA:3,0
DA:4,0
DA:5,0
DA:21,0
DA:22,0
DA:23,0
DA:24,0
DA:25,0
DA:31,0
DA:32,0
DA:33,0
DA:34,0
DA:37,0
DA:38,0
DA:40,0
DA:41,0
DA:43,0
DA:44,0
DA:45,0
DA:50,0
DA:52,0
DA:54,0
DA:55,0
DA:56,0
DA:58,0
DA:66,0
DA:68,0
DA:69,0
DA:70,0
DA:73,0
DA:74,0
DA:76,0
DA:80,0
DA:81,0
DA:85,0
DA:87,0
DA:89,0
DA:90,0
DA:91,0
DA:93,0
DA:95,0
DA:99,0
LF:44
LH:0
BRDA:32,0,0,0
BRDA:32,0,1,0
BRDA:43,1,0,0
BRDA:43,1,1,0
BRDA:43,2,0,0
BRDA:43,2,1,0
BRDA:44,3,0,0
BRDA:44,3,1,0
BRDA:54,4,0,0
BRDA:54,4,1,0
BRDA:68,5,0,0
BRDA:68,5,1,0
BRDA:80,6,0,0
BRDA:80,6,1,0
BRDA:89,7,0,0
BRDA:89,7,1,0
BRF:16
BRH:0
end_of_record
TN:
SF:src/screens/AlarmSettingScreen.tsx
FN:42,AlarmSettingScreen
FN:55,(anonymous_11)
FN:67,formatTime
FN:73,handleTimeChange
FN:82,handleTimeConfirm
FN:87,toggleDay
FN:88,(anonymous_16)
FN:89,(anonymous_17)
FN:93,handleSave
FN:99,renderTimeStep
FN:114,onPress
FN:144,renderDaysStep
FN:158,(anonymous_22)
FN:162,onPress
FN:188,renderCurrentStep
FNF:15
FNH:0
FNDA:0,AlarmSettingScreen
FNDA:0,(anonymous_11)
FNDA:0,formatTime
FNDA:0,handleTimeChange
FNDA:0,handleTimeConfirm
FNDA:0,toggleDay
FNDA:0,(anonymous_16)
FNDA:0,(anonymous_17)
FNDA:0,handleSave
FNDA:0,renderTimeStep
FNDA:0,onPress
FNDA:0,renderDaysStep
FNDA:0,(anonymous_22)
FNDA:0,onPress
FNDA:0,renderCurrentStep
DA:1,0
DA:2,0
DA:11,0
DA:12,0
DA:13,0
DA:14,0
DA:15,0
DA:17,0
DA:28,0
DA:29,0
DA:30,0
DA:32,0
DA:42,0
DA:43,0
DA:44,0
DA:45,0
DA:46,0
DA:48,0
DA:49,0
DA:50,0
DA:51,0
DA:53,0
DA:55,0
DA:56,0
DA:57,0
DA:58,0
DA:59,0
DA:60,0
DA:62,0
DA:63,0
DA:64,0
DA:65,0
DA:67,0
DA:68,0
DA:69,0
DA:70,0
DA:73,0
DA:74,0
DA:75,0
DA:77,0
DA:78,0
DA:82,0
DA:83,0
DA:84,0
DA:87,0
DA:88,0
DA:89,0
DA:93,0
DA:94,0
DA:95,0
DA:99,0
DA:114,0
DA:144,0
DA:158,0
DA:162,0
DA:188,0
DA:189,0
DA:191,0
DA:193,0
DA:197,0
DA:211,0
DA:340,0
LF:62
LH:0
BRDA:52,0,0,0
BRDA:52,0,1,0
BRDA:56,1,0,0
BRDA:56,1,1,0
BRDA:74,2,0,0
BRDA:74,2,1,0
BRDA:77,3,0,0
BRDA:77,3,1,0
BRDA:89,4,0,0
BRDA:89,4,1,0
BRDA:120,5,0,0
BRDA:120,5,1,0
BRDA:126,6,0,0
BRDA:126,6,1,0
BRDA:128,7,0,0
BRDA:128,7,1,0
BRDA:161,8,0,0
BRDA:161,8,1,0
BRDA:168,9,0,0
BRDA:168,9,1,0
BRDA:178,10,0,0
BRDA:178,10,1,0
BRDA:189,11,0,0
BRDA:189,11,1,0
BRF:24
BRH:0
end_of_record
TN:
SF:src/screens/CalibrationScreen.tsx
FN:26,CalibrationScreen
FN:48,(anonymous_10)
FN:56,(anonymous_11)
FN:70,(anonymous_12)
FN:79,(anonymous_13)
FN:82,(anonymous_14)
FN:86,(anonymous_15)
FN:92,(anonymous_16)
FN:115,(anonymous_17)
FN:115,(anonymous_18)
FN:115,handleStart
FN:124,handleClose
FN:129,handleFinish
FN:137,CalibrationScreenTsx1Factory
FN:141,CalibrationScreenTsx2Factory
FN:146,getPhaseInfo
FNF:16
FNH:0
FNDA:0,CalibrationScreen
FNDA:0,(anonymous_10)
FNDA:0,(anonymous_11)
FNDA:0,(anonymous_12)
FNDA:0,(anonymous_13)
FNDA:0,(anonymous_14)
FNDA:0,(anonymous_15)
FNDA:0,(anonymous_16)
FNDA:0,(anonymous_17)
FNDA:0,(anonymous_18)
FNDA:0,handleStart
FNDA:0,handleClose
FNDA:0,handleFinish
FNDA:0,CalibrationScreenTsx1Factory
FNDA:0,CalibrationScreenTsx2Factory
FNDA:0,getPhaseInfo
DA:1,0
DA:2,0
DA:3,0
DA:4,0
DA:13,0
DA:15,0
DA:16,0
DA:17,0
DA:26,0
DA:27,0
DA:29,0
DA:30,0
DA:31,0
DA:32,0
DA:33,0
DA:34,0
DA:35,0
DA:36,0
DA:37,0
DA:39,0
DA:40,0
DA:43,0
DA:44,0
DA:45,0
DA:48,0
DA:49,0
DA:50,0
DA:51,0
DA:52,0
DA:56,0
DA:57,0
DA:58,0
DA:70,0
DA:71,0
DA:72,0
DA:79,0
DA:80,0
DA:81,0
DA:82,0
DA:86,0
DA:87,0
DA:88,0
DA:91,0
DA:92,0
DA:93,0
DA:95,0
DA:96,0
DA:97,0
DA:100,0
DA:115,0
DA:116,0
DA:117,0
DA:119,0
DA:121,0
DA:124,0
DA:125,0
DA:126,0
DA:129,0
DA:130,0
DA:131,0
DA:132,0
DA:137,0
DA:138,0
DA:139,0
DA:141,0
DA:142,0
DA:143,0
DA:146,0
DA:147,0
DA:149,0
DA:155,0
DA:161,0
DA:167,0
DA:175,0
DA:177,0
DA:178,0
DA:181,0
DA:182,0
DA:185,0
DA:200,0
LF:80
LH:0
BRDA:49,0,0,0
BRDA:49,0,1,0
BRDA:50,1,0,0
BRDA:50,1,1,0
BRDA:51,2,0,0
BRDA:51,2,1,0
BRDA:52,3,0,0
BRDA:52,3,1,0
BRDA:57,4,0,0
BRDA:57,4,1,0
BRDA:57,5,0,0
BRDA:57,5,1,0
BRDA:71,6,0,0
BRDA:71,6,1,0
BRDA:91,7,0,0
BRDA:91,7,1,0
BRDA:93,8,0,0
BRDA:93,8,1,0
BRDA:96,9,0,0
BRDA:96,9,1,0
BRDA:131,10,0,0
BRDA:131,10,1,0
BRDA:147,11,0,0
BRDA:147,11,1,0
BRDA:147,11,2,0
BRDA:147,11,3,0
BRDA:177,12,0,0
BRDA:177,12,1,0
BRDA:181,13,0,0
BRDA:181,13,1,0
BRF:30
BRH:0
end_of_record
TN:
SF:src/screens/HomeScreen.tsx
FN:36,HomeScreen
FN:52,(anonymous_11)
FN:53,(anonymous_12)
FN:56,(anonymous_13)
FN:57,(anonymous_14)
FN:65,(anonymous_15)
FN:75,(anonymous_16)
FN:80,(anonymous_17)
FN:81,(anonymous_18)
FN:81,(anonymous_19)
FN:81,initializeHealthKit
FN:100,(anonymous_21)
FN:101,(anonymous_22)
FN:101,(anonymous_23)
FN:101,rescheduleAlarm
FN:121,(anonymous_25)
FN:122,(anonymous_26)
FN:122,(anonymous_27)
FN:122,checkWeeklySummary
FN:145,(anonymous_29)
FN:151,handleOpenMenu
FN:155,handleCloseMenu
FN:159,handleMenuItemPress
FN:163,(anonymous_33)
FN:190,handleChangeAlarm
FN:194,(anonymous_35)
FN:194,(anonymous_36)
FN:194,handleSaveAlarm
FN:216,(anonymous_38)
FN:216,(anonymous_39)
FN:216,handleSaveLanguage
FN:229,(anonymous_41)
FN:229,(anonymous_42)
FN:229,handleLogout
FN:237,(anonymous_44)
FN:237,(anonymous_45)
FN:251,(anonymous_46)
FN:251,(anonymous_47)
FN:251,onPress
FN:237,handleDeleteAccount
FN:275,(anonymous_50)
FN:275,(anonymous_51)
FN:275,handleWeeklySummaryClose
FN:280,(anonymous_53)
FN:280,(anonymous_54)
FN:280,handleCalibrationComplete
FN:378,onClose
FN:388,onClose
FN:396,onClose
FN:405,onClose
FN:413,onClose
FNF:51
FNH:0
FNDA:0,HomeScreen
FNDA:0,(anonymous_11)
FNDA:0,(anonymous_12)
FNDA:0,(anonymous_13)
FNDA:0,(anonymous_14)
FNDA:0,(anonymous_15)
FNDA:0,(anonymous_16)
FNDA:0,(anonymous_17)
FNDA:0,(anonymous_18)
FNDA:0,(anonymous_19)
FNDA:0,initializeHealthKit
FNDA:0,(anonymous_21)
FNDA:0,(anonymous_22)
FNDA:0,(anonymous_23)
FNDA:0,rescheduleAlarm
FNDA:0,(anonymous_25)
FNDA:0,(anonymous_26)
FNDA:0,(anonymous_27)
FNDA:0,checkWeeklySummary
FNDA:0,(anonymous_29)
FNDA:0,handleOpenMenu
FNDA:0,handleCloseMenu
FNDA:0,handleMenuItemPress
FNDA:0,(anonymous_33)
FNDA:0,handleChangeAlarm
FNDA:0,(anonymous_35)
FNDA:0,(anonymous_36)
FNDA:0,handleSaveAlarm
FNDA:0,(anonymous_38)
FNDA:0,(anonymous_39)
FNDA:0,handleSaveLanguage
FNDA:0,(anonymous_41)
FNDA:0,(anonymous_42)
FNDA:0,handleLogout
FNDA:0,(anonymous_44)
FNDA:0,(anonymous_45)
FNDA:0,(anonymous_46)
FNDA:0,(anonymous_47)
FNDA:0,onPress
FNDA:0,handleDeleteAccount
FNDA:0,(anonymous_50)
FNDA:0,(anonymous_51)
FNDA:0,handleWeeklySummaryClose
FNDA:0,(anonymous_53)
FNDA:0,(anonymous_54)
FNDA:0,handleCalibrationComplete
FNDA:0,onClose
FNDA:0,onClose
FNDA:0,onClose
FNDA:0,onClose
FNDA:0,onClose
DA:1,0
DA:2,0
DA:3,0
DA:4,0
DA:5,0
DA:6,0
DA:8,0
DA:9,0
DA:10,0
DA:11,0
DA:12,0
DA:13,0
DA:14,0
DA:15,0
DA:16,0
DA:17,0
DA:18,0
DA:19,0
DA:20,0
DA:22,0
DA:23,0
DA:24,0
DA:25,0
DA:26,0
DA:31,0
DA:32,0
DA:34,0
DA:36,0
DA:37,0
DA:38,0
DA:39,0
DA:40,0
DA:43,0
DA:44,0
DA:45,0
DA:46,0
DA:47,0
DA:48,0
DA:49,0
DA:51,0
DA:53,0
DA:55,0
DA:57,0
DA:60,0
DA:63,0
DA:65,0
DA:66,0
DA:67,0
DA:68,0
DA:69,0
DA:71,0
DA:75,0
DA:76,0
DA:80,0
DA:81,0
DA:82,0
DA:83,0
DA:84,0
DA:85,0
DA:87,0
DA:90,0
DA:92,0
DA:94,0
DA:100,0
DA:101,0
DA:102,0
DA:104,0
DA:105,0
DA:106,0
DA:113,0
DA:115,0
DA:117,0
DA:121,0
DA:122,0
DA:123,0
DA:125,0
DA:126,0
DA:127,0
DA:128,0
DA:129,0
DA:130,0
DA:134,0
DA:138,0
DA:140,0
DA:142,0
DA:145,0
DA:146,0
DA:147,0
DA:148,0
DA:151,0
DA:152,0
DA:155,0
DA:156,0
DA:159,0
DA:160,0
DA:163,0
DA:164,0
DA:166,0
DA:167,0
DA:169,0
DA:170,0
DA:172,0
DA:173,0
DA:175,0
DA:176,0
DA:179,0
DA:181,0
DA:182,0
DA:184,0
DA:185,0
DA:190,0
DA:191,0
DA:194,0
DA:195,0
DA:196,0
DA:198,0
DA:204,0
DA:210,0
DA:212,0
DA:214,0
DA:216,0
DA:217,0
DA:218,0
DA:220,0
DA:222,0
DA:223,0
DA:225,0
DA:227,0
DA:229,0
DA:230,0
DA:231,0
DA:233,0
DA:235,0
DA:237,0
DA:238,0
DA:239,0
DA:240,0
DA:245,0
DA:246,0
DA:247,0
DA:251,0
DA:252,0
DA:253,0
DA:254,0
DA:255,0
DA:257,0
DA:259,0
DA:260,0
DA:262,0
DA:263,0
DA:268,0
DA:270,0
DA:271,0
DA:273,0
DA:275,0
DA:276,0
DA:277,0
DA:278,0
DA:280,0
DA:281,0
DA:282,0
DA:283,0
DA:291,0
DA:292,0
DA:294,0
DA:295,0
DA:297,0
DA:299,0
DA:300,0
DA:301,0
DA:302,0
DA:304,0
DA:378,0
DA:388,0
DA:396,0
DA:405,0
DA:413,0
DA:431,0
DA:467,0
LF:179
LH:0
BRDA:66,0,0,0
BRDA:66,0,1,0
BRDA:66,1,0,0
BRDA:66,1,1,0
BRDA:73,2,0,0
BRDA:73,2,1,0
BRDA:84,3,0,0
BRDA:84,3,1,0
BRDA:102,4,0,0
BRDA:102,4,1,0
BRDA:102,5,0,0
BRDA:102,5,1,0
BRDA:105,6,0,0
BRDA:105,6,1,0
BRDA:105,7,0,0
BRDA:105,7,1,0
BRDA:105,7,2,0
BRDA:105,7,3,0
BRDA:105,7,4,0
BRDA:105,7,5,0
BRDA:109,8,0,0
BRDA:109,8,1,0
BRDA:118,9,0,0
BRDA:118,9,1,0
BRDA:118,10,0,0
BRDA:118,10,1,0
BRDA:118,11,0,0
BRDA:118,11,1,0
BRDA:118,12,0,0
BRDA:118,12,1,0
BRDA:118,13,0,0
BRDA:118,13,1,0
BRDA:123,14,0,0
BRDA:123,14,1,0
BRDA:123,15,0,0
BRDA:123,15,1,0
BRDA:127,16,0,0
BRDA:127,16,1,0
BRDA:129,17,0,0
BRDA:129,17,1,0
BRDA:143,18,0,0
BRDA:143,18,1,0
BRDA:164,19,0,0
BRDA:164,19,1,0
BRDA:164,19,2,0
BRDA:164,19,3,0
BRDA:164,19,4,0
BRDA:164,19,5,0
BRDA:164,19,6,0
BRDA:195,20,0,0
BRDA:195,20,1,0
BRDA:195,21,0,0
BRDA:195,21,1,0
BRDA:217,22,0,0
BRDA:217,22,1,0
BRDA:217,23,0,0
BRDA:217,23,1,0
BRDA:238,24,0,0
BRDA:238,24,1,0
BRDA:238,25,0,0
BRDA:238,25,1,0
BRDA:245,26,0,0
BRDA:245,26,1,0
BRDA:246,27,0,0
BRDA:246,27,1,0
BRDA:253,28,0,0
BRDA:253,28,1,0
BRDA:253,29,0,0
BRDA:253,29,1,0
BRDA:254,30,0,0
BRDA:254,30,1,0
BRDA:281,31,0,0
BRDA:281,31,1,0
BRDA:281,32,0,0
BRDA:281,32,1,0
BRDA:299,33,0,0
BRDA:299,33,1,0
BRDA:300,34,0,0
BRDA:300,34,1,0
BRDA:301,35,0,0
BRDA:301,35,1,0
BRDA:302,36,0,0
BRDA:302,36,1,0
BRDA:302,37,0,0
BRDA:302,37,1,0
BRDA:325,38,0,0
BRDA:325,38,1,0
BRDA:325,39,0,0
BRDA:325,39,1,0
BRDA:330,40,0,0
BRDA:330,40,1,0
BRDA:330,41,0,0
BRDA:330,41,1,0
BRDA:336,42,0,0
BRDA:336,42,1,0
BRDA:336,43,0,0
BRDA:336,43,1,0
BRDA:344,44,0,0
BRDA:344,44,1,0
BRDA:344,45,0,0
BRDA:344,45,1,0
BRDA:350,46,0,0
BRDA:350,46,1,0
BRDA:350,47,0,0
BRDA:350,47,1,0
BRDA:359,48,0,0
BRDA:359,48,1,0
BRDA:359,49,0,0
BRDA:359,49,1,0
BRDA:359,50,0,0
BRDA:359,50,1,0
BRDA:360,51,0,0
BRDA:360,51,1,0
BRDA:360,52,0,0
BRDA:360,52,1,0
BRDA:369,53,0,0
BRDA:369,53,1,0
BRDA:370,54,0,0
BRDA:370,54,1,0
BRDA:374,55,0,0
BRDA:374,55,1,0
BRDA:379,56,0,0
BRDA:379,56,1,0
BRDA:379,57,0,0
BRDA:379,57,1,0
BRDA:380,58,0,0
BRDA:380,58,1,0
BRDA:380,59,0,0
BRDA:380,59,1,0
BRDA:401,60,0,0
BRDA:401,60,1,0
BRDA:414,61,0,0
BRDA:414,61,1,0
BRDA:414,62,0,0
BRDA:414,62,1,0
BRDA:419,63,0,0
BRDA:419,63,1,0
BRF:137
BRH:0
end_of_record
TN:
SF:src/screens/LanguageSelectionScreen.tsx
FN:16,LanguageSelectionScreen
FN:19,handleLanguageSelect
FN:23,(anonymous_12)
FN:23,(anonymous_13)
FN:23,handleConfirm
FN:62,onPress
FN:80,onPress
FNF:7
FNH:0
FNDA:0,LanguageSelectionScreen
FNDA:0,handleLanguageSelect
FNDA:0,(anonymous_12)
FNDA:0,(anonymous_13)
FNDA:0,handleConfirm
FNDA:0,onPress
FNDA:0,onPress
DA:1,0
DA:2,0
DA:3,0
DA:4,0
DA:5,0
DA:7,0
DA:8,0
DA:16,0
DA:17,0
DA:19,0
DA:20,0
DA:23,0
DA:24,0
DA:26,0
DA:28,0
DA:30,0
DA:32,0
DA:34,0
DA:36,0
DA:38,0
DA:62,0
DA:80,0
DA:108,0
DA:203,0
LF:24
LH:0
BRDA:24,0,0,0
BRDA:24,0,1,0
BRDA:60,1,0,0
BRDA:60,1,1,0
BRDA:68,2,0,0
BRDA:68,2,1,0
BRDA:78,3,0,0
BRDA:78,3,1,0
BRDA:86,4,0,0
BRDA:86,4,1,0
BRDA:96,5,0,0
BRDA:96,5,1,0
BRF:12
BRH:0
end_of_record
TN:
SF:src/screens/LoadingScreen.tsx
FN:5,LoadingScreen
FNF:1
FNH:0
FNDA:0,LoadingScreen
DA:1,0
DA:2,0
DA:3,0
DA:5,0
DA:6,0
DA:27,0
DA:55,0
LF:7
LH:0
BRF:0
BRH:0
end_of_record
TN:
SF:src/screens/LoginScreen.tsx
FN:21,LoginScreen
FN:25,handleAuthSuccess
FN:29,handleAuthError
FNF:3
FNH:0
FNDA:0,LoginScreen
FNDA:0,handleAuthSuccess
FNDA:0,handleAuthError
DA:1,0
DA:2,0
DA:11,0
DA:12,0
DA:13,0
DA:14,0
DA:15,0
DA:16,0
DA:19,0
DA:21,0
DA:22,0
DA:23,0
DA:25,0
DA:26,0
DA:29,0
DA:30,0
DA:33,0
DA:39,0
DA:40,0
DA:41,0
DA:42,0
DA:44,0
DA:46,0
DA:97,0
DA:177,0
LF:25
LH:0
BRDA:44,0,0,0
BRDA:44,0,1,0
BRDA:79,1,0,0
BRDA:79,1,1,0
BRF:4
BRH:0
end_of_record
TN:
SF:src/screens/SetupScreen.tsx
FN:28,SetupScreen
FN:60,(anonymous_10)
FN:61,(anonymous_11)
FN:61,(anonymous_12)
FN:61,checkXConnection
FN:74,(anonymous_14)
FN:75,(anonymous_15)
FN:80,formatTime
FN:86,handleTimeChange
FN:95,handleTimeConfirm
FN:100,toggleDay
FN:101,(anonymous_20)
FN:102,(anonymous_21)
FN:106,(anonymous_22)
FN:106,(anonymous_23)
FN:106,handleDaysConfirm
FN:132,(anonymous_25)
FN:132,(anonymous_26)
FN:136,(anonymous_27)
FN:132,handleConnectX
FN:143,(anonymous_29)
FN:143,(anonymous_30)
FN:148,onPress
FN:158,(anonymous_32)
FN:159,(anonymous_33)
FN:168,(anonymous_34)
FN:174,onPress
FN:143,handleStartCalibration
FN:179,(anonymous_37)
FN:179,(anonymous_38)
FN:209,(anonymous_39)
FN:179,handleCalibrationComplete
FN:215,handleSelectPlan
FN:219,(anonymous_42)
FN:219,(anonymous_43)
FN:230,(anonymous_44)
FN:236,(anonymous_45)
FN:219,handlePurchase
FN:272,(anonymous_47)
FN:272,(anonymous_48)
FN:272,handleCompleteSetup
FN:289,(anonymous_50)
FN:301,(anonymous_51)
FN:301,(anonymous_52)
FN:301,handleRestore
FN:322,openTermsOfService
FN:326,openPrivacyPolicy
FN:330,renderCurrentStep
FN:338,onShowTimePicker
FN:357,onNext
FNF:50
FNH:0
FNDA:0,SetupScreen
FNDA:0,(anonymous_10)
FNDA:0,(anonymous_11)
FNDA:0,(anonymous_12)
FNDA:0,checkXConnection
FNDA:0,(anonymous_14)
FNDA:0,(anonymous_15)
FNDA:0,formatTime
FNDA:0,handleTimeChange
FNDA:0,handleTimeConfirm
FNDA:0,toggleDay
FNDA:0,(anonymous_20)
FNDA:0,(anonymous_21)
FNDA:0,(anonymous_22)
FNDA:0,(anonymous_23)
FNDA:0,handleDaysConfirm
FNDA:0,(anonymous_25)
FNDA:0,(anonymous_26)
FNDA:0,(anonymous_27)
FNDA:0,handleConnectX
FNDA:0,(anonymous_29)
FNDA:0,(anonymous_30)
FNDA:0,onPress
FNDA:0,(anonymous_32)
FNDA:0,(anonymous_33)
FNDA:0,(anonymous_34)
FNDA:0,onPress
FNDA:0,handleStartCalibration
FNDA:0,(anonymous_37)
FNDA:0,(anonymous_38)
FNDA:0,(anonymous_39)
FNDA:0,handleCalibrationComplete
FNDA:0,handleSelectPlan
FNDA:0,(anonymous_42)
FNDA:0,(anonymous_43)
FNDA:0,(anonymous_44)
FNDA:0,(anonymous_45)
FNDA:0,handlePurchase
FNDA:0,(anonymous_47)
FNDA:0,(anonymous_48)
FNDA:0,handleCompleteSetup
FNDA:0,(anonymous_50)
FNDA:0,(anonymous_51)
FNDA:0,(anonymous_52)
FNDA:0,handleRestore
FNDA:0,openTermsOfService
FNDA:0,openPrivacyPolicy
FNDA:0,renderCurrentStep
FNDA:0,onShowTimePicker
FNDA:0,onNext
DA:1,0
DA:2,0
DA:3,0
DA:4,0
DA:5,0
DA:7,0
DA:8,0
DA:9,0
DA:10,0
DA:11,0
DA:12,0
DA:13,0
DA:14,0
DA:15,0
DA:16,0
DA:17,0
DA:18,0
DA:19,0
DA:28,0
DA:29,0
DA:30,0
DA:31,0
DA:33,0
DA:34,0
DA:35,0
DA:36,0
DA:37,0
DA:38,0
DA:40,0
DA:41,0
DA:44,0
DA:45,0
DA:46,0
DA:49,0
DA:50,0
DA:51,0
DA:54,0
DA:55,0
DA:56,0
DA:57,0
DA:60,0
DA:61,0
DA:62,0
DA:63,0
DA:64,0
DA:65,0
DA:67,0
DA:69,0
DA:70,0
DA:74,0
DA:75,0
DA:76,0
DA:80,0
DA:81,0
DA:82,0
DA:83,0
DA:86,0
DA:87,0
DA:88,0
DA:90,0
DA:91,0
DA:95,0
DA:96,0
DA:97,0
DA:100,0
DA:101,0
DA:102,0
DA:106,0
DA:107,0
DA:109,0
DA:110,0
DA:113,0
DA:119,0
DA:120,0
DA:126,0
DA:128,0
DA:130,0
DA:132,0
DA:133,0
DA:134,0
DA:135,0
DA:136,0
DA:137,0
DA:140,0
DA:143,0
DA:144,0
DA:145,0
DA:146,0
DA:147,0
DA:148,0
DA:150,0
DA:153,0
DA:154,0
DA:155,0
DA:157,0
DA:158,0
DA:159,0
DA:160,0
DA:161,0
DA:162,0
DA:164,0
DA:168,0
DA:169,0
DA:172,0
DA:173,0
DA:174,0
DA:177,0
DA:179,0
DA:180,0
DA:181,0
DA:183,0
DA:186,0
DA:193,0
DA:194,0
DA:195,0
DA:204,0
DA:209,0
DA:210,0
DA:212,0
DA:215,0
DA:216,0
DA:219,0
DA:220,0
DA:221,0
DA:222,0
DA:225,0
DA:227,0
DA:229,0
DA:230,0
DA:232,0
DA:234,0
DA:235,0
DA:236,0
DA:239,0
DA:240,0
DA:241,0
DA:242,0
DA:245,0
DA:246,0
DA:247,0
DA:251,0
DA:253,0
DA:256,0
DA:257,0
DA:258,0
DA:262,0
DA:265,0
DA:266,0
DA:268,0
DA:270,0
DA:272,0
DA:273,0
DA:275,0
DA:276,0
DA:281,0
DA:283,0
DA:285,0
DA:289,0
DA:290,0
DA:296,0
DA:297,0
DA:301,0
DA:302,0
DA:304,0
DA:305,0
DA:306,0
DA:307,0
DA:308,0
DA:312,0
DA:315,0
DA:316,0
DA:318,0
DA:320,0
DA:322,0
DA:323,0
DA:326,0
DA:327,0
DA:330,0
DA:331,0
DA:333,0
DA:338,0
DA:344,0
DA:352,0
DA:357,0
DA:361,0
DA:369,0
DA:384,0
DA:393,0
LF:188
LH:0
BRDA:62,0,0,0
BRDA:62,0,1,0
BRDA:62,1,0,0
BRDA:62,1,1,0
BRDA:65,2,0,0
BRDA:65,2,1,0
BRDA:65,3,0,0
BRDA:65,3,1,0
BRDA:65,4,0,0
BRDA:65,4,1,0
BRDA:65,4,2,0
BRDA:71,5,0,0
BRDA:71,5,1,0
BRDA:87,6,0,0
BRDA:87,6,1,0
BRDA:90,7,0,0
BRDA:90,7,1,0
BRDA:102,8,0,0
BRDA:102,8,1,0
BRDA:107,9,0,0
BRDA:107,9,1,0
BRDA:107,10,0,0
BRDA:107,10,1,0
BRDA:134,11,0,0
BRDA:134,11,1,0
BRDA:146,12,0,0
BRDA:146,12,1,0
BRDA:161,13,0,0
BRDA:161,13,1,0
BRDA:193,14,0,0
BRDA:193,14,1,0
BRDA:193,15,0,0
BRDA:193,15,1,0
BRDA:220,16,0,0
BRDA:220,16,1,0
BRDA:220,17,0,0
BRDA:220,17,1,0
BRDA:220,18,0,0
BRDA:220,18,1,0
BRDA:229,19,0,0
BRDA:229,19,1,0
BRDA:232,20,0,0
BRDA:232,20,1,0
BRDA:234,21,0,0
BRDA:234,21,1,0
BRDA:239,22,0,0
BRDA:239,22,1,0
BRDA:246,23,0,0
BRDA:246,23,1,0
BRDA:257,24,0,0
BRDA:257,24,1,0
BRDA:273,25,0,0
BRDA:273,25,1,0
BRDA:273,26,0,0
BRDA:273,26,1,0
BRDA:290,27,0,0
BRDA:290,27,1,0
BRDA:291,28,0,0
BRDA:291,28,1,0
BRDA:291,28,2,0
BRDA:291,28,3,0
BRDA:302,29,0,0
BRDA:302,29,1,0
BRDA:302,30,0,0
BRDA:302,30,1,0
BRDA:307,31,0,0
BRDA:307,31,1,0
BRDA:331,32,0,0
BRDA:331,32,1,0
BRDA:331,32,2,0
BRDA:331,32,3,0
BRDA:331,32,4,0
BRF:72
BRH:0
end_of_record
TN:
SF:src/screens/SquatMeasureScreen.tsx
FN:49,SquatMeasureScreen
FN:63,(anonymous_10)
FN:72,(anonymous_11)
FN:73,(anonymous_12)
FN:73,(anonymous_13)
FN:85,(anonymous_14)
FN:86,(anonymous_15)
FN:73,initialize
FN:98,(anonymous_17)
FN:108,(anonymous_18)
FN:123,(anonymous_19)
FN:130,(anonymous_20)
FN:142,(anonymous_21)
FN:148,(anonymous_22)
FN:177,(anonymous_23)
FN:183,(anonymous_24)
FN:188,(anonymous_25)
FN:231,(anonymous_26)
FN:237,formatTime
FN:244,SquatMeasureScreenTsx1Factory
FN:248,SquatMeasureScreenTsx2Factory
FN:252,SquatMeasureScreenTsx3Factory
FN:257,getGradientColors
FN:361,(anonymous_35)
FNF:24
FNH:0
FNDA:0,SquatMeasureScreen
FNDA:0,(anonymous_10)
FNDA:0,(anonymous_11)
FNDA:0,(anonymous_12)
FNDA:0,(anonymous_13)
FNDA:0,(anonymous_14)
FNDA:0,(anonymous_15)
FNDA:0,initialize
FNDA:0,(anonymous_17)
FNDA:0,(anonymous_18)
FNDA:0,(anonymous_19)
FNDA:0,(anonymous_20)
FNDA:0,(anonymous_21)
FNDA:0,(anonymous_22)
FNDA:0,(anonymous_23)
FNDA:0,(anonymous_24)
FNDA:0,(anonymous_25)
FNDA:0,(anonymous_26)
FNDA:0,formatTime
FNDA:0,SquatMeasureScreenTsx1Factory
FNDA:0,SquatMeasureScreenTsx2Factory
FNDA:0,SquatMeasureScreenTsx3Factory
FNDA:0,getGradientColors
FNDA:0,(anonymous_35)
DA:1,0
DA:2,0
DA:11,0
DA:12,0
DA:13,0
DA:14,0
DA:15,0
DA:28,0
DA:29,0
DA:30,0
DA:31,0
DA:32,0
DA:33,0
DA:35,0
DA:38,0
DA:39,0
DA:40,0
DA:49,0
DA:50,0
DA:51,0
DA:52,0
DA:53,0
DA:55,0
DA:56,0
DA:57,0
DA:58,0
DA:59,0
DA:60,0
DA:63,0
DA:66,0
DA:67,0
DA:68,0
DA:69,0
DA:72,0
DA:73,0
DA:75,0
DA:78,0
DA:79,0
DA:81,0
DA:85,0
DA:86,0
DA:87,0
DA:88,0
DA:89,0
DA:91,0
DA:94,0
DA:96,0
DA:98,0
DA:99,0
DA:100,0
DA:102,0
DA:103,0
DA:108,0
DA:109,0
DA:110,0
DA:112,0
DA:118,0
DA:123,0
DA:124,0
DA:125,0
DA:130,0
DA:131,0
DA:132,0
DA:137,0
DA:142,0
DA:143,0
DA:144,0
DA:148,0
DA:149,0
DA:150,0
DA:152,0
DA:153,0
DA:155,0
DA:156,0
DA:159,0
DA:160,0
DA:161,0
DA:166,0
DA:173,0
DA:174,0
DA:177,0
DA:178,0
DA:183,0
DA:184,0
DA:188,0
DA:189,0
DA:190,0
DA:192,0
DA:193,0
DA:195,0
DA:196,0
DA:199,0
DA:200,0
DA:201,0
DA:206,0
DA:211,0
DA:212,0
DA:213,0
DA:218,0
DA:219,0
DA:223,0
DA:226,0
DA:227,0
DA:228,0
DA:231,0
DA:232,0
DA:237,0
DA:238,0
DA:239,0
DA:240,0
DA:244,0
DA:245,0
DA:246,0
DA:248,0
DA:249,0
DA:250,0
DA:252,0
DA:253,0
DA:254,0
DA:257,0
DA:258,0
DA:259,0
DA:261,0
DA:262,0
DA:264,0
DA:268,0
DA:269,0
DA:299,0
DA:300,0
DA:330,0
DA:361,0
DA:390,0
DA:555,0
LF:133
LH:0
BRDA:87,0,0,0
BRDA:87,0,1,0
BRDA:99,1,0,0
BRDA:99,1,1,0
BRDA:109,2,0,0
BRDA:109,2,1,0
BRDA:109,3,0,0
BRDA:109,3,1,0
BRDA:124,4,0,0
BRDA:124,4,1,0
BRDA:124,5,0,0
BRDA:124,5,1,0
BRDA:131,6,0,0
BRDA:131,6,1,0
BRDA:149,7,0,0
BRDA:149,7,1,0
BRDA:152,8,0,0
BRDA:152,8,1,0
BRDA:159,9,0,0
BRDA:159,9,1,0
BRDA:159,10,0,0
BRDA:159,10,1,0
BRDA:180,11,0,0
BRDA:180,11,1,0
BRDA:189,12,0,0
BRDA:189,12,1,0
BRDA:192,13,0,0
BRDA:192,13,1,0
BRDA:199,14,0,0
BRDA:199,14,1,0
BRDA:199,15,0,0
BRDA:199,15,1,0
BRDA:218,16,0,0
BRDA:218,16,1,0
BRDA:234,17,0,0
BRDA:234,17,1,0
BRDA:258,18,0,0
BRDA:258,18,1,0
BRDA:261,19,0,0
BRDA:261,19,1,0
BRDA:261,20,0,0
BRDA:261,20,1,0
BRDA:268,21,0,0
BRDA:268,21,1,0
BRDA:299,22,0,0
BRDA:299,22,1,0
BRDA:334,23,0,0
BRDA:334,23,1,0
BRDA:335,24,0,0
BRDA:335,24,1,0
BRDA:338,25,0,0
BRDA:338,25,1,0
BRDA:347,26,0,0
BRDA:347,26,1,0
BRDA:364,27,0,0
BRDA:364,27,1,0
BRDA:380,28,0,0
BRDA:380,28,1,0
BRDA:382,29,0,0
BRDA:382,29,1,0
BRF:60
BRH:0
end_of_record
TN:
SF:src/screens/calibration/CalibratingPhase.tsx
FN:31,CalibratingPhase
FN:100,(anonymous_11)
FNF:2
FNH:0
FNDA:0,CalibratingPhase
FNDA:0,(anonymous_11)
DA:1,0
DA:2,0
DA:3,0
DA:4,0
DA:5,0
DA:6,0
DA:7,0
DA:9,0
DA:31,0
DA:32,0
DA:33,0
DA:34,0
DA:35,0
DA:36,0
DA:37,0
DA:38,0
DA:39,0
DA:40,0
DA:42,0
DA:44,0
DA:100,0
LF:21
LH:0
BRDA:56,0,0,0
BRDA:56,0,1,0
BRDA:57,1,0,0
BRDA:57,1,1,0
BRDA:57,1,2,0
BRDA:64,2,0,0
BRDA:64,2,1,0
BRDA:65,3,0,0
BRDA:65,3,1,0
BRDA:69,4,0,0
BRDA:69,4,1,0
BRDA:92,5,0,0
BRDA:92,5,1,0
BRDA:105,6,0,0
BRDA:105,6,1,0
BRF:15
BRH:0
end_of_record
TN:
SF:src/screens/calibration/CompletePhase.tsx
FN:14,CompletePhase
FNF:1
FNH:0
FNDA:0,CompletePhase
DA:1,0
DA:2,0
DA:3,0
DA:4,0
DA:5,0
DA:6,0
DA:7,0
DA:8,0
DA:14,0
DA:15,0
DA:17,0
LF:11
LH:0
BRF:0
BRH:0
end_of_record
TN:
SF:src/screens/calibration/IntroPhase.tsx
FN:15,IntroPhase
FNF:1
FNH:0
FNDA:0,IntroPhase
DA:1,0
DA:2,0
DA:3,0
DA:4,0
DA:5,0
DA:6,0
DA:7,0
DA:8,0
DA:15,0
DA:16,0
DA:18,0
LF:11
LH:0
BRF:0
BRH:0
end_of_record
TN:
SF:src/screens/calibration/styles.ts
FNF:0
FNH:0
DA:1,0
DA:3,0
LF:2
LH:0
BRF:0
BRH:0
end_of_record
TN:
SF:src/screens/setup/CalibrationStep.tsx
FN:17,CalibrationStep
FNF:1
FNH:0
FNDA:0,CalibrationStep
DA:1,0
DA:2,0
DA:3,0
DA:4,0
DA:5,0
DA:6,0
DA:7,0
DA:17,0
DA:18,0
DA:19,0
DA:20,0
DA:22,0
DA:24,0
DA:25,0
DA:54,0
DA:55,0
DA:65,0
LF:17
LH:0
BRDA:24,0,0,0
BRDA:24,0,1,0
BRDA:54,1,0,0
BRDA:54,1,1,0
BRF:4
BRH:0
end_of_record
TN:
SF:src/screens/setup/DaysStep.tsx
FN:13,DaysStep
FN:30,(anonymous_2)
FN:34,onPress
FNF:3
FNH:0
FNDA:0,DaysStep
FNDA:0,(anonymous_2)
FNDA:0,onPress
DA:1,0
DA:2,0
DA:3,0
DA:4,0
DA:5,0
DA:13,0
DA:14,0
DA:16,0
DA:30,0
DA:34,0
LF:10
LH:0
BRDA:33,0,0,0
BRDA:33,0,1,0
BRDA:40,1,0,0
BRDA:40,1,1,0
BRDA:50,2,0,0
BRDA:50,2,1,0
BRF:6
BRH:0
end_of_record
TN:
SF:src/screens/setup/SubscriptionStep.tsx
FN:19,SubscriptionStep
FN:54,onPress
FN:73,onPress
FNF:3
FNH:0
FNDA:0,SubscriptionStep
FNDA:0,onPress
FNDA:0,onPress
DA:1,0
DA:2,0
DA:3,0
DA:4,0
DA:5,0
DA:6,0
DA:19,0
DA:20,0
DA:21,0
DA:22,0
DA:23,0
DA:24,0
DA:25,0
DA:26,0
DA:27,0
DA:29,0
DA:31,0
DA:54,0
DA:73,0
LF:19
LH:0
BRDA:53,0,0,0
BRDA:53,0,1,0
BRDA:72,1,0,0
BRDA:72,1,1,0
BRDA:84,2,0,0
BRDA:84,2,1,0
BRDA:84,2,2,0
BRDA:87,3,0,0
BRDA:87,3,1,0
BRDA:89,4,0,0
BRDA:89,4,1,0
BRDA:101,5,0,0
BRDA:101,5,1,0
BRDA:103,6,0,0
BRDA:103,6,1,0
BRF:15
BRH:0
end_of_record
TN:
SF:src/screens/setup/TimeStep.tsx
FN:17,TimeStep
FNF:1
FNH:0
FNDA:0,TimeStep
DA:1,0
DA:2,0
DA:3,0
DA:4,0
DA:5,0
DA:6,0
DA:17,0
DA:18,0
DA:19,0
DA:20,0
DA:21,0
DA:22,0
DA:23,0
DA:25,0
DA:27,0
LF:15
LH:0
BRDA:44,0,0,0
BRDA:44,0,1,0
BRDA:50,1,0,0
BRDA:50,1,1,0
BRDA:52,2,0,0
BRDA:52,2,1,0
BRF:6
BRH:0
end_of_record
TN:
SF:src/screens/setup/XConnectStep.tsx
FN:16,XConnectStep
FNF:1
FNH:0
FNDA:0,XConnectStep
DA:1,0
DA:2,0
DA:3,0
DA:4,0
DA:5,0
DA:6,0
DA:7,0
DA:16,0
DA:17,0
DA:18,0
DA:19,0
DA:20,0
DA:22,0
DA:24,0
LF:14
LH:0
BRDA:41,0,0,0
BRDA:41,0,1,0
BRDA:57,1,0,0
BRDA:57,1,1,0
BRF:4
BRH:0
end_of_record
TN:
SF:src/screens/setup/styles.ts
FNF:0
FNH:0
DA:1,0
DA:2,0
DA:4,0
DA:5,0
DA:6,0
DA:8,0
DA:10,0
DA:20,0
LF:8
LH:0
BRF:0
BRH:0
end_of_record
TN:
SF:src/services/accelerometerService.ts
FN:47,(anonymous_0)
FN:64,(anonymous_2)
FN:69,(anonymous_3)
FN:69,isAvailable
FN:69,(anonymous_5)
FN:76,(anonymous_6)
FN:91,(anonymous_7)
FN:102,(anonymous_8)
FN:76,startListening
FN:124,stopListening
FN:137,setConfig
FN:144,onSquatDetected
FN:151,startCalibration
FN:159,stopCalibration
FN:171,processSquatDetection
FN:232,analyzeCalibrationData
FN:276,findPeaks
FN:307,calculateSquatDurations
FN:335,reset
FN:346,getIsListening
FNF:20
FNH:20
FNDA:2,(anonymous_0)
FNDA:1,(anonymous_2)
FNDA:12,(anonymous_3)
FNDA:12,isAvailable
FNDA:1,(anonymous_5)
FNDA:12,(anonymous_6)
FNDA:25,(anonymous_7)
FNDA:66,(anonymous_8)
FNDA:12,startListening
FNDA:15,stopListening
FNDA:1,setConfig
FNDA:5,onSquatDetected
FNDA:1,startCalibration
FNDA:1,stopCalibration
FNDA:25,processSquatDetection
FNDA:1,analyzeCalibrationData
FNDA:3,findPeaks
FNDA:3,calculateSquatDurations
FNDA:15,reset
FNDA:2,getIsListening
DA:1,1
DA:5,1
DA:41,1
DA:47,1
DA:48,1
DA:49,1
DA:50,1
DA:51,1
DA:54,1
DA:55,1
DA:56,1
DA:57,1
DA:58,1
DA:59,1
DA:62,1
DA:63,1
DA:64,1
DA:69,13
DA:70,12
DA:76,13
DA:77,12
DA:78,1
DA:81,11
DA:82,11
DA:83,1
DA:86,10
DA:89,10
DA:91,10
DA:92,25
DA:100,25
DA:101,25
DA:102,66
DA:105,25
DA:106,1
DA:110,25
DA:111,2
DA:115,25
DA:118,10
DA:125,15
DA:126,10
DA:127,10
DA:129,15
DA:130,15
DA:131,15
DA:138,1
DA:145,5
DA:152,1
DA:153,1
DA:160,1
DA:161,1
DA:162,1
DA:163,1
DA:174,25
DA:177,25
DA:179,25
DA:182,25
DA:183,2
DA:187,23
DA:188,7
DA:192,23
DA:193,6
DA:194,6
DA:195,6
DA:199,23
DA:200,14
DA:203,14
DA:205,4
DA:207,3
DA:208,3
DA:209,3
DA:214,4
DA:215,4
DA:216,4
DA:220,14
DA:221,1
DA:222,1
DA:223,1
DA:238,1
DA:239,1
DA:240,1
DA:243,1
DA:244,1
DA:247,1
DA:248,1
DA:249,1
DA:251,1
DA:252,1
DA:253,1
DA:259,1
DA:266,1
DA:267,1
DA:268,1
DA:270,1
DA:277,3
DA:278,3
DA:280,3
DA:281,3
DA:282,3
DA:285,3
DA:286,3
DA:287,63
DA:288,60
DA:289,60
DA:290,60
DA:291,0
DA:292,0
DA:296,3
DA:297,3
DA:301,3
DA:308,3
DA:309,3
DA:310,3
DA:311,3
DA:313,3
DA:314,63
DA:315,63
DA:317,63
DA:318,3
DA:319,3
DA:320,60
DA:321,3
DA:322,3
DA:323,3
DA:325,3
DA:329,3
DA:336,15
DA:337,15
DA:338,15
DA:339,15
DA:340,15
DA:347,2
DA:352,1
LF:132
LH:130
BRDA:77,0,0,1
BRDA:77,0,1,11
BRDA:82,1,0,1
BRDA:82,1,1,10
BRDA:86,2,0,10
BRDA:86,2,1,9
BRDA:105,3,0,1
BRDA:105,3,1,24
BRDA:110,4,0,2
BRDA:110,4,1,23
BRDA:125,5,0,10
BRDA:125,5,1,5
BRDA:182,6,0,2
BRDA:182,6,1,23
BRDA:187,7,0,7
BRDA:187,7,1,16
BRDA:192,8,0,6
BRDA:192,8,1,17
BRDA:192,9,0,23
BRDA:192,9,1,15
BRDA:199,10,0,14
BRDA:199,10,1,9
BRDA:199,11,0,23
BRDA:199,11,1,14
BRDA:203,12,0,4
BRDA:203,12,1,10
BRDA:205,13,0,3
BRDA:205,13,1,1
BRDA:205,14,0,4
BRDA:205,14,1,3
BRDA:208,15,0,3
BRDA:208,15,1,0
BRDA:220,16,0,1
BRDA:220,16,1,13
BRDA:287,17,0,3
BRDA:287,17,1,60
BRDA:290,18,0,0
BRDA:290,18,1,60
BRDA:296,19,0,3
BRDA:296,19,1,0
BRDA:296,20,0,3
BRDA:296,20,1,3
BRDA:301,21,0,3
BRDA:301,21,1,0
BRDA:317,22,0,3
BRDA:317,22,1,60
BRDA:317,23,0,63
BRDA:317,23,1,32
BRDA:320,24,0,3
BRDA:320,24,1,57
BRDA:320,25,0,60
BRDA:320,25,1,31
BRDA:322,26,0,3
BRDA:322,26,1,0
BRDA:329,27,0,3
BRDA:329,27,1,0
BRF:56
BRH:50
end_of_record
TN:
SF:src/services/alarmService.ts
FN:35,(anonymous_1)
FN:41,(anonymous_3)
FN:46,(anonymous_4)
FN:46,initialize
FN:80,getAlarmState
FN:87,hasPendingAlarm
FN:94,clearPendingAlarm
FN:101,setupForegroundEventHandler
FN:104,(anonymous_10)
FN:108,(anonymous_11)
FN:112,(anonymous_12)
FN:116,(anonymous_13)
FN:124,(anonymous_14)
FN:124,checkLaunchNotification
FN:124,(anonymous_16)
FN:141,(anonymous_17)
FN:141,handleAlarmTriggered
FN:194,setOnAlarmTriggered
FN:196,(anonymous_20)
FN:201,(anonymous_21)
FN:201,scheduleAlarm
FN:201,(anonymous_23)
FN:222,(anonymous_24)
FN:222,cancelAlarm
FN:222,(anonymous_26)
FN:229,(anonymous_27)
FN:229,stopAlarm
FN:229,(anonymous_29)
FN:245,(anonymous_30)
FN:245,rescheduleLocalBackup
FN:245,(anonymous_32)
FN:270,(anonymous_33)
FN:270,snoozeAlarm
FN:270,(anonymous_35)
FN:286,(anonymous_36)
FN:286,updateAlarm
FN:294,isAlarmPlaying
FN:296,(anonymous_39)
FN:302,(anonymous_40)
FN:302,triggerAlarmFromFCM
FN:302,(anonymous_42)
FN:310,(anonymous_43)
FN:310,checkAlarmWindow
FN:310,(anonymous_45)
FN:377,(anonymous_46)
FN:377,checkAndStartAlarmIfNeeded
FN:377,(anonymous_48)
FN:394,(anonymous_49)
FN:394,recordSquatCompletion
FN:394,(anonymous_51)
FN:417,(anonymous_52)
FN:417,recordAlarmFailure
FN:439,cleanup
FNF:53
FNH:50
FNDA:8,(anonymous_1)
FNDA:4,(anonymous_3)
FNDA:38,(anonymous_4)
FNDA:38,initialize
FNDA:4,getAlarmState
FNDA:2,hasPendingAlarm
FNDA:1,clearPendingAlarm
FNDA:3,setupForegroundEventHandler
FNDA:0,(anonymous_10)
FNDA:0,(anonymous_11)
FNDA:0,(anonymous_12)
FNDA:4,(anonymous_13)
FNDA:37,(anonymous_14)
FNDA:37,checkLaunchNotification
FNDA:4,(anonymous_16)
FNDA:5,(anonymous_17)
FNDA:5,handleAlarmTriggered
FNDA:1,setOnAlarmTriggered
FNDA:4,(anonymous_20)
FNDA:25,(anonymous_21)
FNDA:25,scheduleAlarm
FNDA:4,(anonymous_23)
FNDA:2,(anonymous_24)
FNDA:2,cancelAlarm
FNDA:4,(anonymous_26)
FNDA:26,(anonymous_27)
FNDA:26,stopAlarm
FNDA:4,(anonymous_29)
FNDA:26,(anonymous_30)
FNDA:26,rescheduleLocalBackup
FNDA:4,(anonymous_32)
FNDA:1,(anonymous_33)
FNDA:1,snoozeAlarm
FNDA:4,(anonymous_35)
FNDA:1,(anonymous_36)
FNDA:1,updateAlarm
FNDA:2,isAlarmPlaying
FNDA:4,(anonymous_39)
FNDA:3,(anonymous_40)
FNDA:3,triggerAlarmFromFCM
FNDA:4,(anonymous_42)
FNDA:9,(anonymous_43)
FNDA:9,checkAlarmWindow
FNDA:4,(anonymous_45)
FNDA:2,(anonymous_46)
FNDA:2,checkAndStartAlarmIfNeeded
FNDA:4,(anonymous_48)
FNDA:2,(anonymous_49)
FNDA:2,recordSquatCompletion
FNDA:4,(anonymous_51)
FNDA:2,(anonymous_52)
FNDA:2,recordAlarmFailure
FNDA:1,cleanup
DA:2,4
DA:13,4
DA:14,4
DA:15,4
DA:16,4
DA:17,4
DA:18,4
DA:21,4
DA:35,4
DA:36,4
DA:38,4
DA:39,4
DA:40,4
DA:41,4
DA:46,42
DA:47,38
DA:49,34
DA:50,34
DA:53,4
DA:56,4
DA:57,4
DA:58,1
DA:59,1
DA:63,3
DA:66,3
DA:71,3
DA:73,3
DA:74,3
DA:81,4
DA:88,2
DA:95,1
DA:101,3
DA:102,3
DA:105,0
DA:109,0
DA:113,0
DA:116,4
DA:124,41
DA:125,37
DA:126,37
DA:128,37
DA:130,1
DA:131,1
DA:134,0
DA:141,9
DA:142,5
DA:144,5
DA:147,5
DA:148,1
DA:150,1
DA:151,1
DA:152,1
DA:154,1
DA:157,4
DA:158,4
DA:159,4
DA:162,4
DA:165,4
DA:166,4
DA:167,4
DA:168,4
DA:169,4
DA:170,4
DA:171,4
DA:173,0
DA:176,0
DA:180,4
DA:181,4
DA:182,4
DA:185,4
DA:186,2
DA:187,2
DA:195,1
DA:196,4
DA:201,29
DA:202,25
DA:203,1
DA:206,24
DA:207,24
DA:208,24
DA:210,24
DA:212,23
DA:214,1
DA:215,1
DA:222,6
DA:223,2
DA:229,30
DA:230,26
DA:231,26
DA:232,26
DA:233,26
DA:234,26
DA:239,26
DA:245,30
DA:246,26
DA:247,0
DA:250,26
DA:251,26
DA:252,26
DA:253,26
DA:254,5
DA:257,21
DA:263,0
DA:270,5
DA:271,1
DA:272,1
DA:273,1
DA:274,1
DA:275,1
DA:278,1
DA:279,1
DA:280,1
DA:286,5
DA:287,1
DA:288,1
DA:295,2
DA:296,4
DA:302,7
DA:303,3
DA:310,13
DA:311,9
DA:312,0
DA:313,0
DA:316,9
DA:317,9
DA:318,9
DA:320,8
DA:321,1
DA:322,1
DA:325,7
DA:326,7
DA:327,7
DA:329,7
DA:330,1
DA:331,1
DA:336,6
DA:340,6
DA:341,6
DA:343,6
DA:346,6
DA:347,2
DA:348,2
DA:352,4
DA:354,2
DA:359,2
DA:360,1
DA:361,1
DA:365,3
DA:366,3
DA:368,1
DA:369,1
DA:377,6
DA:378,2
DA:380,2
DA:382,1
DA:383,1
DA:384,1
DA:387,1
DA:394,6
DA:395,2
DA:396,0
DA:397,0
DA:400,2
DA:401,2
DA:404,2
DA:407,2
DA:409,0
DA:417,6
DA:418,2
DA:419,0
DA:420,0
DA:423,2
DA:424,2
DA:427,2
DA:430,2
DA:432,0
DA:441,1
DA:446,4
LF:178
LH:162
BRDA:47,0,0,34
BRDA:47,0,1,4
BRDA:57,1,0,1
BRDA:57,1,1,3
BRDA:128,2,0,1
BRDA:128,2,1,36
BRDA:128,3,0,36
BRDA:128,3,1,1
BRDA:128,4,0,37
BRDA:128,4,1,1
BRDA:128,4,2,1
BRDA:147,5,0,1
BRDA:147,5,1,4
BRDA:150,6,0,1
BRDA:150,6,1,0
BRDA:166,7,0,4
BRDA:166,7,1,0
BRDA:170,8,0,4
BRDA:170,8,1,4
BRDA:170,9,0,0
BRDA:170,9,1,4
BRDA:170,10,0,4
BRDA:170,10,1,4
BRDA:185,11,0,2
BRDA:185,11,1,2
BRDA:202,12,0,1
BRDA:202,12,1,24
BRDA:246,13,0,0
BRDA:246,13,1,26
BRDA:252,14,0,0
BRDA:252,14,1,26
BRDA:252,15,0,26
BRDA:252,15,1,26
BRDA:253,16,0,5
BRDA:253,16,1,21
BRDA:259,17,0,21
BRDA:259,17,1,0
BRDA:259,18,0,0
BRDA:259,18,1,21
BRDA:259,19,0,21
BRDA:259,19,1,21
BRDA:260,20,0,21
BRDA:260,20,1,21
BRDA:260,21,0,0
BRDA:260,21,1,21
BRDA:260,22,0,21
BRDA:260,22,1,21
BRDA:311,23,0,0
BRDA:311,23,1,9
BRDA:320,24,0,1
BRDA:320,24,1,7
BRDA:326,25,0,0
BRDA:326,25,1,7
BRDA:327,26,0,0
BRDA:327,26,1,7
BRDA:329,27,0,1
BRDA:329,27,1,6
BRDA:336,28,0,0
BRDA:336,28,1,6
BRDA:346,29,0,2
BRDA:346,29,1,4
BRDA:352,30,0,2
BRDA:352,30,1,2
BRDA:354,31,0,0
BRDA:354,31,1,2
BRDA:359,32,0,1
BRDA:359,32,1,1
BRDA:380,33,0,1
BRDA:380,33,1,1
BRDA:395,34,0,0
BRDA:395,34,1,2
BRDA:418,35,0,0
BRDA:418,35,1,2
BRF:73
BRH:58
end_of_record
TN:
SF:src/services/audioService.ts
FN:7,(anonymous_0)
FN:10,(anonymous_2)
FN:16,(anonymous_3)
FN:16,initializeAudioMode
FN:16,(anonymous_5)
FN:33,(anonymous_6)
FN:33,playAlarmSound
FN:33,(anonymous_8)
FN:97,(anonymous_9)
FN:97,stopAlarmSound
FN:97,(anonymous_11)
FN:115,(anonymous_12)
FN:115,pauseAlarmSound
FN:115,(anonymous_14)
FN:129,(anonymous_15)
FN:129,resumeAlarmSound
FN:129,(anonymous_17)
FN:144,(anonymous_18)
FN:144,setVolume
FN:157,getIsPlaying
FN:159,(anonymous_21)
FN:164,(anonymous_22)
FN:169,(anonymous_23)
FN:164,playPreview
FNF:24
FNH:24
FNDA:2,(anonymous_0)
FNDA:1,(anonymous_2)
FNDA:12,(anonymous_3)
FNDA:12,initializeAudioMode
FNDA:1,(anonymous_5)
FNDA:10,(anonymous_6)
FNDA:10,playAlarmSound
FNDA:1,(anonymous_8)
FNDA:25,(anonymous_9)
FNDA:25,stopAlarmSound
FNDA:1,(anonymous_11)
FNDA:2,(anonymous_12)
FNDA:2,pauseAlarmSound
FNDA:1,(anonymous_14)
FNDA:1,(anonymous_15)
FNDA:1,resumeAlarmSound
FNDA:1,(anonymous_17)
FNDA:2,(anonymous_18)
FNDA:2,setVolume
FNDA:6,getIsPlaying
FNDA:1,(anonymous_21)
FNDA:1,(anonymous_22)
FNDA:1,(anonymous_23)
FNDA:1,playPreview
DA:1,1
DA:2,1
DA:5,1
DA:7,1
DA:8,1
DA:9,1
DA:10,1
DA:16,13
DA:17,12
DA:18,12
DA:24,1
DA:33,11
DA:34,10
DA:36,10
DA:38,10
DA:41,10
DA:42,10
DA:43,10
DA:46,10
DA:48,10
DA:53,2
DA:54,2
DA:55,8
DA:57,1
DA:58,1
DA:59,7
DA:61,7
DA:62,7
DA:65,0
DA:66,0
DA:70,10
DA:71,10
DA:72,9
DA:75,9
DA:76,9
DA:79,9
DA:80,9
DA:81,9
DA:83,9
DA:84,9
DA:86,1
DA:88,1
DA:89,1
DA:97,26
DA:98,25
DA:99,9
DA:100,9
DA:101,9
DA:103,0
DA:105,9
DA:106,9
DA:107,9
DA:115,3
DA:116,2
DA:117,2
DA:118,2
DA:119,2
DA:121,0
DA:129,2
DA:130,1
DA:131,1
DA:132,1
DA:133,1
DA:135,0
DA:144,3
DA:145,2
DA:146,2
DA:147,2
DA:149,0
DA:158,6
DA:159,1
DA:164,2
DA:165,1
DA:166,1
DA:169,1
DA:170,1
DA:173,0
DA:179,1
LF:78
LH:71
BRDA:33,0,0,3
BRDA:33,0,1,7
BRDA:33,1,0,10
BRDA:33,1,1,3
BRDA:48,2,0,2
BRDA:48,2,1,8
BRDA:49,3,0,10
BRDA:49,3,1,3
BRDA:55,4,0,1
BRDA:55,4,1,7
BRDA:59,5,0,7
BRDA:59,5,1,0
BRDA:88,6,0,1
BRDA:88,6,1,0
BRDA:98,7,0,9
BRDA:98,7,1,16
BRDA:116,8,0,2
BRDA:116,8,1,0
BRDA:116,9,0,2
BRDA:116,9,1,2
BRDA:130,10,0,1
BRDA:130,10,1,0
BRDA:130,11,0,1
BRDA:130,11,1,1
BRDA:145,12,0,2
BRDA:145,12,1,0
BRF:26
BRH:21
end_of_record
TN:
SF:src/services/authService.ts
FN:16,(anonymous_0)
FN:16,(anonymous_1)
FN:16,checkIsAdmin
FN:29,(anonymous_3)
FN:29,(anonymous_4)
FN:29,convertToAppUser
FN:41,(anonymous_6)
FN:41,(anonymous_7)
FN:41,createOrUpdateUserProfile
FN:76,(anonymous_9)
FN:76,(anonymous_10)
FN:76,signInWithGoogle
FN:93,(anonymous_12)
FN:93,(anonymous_13)
FN:93,signInWithApple
FN:114,(anonymous_15)
FN:114,(anonymous_16)
FN:114,signOut
FN:119,subscribeToAuthState
FN:124,(anonymous_19)
FN:124,(anonymous_20)
FN:124,deleteAccount
FN:145,getCurrentUser
FNF:23
FNH:21
FNDA:1,(anonymous_0)
FNDA:7,(anonymous_1)
FNDA:7,checkIsAdmin
FNDA:1,(anonymous_3)
FNDA:4,(anonymous_4)
FNDA:4,convertToAppUser
FNDA:1,(anonymous_6)
FNDA:4,(anonymous_7)
FNDA:4,createOrUpdateUserProfile
FNDA:1,(anonymous_9)
FNDA:1,(anonymous_10)
FNDA:1,signInWithGoogle
FNDA:1,(anonymous_12)
FNDA:1,(anonymous_13)
FNDA:1,signInWithApple
FNDA:1,(anonymous_15)
FNDA:1,(anonymous_16)
FNDA:1,signOut
FNDA:0,subscribeToAuthState
FNDA:1,(anonymous_19)
FNDA:2,(anonymous_20)
FNDA:2,deleteAccount
FNDA:0,getCurrentUser
DA:1,1
DA:9,1
DA:10,1
DA:11,1
DA:13,1
DA:16,8
DA:17,7
DA:18,7
DA:19,7
DA:20,7
DA:21,6
DA:23,1
DA:24,1
DA:26,1
DA:29,5
DA:30,4
DA:31,4
DA:38,1
DA:41,5
DA:42,4
DA:43,4
DA:44,4
DA:46,4
DA:48,3
DA:55,1
DA:67,1
DA:70,0
DA:71,0
DA:73,1
DA:76,2
DA:78,1
DA:81,1
DA:83,1
DA:84,0
DA:87,1
DA:88,1
DA:89,1
DA:90,1
DA:93,2
DA:95,1
DA:96,1
DA:102,1
DA:104,1
DA:105,0
DA:108,1
DA:109,1
DA:110,1
DA:111,1
DA:114,2
DA:115,1
DA:116,1
DA:119,1
DA:120,0
DA:124,3
DA:125,2
DA:129,2
DA:130,2
DA:134,2
DA:135,2
DA:136,1
DA:139,0
DA:140,0
DA:142,1
DA:145,1
DA:146,0
LF:65
LH:57
BRDA:46,0,0,3
BRDA:46,0,1,1
BRDA:83,1,0,0
BRDA:83,1,1,1
BRDA:104,2,0,0
BRDA:104,2,1,1
BRDA:135,3,0,1
BRDA:135,3,1,1
BRDA:135,4,0,2
BRDA:135,4,1,2
BRF:10
BRH:8
end_of_record
TN:
SF:src/services/fcmService.ts
FN:10,(anonymous_1)
FN:10,(anonymous_2)
FN:10,requestNotificationPermission
FN:33,(anonymous_4)
FN:33,(anonymous_5)
FN:33,getFCMToken
FN:52,(anonymous_7)
FN:52,(anonymous_8)
FN:52,saveFCMTokenToFirestore
FN:69,(anonymous_10)
FN:69,(anonymous_11)
FN:99,(anonymous_12)
FN:99,(anonymous_13)
FN:102,(anonymous_14)
FN:69,initializeFCM
FN:111,setForegroundMessageHandler
FN:114,(anonymous_17)
FN:114,(anonymous_18)
FN:117,(anonymous_19)
FN:123,(anonymous_20)
FN:124,(anonymous_21)
FN:123,getInitialNotification
FN:140,setNotificationOpenedHandler
FN:143,(anonymous_24)
FN:152,(anonymous_25)
FN:152,(anonymous_26)
FN:152,checkNotificationPermission
FNF:27
FNH:22
FNDA:1,(anonymous_1)
FNDA:8,(anonymous_2)
FNDA:8,requestNotificationPermission
FNDA:1,(anonymous_4)
FNDA:4,(anonymous_5)
FNDA:4,getFCMToken
FNDA:1,(anonymous_7)
FNDA:3,(anonymous_8)
FNDA:3,saveFCMTokenToFirestore
FNDA:1,(anonymous_10)
FNDA:4,(anonymous_11)
FNDA:1,(anonymous_12)
FNDA:0,(anonymous_13)
FNDA:0,(anonymous_14)
FNDA:4,initializeFCM
FNDA:1,setForegroundMessageHandler
FNDA:1,(anonymous_17)
FNDA:0,(anonymous_18)
FNDA:0,(anonymous_19)
FNDA:1,(anonymous_20)
FNDA:3,(anonymous_21)
FNDA:3,getInitialNotification
FNDA:1,setNotificationOpenedHandler
FNDA:0,(anonymous_24)
FNDA:1,(anonymous_25)
FNDA:3,(anonymous_26)
FNDA:3,checkNotificationPermission
DA:1,1
DA:2,1
DA:3,1
DA:4,1
DA:5,1
DA:10,9
DA:11,8
DA:12,8
DA:14,6
DA:17,6
DA:18,4
DA:20,2
DA:23,6
DA:25,2
DA:26,2
DA:28,1
DA:33,5
DA:34,4
DA:36,4
DA:37,4
DA:40,4
DA:41,3
DA:42,3
DA:44,1
DA:45,1
DA:47,1
DA:52,4
DA:53,3
DA:54,3
DA:55,3
DA:59,2
DA:61,1
DA:62,1
DA:64,1
DA:69,5
DA:70,4
DA:72,4
DA:74,4
DA:75,4
DA:76,4
DA:78,4
DA:79,2
DA:80,2
DA:84,2
DA:85,2
DA:86,2
DA:88,2
DA:89,1
DA:90,1
DA:94,1
DA:95,1
DA:96,1
DA:99,1
DA:100,0
DA:101,0
DA:102,1
DA:104,0
DA:106,1
DA:111,1
DA:114,1
DA:115,0
DA:116,0
DA:117,1
DA:123,4
DA:125,3
DA:126,3
DA:127,2
DA:128,1
DA:130,2
DA:132,1
DA:133,1
DA:135,1
DA:140,1
DA:143,1
DA:144,0
DA:145,0
DA:152,4
DA:153,3
DA:154,3
DA:155,2
DA:160,1
DA:161,1
DA:163,1
LF:83
LH:76
BRDA:14,0,0,6
BRDA:14,0,1,3
BRDA:17,1,0,4
BRDA:17,1,1,2
BRDA:36,2,0,4
BRDA:36,2,1,0
BRDA:78,3,0,2
BRDA:78,3,1,2
BRDA:86,4,0,1
BRDA:86,4,1,1
BRDA:88,5,0,1
BRDA:88,5,1,1
BRDA:127,6,0,1
BRDA:127,6,1,1
BRDA:156,7,0,2
BRDA:156,7,1,1
BRF:16
BRH:15
end_of_record
TN:
SF:src/services/firebase.ts
FNF:0
FNH:0
DA:1,0
DA:2,0
DA:4,0
DA:5,0
DA:6,0
DA:7,0
DA:8,0
DA:9,0
DA:12,0
DA:14,0
DA:15,0
DA:24,0
DA:25,0
DA:27,0
DA:31,0
DA:32,0
DA:36,0
DA:37,0
DA:39,0
DA:41,0
LF:20
LH:0
BRDA:12,0,0,0
BRDA:12,0,1,0
BRDA:12,1,0,0
BRDA:12,1,1,0
BRDA:14,2,0,0
BRDA:14,2,1,0
BRDA:14,3,0,0
BRDA:14,3,1,0
BRDA:24,4,0,0
BRDA:24,4,1,0
BRF:10
BRH:0
end_of_record
TN:
SF:src/services/healthKitService.ts
FN:10,(anonymous_0)
FN:12,(anonymous_2)
FN:18,(anonymous_3)
FN:18,checkAvailability
FN:18,(anonymous_5)
FN:37,(anonymous_6)
FN:37,initialize
FN:78,isReady
FN:80,(anonymous_9)
FN:89,(anonymous_10)
FN:89,saveSquatWorkout
FNF:11
FNH:11
FNDA:8,(anonymous_0)
FNDA:4,(anonymous_2)
FNDA:3,(anonymous_3)
FNDA:3,checkAvailability
FNDA:4,(anonymous_5)
FNDA:4,(anonymous_6)
FNDA:4,initialize
FNDA:4,isReady
FNDA:4,(anonymous_9)
FNDA:3,(anonymous_10)
FNDA:3,saveSquatWorkout
DA:1,4
DA:7,4
DA:8,4
DA:10,4
DA:11,4
DA:12,4
DA:18,7
DA:19,3
DA:20,1
DA:23,2
DA:24,2
DA:25,1
DA:26,1
DA:28,1
DA:29,1
DA:37,8
DA:38,4
DA:39,2
DA:40,2
DA:43,2
DA:44,1
DA:45,1
DA:48,1
DA:49,1
DA:52,1
DA:53,1
DA:54,0
DA:55,0
DA:59,1
DA:64,1
DA:65,1
DA:66,1
DA:67,1
DA:69,0
DA:70,0
DA:71,0
DA:79,4
DA:80,4
DA:89,7
DA:90,3
DA:91,1
DA:92,1
DA:93,1
DA:94,1
DA:95,1
DA:99,2
DA:101,2
DA:102,2
DA:106,2
DA:117,1
DA:122,1
DA:124,1
DA:125,1
DA:131,4
LF:54
LH:49
BRDA:19,0,0,1
BRDA:19,0,1,2
BRDA:38,1,0,2
BRDA:38,1,1,2
BRDA:43,2,0,1
BRDA:43,2,1,1
BRDA:53,3,0,0
BRDA:53,3,1,1
BRDA:79,4,0,4
BRDA:79,4,1,3
BRDA:79,4,2,3
BRDA:90,5,0,1
BRDA:90,5,1,2
BRDA:93,6,0,1
BRDA:93,6,1,0
BRDA:120,7,0,0
BRDA:120,7,1,1
BRF:17
BRH:14
end_of_record
TN:
SF:src/services/historyService.ts
FN:20,(anonymous_0)
FN:20,(anonymous_1)
FN:20,getWakeUpHistory
FN:39,(anonymous_3)
FN:39,(anonymous_4)
FN:39,createWakeUpHistory
FN:49,(anonymous_6)
FN:49,(anonymous_7)
FN:49,updateWakeUpHistory
FN:63,(anonymous_9)
FN:63,(anonymous_10)
FN:63,recordWakeUpSuccess
FN:86,(anonymous_12)
FN:86,(anonymous_13)
FN:86,recordWakeUpFailure
FN:109,(anonymous_15)
FN:109,(anonymous_16)
FN:109,updatePenaltyPostStatus
FN:129,(anonymous_18)
FN:129,(anonymous_19)
FN:129,recordWakeUpHistory
FN:195,(anonymous_21)
FN:195,(anonymous_22)
FN:212,(anonymous_23)
FN:195,getWeeklyHistory
FN:223,(anonymous_25)
FN:223,(anonymous_26)
FN:251,(anonymous_27)
FN:223,getLastWeekHistory
FN:262,(anonymous_29)
FN:262,(anonymous_30)
FN:283,(anonymous_31)
FN:262,getMonthlyHistory
FN:294,calculateWeeklyStats
FN:298,(anonymous_34)
FN:306,(anonymous_35)
FN:306,(anonymous_36)
FN:317,(anonymous_37)
FN:306,getRecentHistory
FNF:39
FNH:39
FNDA:2,(anonymous_0)
FNDA:3,(anonymous_1)
FNDA:3,getWakeUpHistory
FNDA:2,(anonymous_3)
FNDA:15,(anonymous_4)
FNDA:15,createWakeUpHistory
FNDA:2,(anonymous_6)
FNDA:4,(anonymous_7)
FNDA:4,updateWakeUpHistory
FNDA:2,(anonymous_9)
FNDA:2,(anonymous_10)
FNDA:2,recordWakeUpSuccess
FNDA:2,(anonymous_12)
FNDA:2,(anonymous_13)
FNDA:2,recordWakeUpFailure
FNDA:2,(anonymous_15)
FNDA:2,(anonymous_16)
FNDA:2,updatePenaltyPostStatus
FNDA:2,(anonymous_18)
FNDA:9,(anonymous_19)
FNDA:9,recordWakeUpHistory
FNDA:2,(anonymous_21)
FNDA:2,(anonymous_22)
FNDA:1,(anonymous_23)
FNDA:2,getWeeklyHistory
FNDA:2,(anonymous_25)
FNDA:2,(anonymous_26)
FNDA:1,(anonymous_27)
FNDA:2,getLastWeekHistory
FNDA:2,(anonymous_29)
FNDA:2,(anonymous_30)
FNDA:1,(anonymous_31)
FNDA:2,getMonthlyHistory
FNDA:2,calculateWeeklyStats
FNDA:2,(anonymous_34)
FNDA:2,(anonymous_35)
FNDA:2,(anonymous_36)
FNDA:1,(anonymous_37)
FNDA:2,getRecentHistory
DA:1,2
DA:15,2
DA:20,5
DA:24,3
DA:25,3
DA:26,3
DA:28,2
DA:29,1
DA:32,1
DA:34,1
DA:35,1
DA:37,2
DA:39,17
DA:40,15
DA:41,15
DA:42,15
DA:44,3
DA:45,3
DA:47,2
DA:49,6
DA:54,4
DA:55,4
DA:56,4
DA:58,2
DA:59,2
DA:61,2
DA:63,4
DA:68,2
DA:69,2
DA:70,2
DA:79,2
DA:81,1
DA:82,1
DA:84,2
DA:86,4
DA:91,2
DA:92,2
DA:93,2
DA:102,2
DA:104,1
DA:105,1
DA:107,2
DA:109,4
DA:115,2
DA:116,2
DA:121,1
DA:122,1
DA:124,2
DA:129,11
DA:136,9
DA:137,9
DA:138,9
DA:139,9
DA:140,9
DA:143,9
DA:153,9
DA:156,9
DA:157,9
DA:159,8
DA:160,7
DA:161,7
DA:166,7
DA:168,5
DA:169,5
DA:170,5
DA:173,2
DA:174,2
DA:175,1
DA:179,7
DA:180,4
DA:183,7
DA:186,8
DA:188,1
DA:189,1
DA:191,2
DA:195,4
DA:196,2
DA:198,2
DA:199,2
DA:200,2
DA:201,2
DA:202,2
DA:204,2
DA:206,2
DA:207,2
DA:209,2
DA:210,1
DA:212,1
DA:213,1
DA:216,1
DA:218,1
DA:219,1
DA:221,2
DA:223,4
DA:224,2
DA:226,2
DA:227,2
DA:228,2
DA:229,2
DA:231,2
DA:232,2
DA:234,2
DA:235,2
DA:237,2
DA:238,2
DA:240,2
DA:241,2
DA:248,2
DA:249,1
DA:251,1
DA:252,1
DA:255,1
DA:257,1
DA:258,1
DA:260,2
DA:262,4
DA:266,2
DA:267,2
DA:268,2
DA:269,2
DA:270,2
DA:272,2
DA:273,2
DA:280,2
DA:281,1
DA:283,1
DA:284,1
DA:287,1
DA:289,1
DA:290,1
DA:292,2
DA:294,2
DA:297,2
DA:298,2
DA:306,4
DA:308,2
DA:310,2
DA:311,2
DA:312,2
DA:314,2
DA:315,1
DA:317,1
DA:318,1
DA:321,1
DA:323,1
DA:324,1
DA:326,2
LF:147
LH:147
BRDA:28,0,0,1
BRDA:28,0,1,1
BRDA:148,1,0,5
BRDA:148,1,1,4
BRDA:159,2,0,7
BRDA:159,2,1,1
BRDA:166,3,0,5
BRDA:166,3,1,2
BRDA:166,4,0,4
BRDA:166,4,1,3
BRDA:169,5,0,2
BRDA:169,5,1,3
BRDA:174,6,0,1
BRDA:174,6,1,1
BRDA:179,7,0,4
BRDA:179,7,1,3
BRDA:201,8,0,0
BRDA:201,8,1,2
BRDA:229,9,0,0
BRDA:229,9,1,2
BRDA:299,10,0,1
BRDA:299,10,1,1
BRDA:308,11,0,1
BRDA:308,11,1,1
BRDA:308,12,0,2
BRDA:308,12,1,1
BRF:26
BRH:24
end_of_record
TN:
SF:src/services/notificationService.ts
FN:26,(anonymous_9)
FN:26,(anonymous_10)
FN:26,createAlarmChannel
FN:45,(anonymous_12)
FN:45,(anonymous_13)
FN:45,requestNotificationPermissions
FN:77,(anonymous_15)
FN:77,(anonymous_16)
FN:77,checkNotificationPermissions
FN:85,getNextOccurrence
FN:120,(anonymous_19)
FN:120,(anonymous_20)
FN:120,scheduleAlarmNotification
FN:217,(anonymous_22)
FN:217,(anonymous_23)
FN:217,scheduleAlarmRepeatNotifications
FN:275,(anonymous_25)
FN:275,(anonymous_26)
FN:275,cancelAlarmRepeatNotifications
FN:296,(anonymous_28)
FN:296,(anonymous_29)
FN:296,cancelAllAlarmNotifications
FN:304,(anonymous_31)
FN:304,(anonymous_32)
FN:304,cancelNotification
FN:311,(anonymous_34)
FN:311,(anonymous_35)
FN:311,getScheduledNotifications
FN:318,(anonymous_37)
FN:318,(anonymous_38)
FN:318,dismissAllNotifications
FN:325,setForegroundEventHandler
FN:330,(anonymous_41)
FN:363,setBackgroundEventHandler
FN:364,(anonymous_43)
FN:364,(anonymous_44)
FN:433,(anonymous_45)
FN:439,(anonymous_46)
FN:439,(anonymous_47)
FN:439,getInitialNotification
FN:446,(anonymous_49)
FN:446,(anonymous_50)
FN:446,scheduleOneTimeAlarm
FN:494,(anonymous_52)
FN:494,(anonymous_53)
FN:494,displayImmediateNotification
FN:517,(anonymous_55)
FN:517,(anonymous_56)
FN:517,scheduleSuccessNotification
FN:536,(anonymous_58)
FN:536,(anonymous_59)
FN:536,scheduleFailureNotification
FN:553,(anonymous_61)
FN:553,(anonymous_62)
FN:553,setNotificationCategories
FNF:55
FNH:55
FNDA:3,(anonymous_9)
FNDA:3,(anonymous_10)
FNDA:3,createAlarmChannel
FNDA:3,(anonymous_12)
FNDA:4,(anonymous_13)
FNDA:4,requestNotificationPermissions
FNDA:3,(anonymous_15)
FNDA:2,(anonymous_16)
FNDA:2,checkNotificationPermissions
FNDA:9,getNextOccurrence
FNDA:3,(anonymous_19)
FNDA:2,(anonymous_20)
FNDA:2,scheduleAlarmNotification
FNDA:3,(anonymous_22)
FNDA:1,(anonymous_23)
FNDA:1,scheduleAlarmRepeatNotifications
FNDA:3,(anonymous_25)
FNDA:2,(anonymous_26)
FNDA:2,cancelAlarmRepeatNotifications
FNDA:3,(anonymous_28)
FNDA:3,(anonymous_29)
FNDA:3,cancelAllAlarmNotifications
FNDA:3,(anonymous_31)
FNDA:1,(anonymous_32)
FNDA:1,cancelNotification
FNDA:3,(anonymous_34)
FNDA:1,(anonymous_35)
FNDA:1,getScheduledNotifications
FNDA:3,(anonymous_37)
FNDA:1,(anonymous_38)
FNDA:1,dismissAllNotifications
FNDA:3,setForegroundEventHandler
FNDA:5,(anonymous_41)
FNDA:3,setBackgroundEventHandler
FNDA:3,(anonymous_43)
FNDA:3,(anonymous_44)
FNDA:3,(anonymous_45)
FNDA:3,(anonymous_46)
FNDA:1,(anonymous_47)
FNDA:1,getInitialNotification
FNDA:3,(anonymous_49)
FNDA:1,(anonymous_50)
FNDA:1,scheduleOneTimeAlarm
FNDA:3,(anonymous_52)
FNDA:1,(anonymous_53)
FNDA:1,displayImmediateNotification
FNDA:3,(anonymous_55)
FNDA:1,(anonymous_56)
FNDA:1,scheduleSuccessNotification
FNDA:3,(anonymous_58)
FNDA:1,(anonymous_59)
FNDA:1,scheduleFailureNotification
FNDA:3,(anonymous_61)
FNDA:1,(anonymous_62)
FNDA:1,setNotificationCategories
DA:1,3
DA:13,3
DA:16,3
DA:19,3
DA:21,3
DA:26,6
DA:27,3
DA:40,3
DA:45,7
DA:47,4
DA:54,4
DA:55,1
DA:56,1
DA:60,3
DA:61,2
DA:64,2
DA:65,2
DA:67,1
DA:71,3
DA:72,3
DA:77,5
DA:78,2
DA:79,2
DA:80,3
DA:85,3
DA:90,9
DA:91,9
DA:94,9
DA:97,9
DA:98,9
DA:101,9
DA:102,1
DA:105,9
DA:107,9
DA:114,3
DA:120,5
DA:127,2
DA:129,2
DA:132,2
DA:135,2
DA:137,2
DA:141,9
DA:142,9
DA:145,9
DA:155,9
DA:208,9
DA:211,2
DA:212,3
DA:217,4
DA:221,1
DA:222,1
DA:224,1
DA:225,10
DA:227,10
DA:235,10
DA:266,10
DA:269,1
DA:270,3
DA:275,5
DA:276,2
DA:278,2
DA:279,3
DA:280,2
DA:285,2
DA:286,2
DA:287,2
DA:288,1
DA:291,3
DA:296,6
DA:297,3
DA:298,3
DA:299,3
DA:304,4
DA:305,1
DA:306,3
DA:311,4
DA:312,1
DA:313,3
DA:318,4
DA:319,1
DA:320,3
DA:325,3
DA:330,5
DA:331,5
DA:333,5
DA:334,1
DA:337,4
DA:340,1
DA:341,1
DA:345,1
DA:346,1
DA:349,2
DA:350,1
DA:351,1
DA:352,1
DA:354,2
DA:363,3
DA:364,3
DA:365,3
DA:367,3
DA:368,1
DA:371,2
DA:375,0
DA:378,2
DA:380,1
DA:381,1
DA:389,1
DA:421,1
DA:422,1
DA:424,1
DA:426,1
DA:427,1
DA:428,1
DA:431,2
DA:433,6
DA:439,4
DA:440,1
DA:441,3
DA:446,4
DA:451,1
DA:459,1
DA:489,3
DA:494,4
DA:499,1
DA:512,3
DA:517,4
DA:518,1
DA:531,3
DA:536,4
DA:537,1
DA:550,3
DA:553,4
DA:554,1
DA:570,3
LF:134
LH:133
BRDA:54,0,0,1
BRDA:54,0,1,3
BRDA:60,1,0,2
BRDA:60,1,1,1
BRDA:65,2,0,1
BRDA:65,2,1,1
BRDA:101,3,0,1
BRDA:101,3,1,8
BRDA:101,4,0,9
BRDA:101,4,1,8
BRDA:101,4,2,2
BRDA:135,5,0,1
BRDA:135,5,1,1
BRDA:279,6,0,2
BRDA:279,6,1,1
BRDA:287,7,0,1
BRDA:287,7,1,1
BRDA:287,8,0,2
BRDA:287,8,1,2
BRDA:333,9,0,1
BRDA:333,9,1,4
BRDA:333,10,0,0
BRDA:333,10,1,5
BRDA:333,11,0,5
BRDA:333,11,1,5
BRDA:337,12,0,1
BRDA:337,12,1,1
BRDA:337,12,2,2
BRDA:349,13,0,1
BRDA:349,13,1,1
BRDA:349,14,0,0
BRDA:349,14,1,2
BRDA:351,15,0,1
BRDA:351,15,1,0
BRDA:351,16,0,0
BRDA:351,16,1,1
BRDA:367,17,0,1
BRDA:367,17,1,2
BRDA:367,18,0,0
BRDA:367,18,1,3
BRDA:367,19,0,3
BRDA:367,19,1,3
BRDA:371,20,0,0
BRDA:371,20,1,2
BRDA:378,21,0,1
BRDA:378,21,1,1
BRDA:378,22,0,0
BRDA:378,22,1,2
BRDA:392,23,0,1
BRDA:392,23,1,0
BRDA:392,24,0,0
BRDA:392,24,1,1
BRDA:393,25,0,1
BRDA:393,25,1,0
BRDA:393,26,0,0
BRDA:393,26,1,1
BRDA:421,27,0,1
BRDA:421,27,1,0
BRDA:421,28,0,1
BRDA:421,28,1,1
BRDA:424,29,0,1
BRDA:424,29,1,0
BRDA:424,30,0,0
BRDA:424,30,1,1
BRDA:427,31,0,1
BRDA:427,31,1,0
BRDA:427,32,0,1
BRDA:427,32,1,1
BRF:68
BRH:53
end_of_record
TN:
SF:src/services/offlineService.ts
FN:36,initializeOfflineService
FN:37,(anonymous_2)
FN:42,(anonymous_3)
FN:56,addNetworkListener
FN:58,(anonymous_5)
FN:59,(anonymous_6)
FN:66,(anonymous_7)
FN:66,(anonymous_8)
FN:66,checkIsOnline
FN:75,getIsOnline
FN:82,(anonymous_11)
FN:82,(anonymous_12)
FN:82,cacheUserData
FN:98,(anonymous_14)
FN:98,(anonymous_15)
FN:98,getCachedUserData
FN:116,(anonymous_17)
FN:116,(anonymous_18)
FN:116,clearCachedUserData
FN:129,(anonymous_20)
FN:129,(anonymous_21)
FN:129,addPendingOperation
FN:149,(anonymous_23)
FN:149,(anonymous_24)
FN:149,getPendingOperations
FN:162,(anonymous_26)
FN:162,(anonymous_27)
FN:165,(anonymous_28)
FN:162,removePendingOperation
FN:175,(anonymous_30)
FN:175,(anonymous_31)
FN:175,clearPendingOperations
FN:188,(anonymous_33)
FN:188,(anonymous_34)
FN:188,syncPendingOperations
FN:219,(anonymous_36)
FN:219,(anonymous_37)
FN:219,executeOperation
FN:243,(anonymous_39)
FN:243,(anonymous_40)
FN:243,updateLastSync
FN:254,(anonymous_42)
FN:254,(anonymous_43)
FN:254,getLastSync
FN:269,(anonymous_45)
FN:269,(anonymous_46)
FN:269,getUserDataOfflineAware
FN:293,(anonymous_48)
FN:293,(anonymous_49)
FN:293,updateUserSettingsOfflineAware
FN:329,(anonymous_51)
FN:329,(anonymous_52)
FN:329,recordWakeUpHistoryOfflineAware
FN:350,(anonymous_54)
FN:350,(anonymous_55)
FN:350,hasPendingOperations
FNF:56
FNH:51
FNDA:2,initializeOfflineService
FNDA:1,(anonymous_2)
FNDA:1,(anonymous_3)
FNDA:1,addNetworkListener
FNDA:0,(anonymous_5)
FNDA:0,(anonymous_6)
FNDA:1,(anonymous_7)
FNDA:20,(anonymous_8)
FNDA:20,checkIsOnline
FNDA:0,getIsOnline
FNDA:1,(anonymous_11)
FNDA:11,(anonymous_12)
FNDA:11,cacheUserData
FNDA:1,(anonymous_14)
FNDA:14,(anonymous_15)
FNDA:14,getCachedUserData
FNDA:1,(anonymous_17)
FNDA:1,(anonymous_18)
FNDA:1,clearCachedUserData
FNDA:1,(anonymous_20)
FNDA:10,(anonymous_21)
FNDA:10,addPendingOperation
FNDA:1,(anonymous_23)
FNDA:24,(anonymous_24)
FNDA:24,getPendingOperations
FNDA:1,(anonymous_26)
FNDA:2,(anonymous_27)
FNDA:3,(anonymous_28)
FNDA:2,removePendingOperation
FNDA:1,(anonymous_30)
FNDA:1,(anonymous_31)
FNDA:1,clearPendingOperations
FNDA:1,(anonymous_33)
FNDA:3,(anonymous_34)
FNDA:3,syncPendingOperations
FNDA:1,(anonymous_36)
FNDA:3,(anonymous_37)
FNDA:3,executeOperation
FNDA:1,(anonymous_39)
FNDA:1,(anonymous_40)
FNDA:1,updateLastSync
FNDA:1,(anonymous_42)
FNDA:0,(anonymous_43)
FNDA:0,getLastSync
FNDA:1,(anonymous_45)
FNDA:3,(anonymous_46)
FNDA:3,getUserDataOfflineAware
FNDA:1,(anonymous_48)
FNDA:9,(anonymous_49)
FNDA:9,updateUserSettingsOfflineAware
FNDA:1,(anonymous_51)
FNDA:3,(anonymous_52)
FNDA:3,recordWakeUpHistoryOfflineAware
FNDA:1,(anonymous_54)
FNDA:6,(anonymous_55)
FNDA:6,hasPendingOperations
DA:1,1
DA:2,1
DA:4,1
DA:5,1
DA:8,1
DA:9,1
DA:10,1
DA:30,1
DA:31,1
DA:36,1
DA:37,2
DA:38,1
DA:39,1
DA:42,1
DA:45,1
DA:46,0
DA:50,2
DA:56,1
DA:57,1
DA:58,1
DA:59,0
DA:66,21
DA:67,20
DA:68,20
DA:69,20
DA:70,1
DA:75,1
DA:82,12
DA:83,11
DA:84,11
DA:89,11
DA:91,0
DA:93,1
DA:98,15
DA:99,14
DA:100,14
DA:101,14
DA:103,7
DA:104,7
DA:106,6
DA:108,0
DA:109,0
DA:111,1
DA:116,2
DA:117,1
DA:118,1
DA:120,0
DA:122,1
DA:129,11
DA:132,10
DA:133,10
DA:134,10
DA:139,10
DA:140,10
DA:142,0
DA:144,1
DA:149,25
DA:150,24
DA:151,24
DA:152,24
DA:154,0
DA:155,0
DA:157,1
DA:162,3
DA:163,2
DA:164,2
DA:165,3
DA:166,2
DA:168,0
DA:170,1
DA:175,2
DA:176,1
DA:177,1
DA:179,0
DA:181,1
DA:188,4
DA:189,3
DA:190,3
DA:191,1
DA:194,2
DA:195,2
DA:196,2
DA:198,2
DA:199,3
DA:200,3
DA:201,2
DA:202,2
DA:204,1
DA:205,1
DA:209,2
DA:210,1
DA:213,2
DA:214,1
DA:219,4
DA:220,3
DA:222,2
DA:226,1
DA:229,1
DA:233,1
DA:236,0
DA:238,1
DA:243,2
DA:244,1
DA:245,1
DA:247,0
DA:249,1
DA:254,1
DA:255,0
DA:256,0
DA:257,0
DA:259,0
DA:260,0
DA:262,1
DA:269,4
DA:270,3
DA:272,3
DA:273,2
DA:274,2
DA:275,1
DA:276,1
DA:278,1
DA:280,1
DA:282,1
DA:287,1
DA:288,1
DA:293,10
DA:297,9
DA:299,9
DA:300,1
DA:302,1
DA:303,1
DA:304,1
DA:308,8
DA:315,8
DA:316,8
DA:317,2
DA:321,2
DA:324,1
DA:329,4
DA:333,3
DA:335,3
DA:336,1
DA:339,2
DA:345,1
DA:350,7
DA:351,6
DA:352,6
DA:353,1
LF:148
LH:130
BRDA:39,0,0,1
BRDA:39,0,1,0
BRDA:45,1,0,0
BRDA:45,1,1,1
BRDA:45,2,0,1
BRDA:45,2,1,1
BRDA:68,3,0,20
BRDA:68,3,1,0
BRDA:101,4,0,7
BRDA:101,4,1,7
BRDA:104,5,0,1
BRDA:104,5,1,6
BRDA:152,6,0,12
BRDA:152,6,1,12
BRDA:190,7,0,1
BRDA:190,7,1,2
BRDA:209,8,0,1
BRDA:209,8,1,1
BRDA:220,9,0,2
BRDA:220,9,1,1
BRDA:220,9,2,0
BRDA:257,10,0,0
BRDA:257,10,1,0
BRDA:272,11,0,2
BRDA:272,11,1,1
BRDA:275,12,0,1
BRDA:275,12,1,0
BRDA:299,13,0,1
BRDA:299,13,1,8
BRDA:303,14,0,1
BRDA:303,14,1,0
BRDA:316,15,0,2
BRDA:316,15,1,6
BRDA:335,16,0,1
BRDA:335,16,1,2
BRF:35
BRH:27
end_of_record
TN:
SF:src/services/purchaseService.ts
FN:23,(anonymous_1)
FN:23,(anonymous_2)
FN:23,initializePurchases
FN:38,(anonymous_4)
FN:38,(anonymous_5)
FN:38,setRevenueCatUserId
FN:48,(anonymous_7)
FN:48,(anonymous_8)
FN:48,logoutRevenueCat
FN:57,(anonymous_10)
FN:57,(anonymous_11)
FN:57,checkSubscriptionStatus
FN:77,(anonymous_13)
FN:77,(anonymous_14)
FN:77,getCustomerInfo
FN:87,(anonymous_16)
FN:87,(anonymous_17)
FN:87,getOfferings
FN:98,(anonymous_19)
FN:98,(anonymous_20)
FN:98,purchasePackage
FN:121,(anonymous_22)
FN:121,(anonymous_23)
FN:121,restorePurchases
FN:141,(anonymous_25)
FN:141,(anonymous_26)
FN:141,getSubscriptionExpirationDate
FNF:27
FNH:27
FNDA:2,(anonymous_1)
FNDA:2,(anonymous_2)
FNDA:2,initializePurchases
FNDA:2,(anonymous_4)
FNDA:1,(anonymous_5)
FNDA:1,setRevenueCatUserId
FNDA:2,(anonymous_7)
FNDA:1,(anonymous_8)
FNDA:1,logoutRevenueCat
FNDA:2,(anonymous_10)
FNDA:11,(anonymous_11)
FNDA:11,checkSubscriptionStatus
FNDA:2,(anonymous_13)
FNDA:2,(anonymous_14)
FNDA:2,getCustomerInfo
FNDA:2,(anonymous_16)
FNDA:3,(anonymous_17)
FNDA:3,getOfferings
FNDA:2,(anonymous_19)
FNDA:4,(anonymous_20)
FNDA:4,purchasePackage
FNDA:2,(anonymous_22)
FNDA:3,(anonymous_23)
FNDA:3,restorePurchases
FNDA:2,(anonymous_25)
FNDA:4,(anonymous_26)
FNDA:4,getSubscriptionExpirationDate
DA:1,2
DA:6,2
DA:7,2
DA:10,2
DA:11,2
DA:14,2
DA:17,2
DA:23,4
DA:24,2
DA:25,2
DA:27,2
DA:32,0
DA:33,0
DA:35,2
DA:38,3
DA:39,1
DA:40,1
DA:42,0
DA:43,0
DA:45,2
DA:48,3
DA:49,1
DA:50,1
DA:52,0
DA:54,2
DA:57,13
DA:58,11
DA:60,11
DA:61,10
DA:62,3
DA:66,7
DA:67,5
DA:69,5
DA:71,3
DA:72,3
DA:74,2
DA:77,4
DA:78,2
DA:79,2
DA:81,1
DA:82,1
DA:84,2
DA:87,5
DA:88,3
DA:89,3
DA:90,2
DA:92,1
DA:93,1
DA:95,2
DA:98,6
DA:101,4
DA:102,4
DA:103,2
DA:105,2
DA:111,2
DA:112,1
DA:115,1
DA:116,1
DA:118,2
DA:121,5
DA:126,3
DA:127,3
DA:128,2
DA:130,2
DA:135,1
DA:136,1
DA:138,2
DA:141,6
DA:142,4
DA:143,4
DA:144,3
DA:146,3
DA:147,1
DA:150,2
DA:152,1
DA:153,1
DA:155,2
LF:77
LH:72
BRDA:25,0,0,2
BRDA:25,0,1,0
BRDA:61,1,0,3
BRDA:61,1,1,7
BRDA:111,2,0,1
BRDA:111,2,1,1
BRDA:146,3,0,1
BRDA:146,3,1,2
BRDA:146,4,0,3
BRDA:146,4,1,2
BRF:10
BRH:9
end_of_record
TN:
SF:src/services/userService.ts
FN:27,(anonymous_0)
FN:27,(anonymous_1)
FN:27,getUserDocument
FN:43,(anonymous_3)
FN:43,(anonymous_4)
FN:43,createUserDocument
FN:77,(anonymous_6)
FN:77,(anonymous_7)
FN:77,migrateUserDocumentFields
FN:133,(anonymous_9)
FN:133,(anonymous_10)
FN:133,updateUserDocument
FN:146,(anonymous_12)
FN:146,(anonymous_13)
FN:146,updateUserProfile
FN:165,(anonymous_15)
FN:165,(anonymous_16)
FN:165,getUserSettings
FN:175,(anonymous_18)
FN:175,(anonymous_19)
FN:175,updateUserSettings
FN:214,(anonymous_21)
FN:214,(anonymous_22)
FN:214,getUserStats
FN:224,(anonymous_24)
FN:224,(anonymous_25)
FN:224,updateUserStats
FN:252,(anonymous_27)
FN:252,(anonymous_28)
FN:252,incrementSquatCount
FN:275,(anonymous_30)
FN:275,(anonymous_31)
FN:275,incrementFailureCount
FN:299,(anonymous_33)
FN:299,(anonymous_34)
FN:299,updateSNSConnection
FN:315,(anonymous_36)
FN:315,(anonymous_37)
FN:315,updateXConnection
FN:346,(anonymous_39)
FN:346,(anonymous_40)
FN:346,disconnectX
FN:363,(anonymous_42)
FN:363,(anonymous_43)
FN:363,getSubscriptionStatus
FN:373,(anonymous_45)
FN:373,(anonymous_46)
FN:373,updateSubscriptionStatus
FNF:48
FNH:48
FNDA:2,(anonymous_0)
FNDA:14,(anonymous_1)
FNDA:14,getUserDocument
FNDA:2,(anonymous_3)
FNDA:5,(anonymous_4)
FNDA:5,createUserDocument
FNDA:2,(anonymous_6)
FNDA:4,(anonymous_7)
FNDA:4,migrateUserDocumentFields
FNDA:2,(anonymous_9)
FNDA:2,(anonymous_10)
FNDA:2,updateUserDocument
FNDA:2,(anonymous_12)
FNDA:2,(anonymous_13)
FNDA:2,updateUserProfile
FNDA:2,(anonymous_15)
FNDA:2,(anonymous_16)
FNDA:2,getUserSettings
FNDA:2,(anonymous_18)
FNDA:3,(anonymous_19)
FNDA:3,updateUserSettings
FNDA:2,(anonymous_21)
FNDA:1,(anonymous_22)
FNDA:1,getUserStats
FNDA:2,(anonymous_24)
FNDA:6,(anonymous_25)
FNDA:6,updateUserStats
FNDA:2,(anonymous_27)
FNDA:4,(anonymous_28)
FNDA:4,incrementSquatCount
FNDA:2,(anonymous_30)
FNDA:3,(anonymous_31)
FNDA:3,incrementFailureCount
FNDA:2,(anonymous_33)
FNDA:1,(anonymous_34)
FNDA:1,updateSNSConnection
FNDA:2,(anonymous_36)
FNDA:3,(anonymous_37)
FNDA:3,updateXConnection
FNDA:2,(anonymous_39)
FNDA:2,(anonymous_40)
FNDA:2,disconnectX
FNDA:2,(anonymous_42)
FNDA:1,(anonymous_43)
FNDA:1,getSubscriptionStatus
FNDA:2,(anonymous_45)
FNDA:2,(anonymous_46)
FNDA:2,updateSubscriptionStatus
DA:1,2
DA:10,2
DA:11,2
DA:27,16
DA:28,14
DA:29,14
DA:30,14
DA:32,12
DA:33,4
DA:36,8
DA:38,2
DA:39,2
DA:41,2
DA:43,7
DA:47,5
DA:48,5
DA:49,5
DA:51,5
DA:66,5
DA:68,1
DA:69,1
DA:71,2
DA:77,6
DA:81,4
DA:82,4
DA:84,4
DA:85,4
DA:86,3
DA:88,4
DA:89,3
DA:91,4
DA:92,3
DA:95,4
DA:96,1
DA:99,4
DA:100,4
DA:101,3
DA:104,4
DA:105,3
DA:109,4
DA:110,4
DA:111,3
DA:113,4
DA:114,3
DA:117,4
DA:118,1
DA:121,3
DA:122,3
DA:124,1
DA:125,1
DA:127,2
DA:133,4
DA:137,2
DA:138,2
DA:139,2
DA:141,1
DA:142,1
DA:144,2
DA:146,4
DA:150,2
DA:151,2
DA:152,2
DA:158,1
DA:159,1
DA:161,2
DA:165,4
DA:166,2
DA:167,2
DA:168,2
DA:170,0
DA:171,0
DA:173,2
DA:175,5
DA:179,3
DA:180,3
DA:181,3
DA:183,3
DA:184,2
DA:186,3
DA:187,1
DA:189,3
DA:190,1
DA:192,3
DA:193,1
DA:195,3
DA:196,2
DA:198,3
DA:199,1
DA:201,3
DA:202,1
DA:205,3
DA:207,1
DA:208,1
DA:210,2
DA:214,3
DA:215,1
DA:216,1
DA:217,1
DA:219,0
DA:220,0
DA:222,2
DA:224,8
DA:225,6
DA:226,6
DA:227,6
DA:229,6
DA:230,3
DA:232,6
DA:233,3
DA:235,6
DA:236,5
DA:238,6
DA:239,4
DA:241,6
DA:242,3
DA:245,6
DA:247,1
DA:248,1
DA:250,2
DA:252,6
DA:253,4
DA:254,4
DA:255,3
DA:257,2
DA:258,2
DA:262,2
DA:264,2
DA:270,1
DA:271,1
DA:273,2
DA:275,5
DA:276,3
DA:277,3
DA:278,3
DA:280,2
DA:281,2
DA:284,2
DA:286,2
DA:292,0
DA:293,0
DA:295,2
DA:299,3
DA:304,1
DA:305,1
DA:306,1
DA:310,0
DA:311,0
DA:313,2
DA:315,5
DA:319,3
DA:320,3
DA:321,3
DA:323,3
DA:324,3
DA:326,3
DA:327,2
DA:329,3
DA:330,2
DA:332,3
DA:333,2
DA:335,3
DA:336,2
DA:339,3
DA:341,1
DA:342,1
DA:344,2
DA:346,4
DA:347,2
DA:348,2
DA:356,1
DA:357,1
DA:359,2
DA:363,3
DA:364,1
DA:365,1
DA:366,1
DA:368,0
DA:369,0
DA:371,2
DA:373,4
DA:377,2
DA:378,2
DA:379,2
DA:381,2
DA:382,2
DA:384,2
DA:385,1
DA:387,2
DA:388,1
DA:390,2
DA:391,1
DA:394,2
DA:396,1
DA:397,1
DA:399,2
LF:195
LH:185
BRDA:32,0,0,4
BRDA:32,0,1,8
BRDA:54,1,0,5
BRDA:54,1,1,1
BRDA:55,2,0,5
BRDA:55,2,1,1
BRDA:56,3,0,5
BRDA:56,3,1,4
BRDA:84,4,0,4
BRDA:84,4,1,1
BRDA:85,5,0,3
BRDA:85,5,1,1
BRDA:88,6,0,3
BRDA:88,6,1,1
BRDA:91,7,0,3
BRDA:91,7,1,1
BRDA:95,8,0,1
BRDA:95,8,1,3
BRDA:99,9,0,4
BRDA:99,9,1,2
BRDA:100,10,0,3
BRDA:100,10,1,1
BRDA:104,11,0,3
BRDA:104,11,1,1
BRDA:109,12,0,4
BRDA:109,12,1,3
BRDA:109,13,0,3
BRDA:109,13,1,1
BRDA:110,14,0,3
BRDA:110,14,1,1
BRDA:113,15,0,3
BRDA:113,15,1,1
BRDA:117,16,0,1
BRDA:117,16,1,3
BRDA:168,17,0,2
BRDA:168,17,1,1
BRDA:168,18,0,1
BRDA:168,18,1,1
BRDA:183,19,0,2
BRDA:183,19,1,1
BRDA:186,20,0,1
BRDA:186,20,1,2
BRDA:189,21,0,1
BRDA:189,21,1,2
BRDA:192,22,0,1
BRDA:192,22,1,2
BRDA:195,23,0,2
BRDA:195,23,1,1
BRDA:198,24,0,1
BRDA:198,24,1,2
BRDA:201,25,0,1
BRDA:201,25,1,2
BRDA:217,26,0,1
BRDA:217,26,1,0
BRDA:217,27,0,0
BRDA:217,27,1,1
BRDA:229,28,0,3
BRDA:229,28,1,3
BRDA:232,29,0,3
BRDA:232,29,1,3
BRDA:235,30,0,5
BRDA:235,30,1,1
BRDA:238,31,0,4
BRDA:238,31,1,2
BRDA:241,32,0,3
BRDA:241,32,1,3
BRDA:255,33,0,1
BRDA:255,33,1,2
BRDA:262,34,0,1
BRDA:262,34,1,1
BRDA:278,35,0,1
BRDA:278,35,1,2
BRDA:284,36,0,1
BRDA:284,36,1,1
BRDA:323,37,0,3
BRDA:323,37,1,0
BRDA:326,38,0,2
BRDA:326,38,1,1
BRDA:329,39,0,2
BRDA:329,39,1,1
BRDA:332,40,0,2
BRDA:332,40,1,1
BRDA:335,41,0,2
BRDA:335,41,1,1
BRDA:366,42,0,1
BRDA:366,42,1,0
BRDA:366,43,0,0
BRDA:366,43,1,1
BRDA:381,44,0,2
BRDA:381,44,1,0
BRDA:384,45,0,1
BRDA:384,45,1,1
BRDA:387,46,0,1
BRDA:387,46,1,1
BRDA:390,47,0,1
BRDA:390,47,1,1
BRF:96
BRH:90
end_of_record
TN:
SF:src/services/weeklySummaryService.ts
FN:16,getMondayOfCurrentWeek
FN:28,getMondayOfLastWeek
FN:39,(anonymous_3)
FN:39,(anonymous_4)
FN:39,shouldShowWeeklySummary
FN:60,(anonymous_6)
FN:60,(anonymous_7)
FN:60,markWeeklySummaryShown
FN:72,(anonymous_9)
FN:72,(anonymous_10)
FN:72,getWeeklySummary
FN:101,(anonymous_12)
FN:101,(anonymous_13)
FN:101,resetWeeklySummaryStatus
FNF:14
FNH:14
FNDA:4,getMondayOfCurrentWeek
FNDA:1,getMondayOfLastWeek
FNDA:1,(anonymous_3)
FNDA:4,(anonymous_4)
FNDA:4,shouldShowWeeklySummary
FNDA:1,(anonymous_6)
FNDA:2,(anonymous_7)
FNDA:2,markWeeklySummaryShown
FNDA:1,(anonymous_9)
FNDA:3,(anonymous_10)
FNDA:3,getWeeklySummary
FNDA:1,(anonymous_12)
FNDA:2,(anonymous_13)
FNDA:2,resetWeeklySummaryStatus
DA:1,1
DA:2,1
DA:4,1
DA:16,1
DA:17,4
DA:18,4
DA:19,4
DA:20,4
DA:21,4
DA:22,4
DA:28,1
DA:29,1
DA:30,1
DA:31,1
DA:32,1
DA:39,5
DA:40,4
DA:41,4
DA:42,3
DA:43,3
DA:46,3
DA:47,2
DA:50,1
DA:52,1
DA:53,1
DA:55,1
DA:60,3
DA:61,2
DA:62,2
DA:63,2
DA:65,1
DA:67,1
DA:72,4
DA:73,3
DA:74,3
DA:77,2
DA:78,1
DA:81,1
DA:82,1
DA:83,1
DA:84,1
DA:86,1
DA:93,1
DA:94,1
DA:96,1
DA:101,3
DA:102,2
DA:103,2
DA:105,1
DA:107,1
LF:50
LH:50
BRDA:20,0,0,0
BRDA:20,0,1,4
BRDA:46,1,0,2
BRDA:46,1,1,1
BRDA:46,2,0,3
BRDA:46,2,1,2
BRDA:77,3,0,1
BRDA:77,3,1,1
BRF:8
BRH:7
end_of_record
TN:
SF:src/services/xAuthService.ts
FN:44,(anonymous_10)
FN:44,(anonymous_11)
FN:47,(anonymous_12)
FN:44,generateCodeVerifier
FN:54,(anonymous_14)
FN:54,(anonymous_15)
FN:54,generateCodeChallenge
FN:65,(anonymous_17)
FN:65,(anonymous_18)
FN:68,(anonymous_19)
FN:65,generateState
FN:76,getXCredentials
FN:91,(anonymous_22)
FN:91,(anonymous_23)
FN:91,startXAuth
FN:189,(anonymous_25)
FN:189,(anonymous_26)
FN:189,exchangeCodeForTokens
FN:230,(anonymous_28)
FN:230,(anonymous_29)
FN:230,getXUserInfo
FN:263,(anonymous_31)
FN:263,(anonymous_32)
FN:263,revokeXToken
FNF:24
FNH:24
FNDA:2,(anonymous_10)
FNDA:8,(anonymous_11)
FNDA:256,(anonymous_12)
FNDA:8,generateCodeVerifier
FNDA:2,(anonymous_14)
FNDA:8,(anonymous_15)
FNDA:8,generateCodeChallenge
FNDA:2,(anonymous_17)
FNDA:8,(anonymous_18)
FNDA:128,(anonymous_19)
FNDA:8,generateState
FNDA:15,getXCredentials
FNDA:2,(anonymous_22)
FNDA:9,(anonymous_23)
FNDA:9,startXAuth
FNDA:2,(anonymous_25)
FNDA:3,(anonymous_26)
FNDA:3,exchangeCodeForTokens
FNDA:2,(anonymous_28)
FNDA:2,(anonymous_29)
FNDA:2,getXUserInfo
FNDA:2,(anonymous_31)
FNDA:3,(anonymous_32)
FNDA:3,revokeXToken
DA:2,2
DA:3,2
DA:4,2
DA:5,2
DA:8,2
DA:11,2
DA:12,2
DA:13,2
DA:14,2
DA:16,2
DA:17,2
DA:44,10
DA:45,8
DA:46,8
DA:47,256
DA:49,2
DA:54,10
DA:55,8
DA:59,8
DA:60,2
DA:65,10
DA:66,8
DA:67,8
DA:68,128
DA:70,2
DA:76,2
DA:77,15
DA:79,15
DA:80,1
DA:83,14
DA:91,11
DA:92,9
DA:93,9
DA:94,8
DA:95,8
DA:96,8
DA:99,8
DA:100,8
DA:101,8
DA:102,8
DA:103,8
DA:104,8
DA:105,8
DA:106,8
DA:109,8
DA:111,8
DA:112,2
DA:119,6
DA:120,6
DA:121,6
DA:122,6
DA:124,6
DA:125,1
DA:131,5
DA:132,1
DA:138,4
DA:139,1
DA:146,3
DA:148,3
DA:149,1
DA:156,2
DA:158,2
DA:159,1
DA:165,1
DA:173,1
DA:178,1
DA:179,1
DA:184,2
DA:189,5
DA:193,3
DA:194,3
DA:196,3
DA:197,3
DA:198,3
DA:199,3
DA:200,3
DA:201,3
DA:203,3
DA:211,3
DA:212,1
DA:213,1
DA:219,2
DA:220,2
DA:222,0
DA:223,0
DA:225,2
DA:230,4
DA:233,2
DA:234,2
DA:240,2
DA:241,1
DA:242,1
DA:248,1
DA:249,1
DA:251,0
DA:252,0
DA:254,2
DA:263,5
DA:264,3
DA:265,3
DA:267,3
DA:268,3
DA:269,3
DA:270,3
DA:272,3
DA:280,2
DA:282,1
DA:284,2
LF:108
LH:104
BRDA:77,0,0,0
BRDA:77,0,1,15
BRDA:77,1,0,15
BRDA:77,1,1,15
BRDA:79,2,0,1
BRDA:79,2,1,14
BRDA:79,3,0,15
BRDA:79,3,1,14
BRDA:111,4,0,2
BRDA:111,4,1,6
BRDA:114,5,0,1
BRDA:114,5,1,1
BRDA:124,6,0,1
BRDA:124,6,1,5
BRDA:131,7,0,1
BRDA:131,7,1,4
BRDA:138,8,0,1
BRDA:138,8,1,3
BRDA:148,9,0,1
BRDA:148,9,1,2
BRDA:148,10,0,3
BRDA:148,10,1,2
BRDA:151,11,0,1
BRDA:151,11,1,0
BRDA:158,12,0,1
BRDA:158,12,1,1
BRDA:158,13,0,2
BRDA:158,13,1,1
BRDA:161,14,0,1
BRDA:161,14,1,0
BRDA:178,15,0,1
BRDA:178,15,1,0
BRDA:211,16,0,1
BRDA:211,16,1,2
BRDA:215,17,0,1
BRDA:215,17,1,0
BRDA:222,18,0,0
BRDA:222,18,1,0
BRDA:240,19,0,1
BRDA:240,19,1,1
BRDA:244,20,0,1
BRDA:244,20,1,0
BRDA:251,21,0,0
BRDA:251,21,1,0
BRF:44
BRH:34
end_of_record
TN:
SF:src/utils/logger.ts
FN:7,log
FN:13,warn
FN:16,error
FNF:3
FNH:1
FNDA:161,log
FNDA:0,warn
FNDA:0,error
DA:6,10
DA:8,161
DA:10,161
DA:14,0
DA:17,0
LF:5
LH:3
BRDA:8,0,0,161
BRDA:8,0,1,0
BRF:2
BRH:1
end_of_record
